#! /home1/c/cis5710/tools/bin/vvp
:ivl_version "11.0 (stable)" "(v11_0)";
:ivl_delay_selection "TYPICAL";
:vpi_time_precision - 12;
:vpi_module "/home1/c/cis5710/tools/lib/ivl/system.vpi";
:vpi_module "/home1/c/cis5710/tools/lib/ivl/vhdl_sys.vpi";
:vpi_module "/home1/c/cis5710/tools/lib/ivl/vhdl_textio.vpi";
:vpi_module "/home1/c/cis5710/tools/lib/ivl/v2005_math.vpi";
:vpi_module "/home1/c/cis5710/tools/lib/ivl/va_math.vpi";
S_0xb19190 .scope module, "test_regfile" "test_regfile" 2 16;
 .timescale -9 -12;
v0xb822d0_0 .var "clk", 0 0;
v0xb82390_0 .var/i "errors", 31 0;
v0xb82470_0 .var "expected_rs_A", 15 0;
v0xb82560_0 .var "expected_rs_B", 15 0;
v0xb82640_0 .var "expected_rt_A", 15 0;
v0xb82770_0 .var "expected_rt_B", 15 0;
v0xb82850_0 .var "gwe", 0 0;
v0xb828f0_0 .var/i "input_file", 31 0;
v0xb829d0_0 .var/i "output_file", 31 0;
v0xb82ab0_0 .var "rd_A", 2 0;
v0xb82b70_0 .var "rd_B", 2 0;
v0xb82c40_0 .var "rs_A", 2 0;
v0xb82d10_0 .var "rs_B", 2 0;
v0xb82de0_0 .net "rs_data_A", 15 0, L_0xb8be10;  1 drivers
v0xb82eb0_0 .net "rs_data_B", 15 0, L_0xb8c750;  1 drivers
v0xb82f80_0 .var "rst", 0 0;
v0xb83020_0 .var "rt_A", 2 0;
v0xb83200_0 .var "rt_B", 2 0;
v0xb832d0_0 .net "rt_data_A", 15 0, L_0xb8d110;  1 drivers
v0xb833a0_0 .net "rt_data_B", 15 0, L_0xb8db20;  1 drivers
v0xb83470_0 .var/i "tests", 31 0;
v0xb83530_0 .var "wdata_A", 15 0;
v0xb83620_0 .var "wdata_B", 15 0;
v0xb836f0_0 .var "wen_A", 0 0;
v0xb837c0_0 .var "wen_B", 0 0;
S_0xb09920 .scope task, "printPoints" "printPoints" 3 1, 3 1 0, S_0xb19190;
 .timescale -9 -12;
v0xb136b0_0 .var "actual", 31 0;
v0xb10500_0 .var "possible", 31 0;
TD_test_regfile.printPoints ;
    %vpi_call 3 4 "$display", "<scorePossible>%d</scorePossible>", v0xb10500_0 {0 0 0};
    %vpi_call 3 5 "$display", "<scoreActual>%d</scoreActual>", v0xb136b0_0 {0 0 0};
    %end;
S_0xb0cad0 .scope module, "regfile_ss" "lc4_regfile_ss" 2 54, 4 18 0, S_0xb19190;
 .timescale -9 -12;
    .port_info 0 /INPUT 1 "clk";
    .port_info 1 /INPUT 1 "gwe";
    .port_info 2 /INPUT 1 "rst";
    .port_info 3 /INPUT 3 "i_rs_A";
    .port_info 4 /OUTPUT 16 "o_rs_data_A";
    .port_info 5 /INPUT 3 "i_rt_A";
    .port_info 6 /OUTPUT 16 "o_rt_data_A";
    .port_info 7 /INPUT 3 "i_rs_B";
    .port_info 8 /OUTPUT 16 "o_rs_data_B";
    .port_info 9 /INPUT 3 "i_rt_B";
    .port_info 10 /OUTPUT 16 "o_rt_data_B";
    .port_info 11 /INPUT 3 "i_rd_A";
    .port_info 12 /INPUT 16 "i_wdata_A";
    .port_info 13 /INPUT 1 "i_rd_we_A";
    .port_info 14 /INPUT 3 "i_rd_B";
    .port_info 15 /INPUT 16 "i_wdata_B";
    .port_info 16 /INPUT 1 "i_rd_we_B";
P_0xb6db30 .param/l "n" 0 4 18, +C4<00000000000000000000000000010000>;
L_0xb8b940 .functor AND 1, v0xb837c0_0, L_0xb8b850, C4<1>, C4<1>;
L_0xb8bc60 .functor AND 1, v0xb836f0_0, L_0xb8ba00, C4<1>, C4<1>;
L_0xb8c260 .functor AND 1, v0xb837c0_0, L_0xb8c170, C4<1>, C4<1>;
L_0xb8c5a0 .functor AND 1, v0xb836f0_0, L_0xb8c320, C4<1>, C4<1>;
L_0xb8cbc0 .functor AND 1, v0xb837c0_0, L_0xb8cad0, C4<1>, C4<1>;
L_0xb8cf20 .functor AND 1, v0xb836f0_0, L_0xb8cc80, C4<1>, C4<1>;
L_0xb8d5a0 .functor AND 1, v0xb837c0_0, L_0xb8d4b0, C4<1>, C4<1>;
L_0xb8d920 .functor AND 1, v0xb836f0_0, L_0xb8d660, C4<1>, C4<1>;
v0xb77ac0_0 .net "A_inp", 7 0, L_0xb89980;  1 drivers
v0xb77b80_0 .net "A_rs", 15 0, L_0xb8fac0;  1 drivers
v0xb77c60_0 .net "A_rt", 15 0, L_0xb94480;  1 drivers
v0xb77d50_0 .net "B_inp", 7 0, L_0xb8b510;  1 drivers
v0xb77e30_0 .net "B_rs", 15 0, L_0xb91d30;  1 drivers
v0xb77f60_0 .net "B_rt", 15 0, L_0xb96e60;  1 drivers
L_0x7feddae8d600 .functor BUFT 1, C4<011>, C4<0>, C4<0>, C4<0>;
v0xb78040_0 .net/2u *"_ivl_100", 2 0, L_0x7feddae8d600;  1 drivers
v0xb78120_0 .net *"_ivl_102", 0 0, L_0xb8a070;  1 drivers
L_0x7feddae8d648 .functor BUFT 1, C4<00001000>, C4<0>, C4<0>, C4<0>;
v0xb781e0_0 .net/2u *"_ivl_104", 7 0, L_0x7feddae8d648;  1 drivers
L_0x7feddae8d690 .functor BUFT 1, C4<100>, C4<0>, C4<0>, C4<0>;
v0xb782c0_0 .net/2u *"_ivl_106", 2 0, L_0x7feddae8d690;  1 drivers
v0xb783a0_0 .net *"_ivl_108", 0 0, L_0xb8a2c0;  1 drivers
L_0x7feddae8d6d8 .functor BUFT 1, C4<00010000>, C4<0>, C4<0>, C4<0>;
v0xb78460_0 .net/2u *"_ivl_110", 7 0, L_0x7feddae8d6d8;  1 drivers
L_0x7feddae8d720 .functor BUFT 1, C4<101>, C4<0>, C4<0>, C4<0>;
v0xb78540_0 .net/2u *"_ivl_112", 2 0, L_0x7feddae8d720;  1 drivers
v0xb78620_0 .net *"_ivl_114", 0 0, L_0xb8a3b0;  1 drivers
L_0x7feddae8d768 .functor BUFT 1, C4<00100000>, C4<0>, C4<0>, C4<0>;
v0xb786e0_0 .net/2u *"_ivl_116", 7 0, L_0x7feddae8d768;  1 drivers
L_0x7feddae8d7b0 .functor BUFT 1, C4<110>, C4<0>, C4<0>, C4<0>;
v0xb787c0_0 .net/2u *"_ivl_118", 2 0, L_0x7feddae8d7b0;  1 drivers
v0xb788a0_0 .net *"_ivl_120", 0 0, L_0xb8a610;  1 drivers
L_0x7feddae8d7f8 .functor BUFT 1, C4<01000000>, C4<0>, C4<0>, C4<0>;
v0xb78960_0 .net/2u *"_ivl_122", 7 0, L_0x7feddae8d7f8;  1 drivers
L_0x7feddae8d840 .functor BUFT 1, C4<10000000>, C4<0>, C4<0>, C4<0>;
v0xb78a40_0 .net/2u *"_ivl_124", 7 0, L_0x7feddae8d840;  1 drivers
v0xb78b20_0 .net *"_ivl_126", 7 0, L_0xb8a700;  1 drivers
v0xb78c00_0 .net *"_ivl_128", 7 0, L_0xb8aa10;  1 drivers
v0xb78ce0_0 .net *"_ivl_130", 7 0, L_0xb8aba0;  1 drivers
v0xb78dc0_0 .net *"_ivl_132", 7 0, L_0xb8aec0;  1 drivers
v0xb78ea0_0 .net *"_ivl_134", 7 0, L_0xb8b050;  1 drivers
v0xb78f80_0 .net *"_ivl_136", 7 0, L_0xb8b380;  1 drivers
v0xb79060_0 .net *"_ivl_140", 0 0, L_0xb8b850;  1 drivers
v0xb79120_0 .net *"_ivl_142", 0 0, L_0xb8b940;  1 drivers
v0xb79200_0 .net *"_ivl_144", 0 0, L_0xb8ba00;  1 drivers
v0xb792c0_0 .net *"_ivl_146", 0 0, L_0xb8bc60;  1 drivers
v0xb793a0_0 .net *"_ivl_148", 15 0, L_0xb8bd20;  1 drivers
v0xb79480_0 .net *"_ivl_152", 0 0, L_0xb8c170;  1 drivers
v0xb79540_0 .net *"_ivl_154", 0 0, L_0xb8c260;  1 drivers
v0xb79620_0 .net *"_ivl_156", 0 0, L_0xb8c320;  1 drivers
v0xb798f0_0 .net *"_ivl_158", 0 0, L_0xb8c5a0;  1 drivers
v0xb799d0_0 .net *"_ivl_160", 15 0, L_0xb8c660;  1 drivers
v0xb79ab0_0 .net *"_ivl_164", 0 0, L_0xb8cad0;  1 drivers
v0xb79b70_0 .net *"_ivl_166", 0 0, L_0xb8cbc0;  1 drivers
v0xb79c50_0 .net *"_ivl_168", 0 0, L_0xb8cc80;  1 drivers
v0xb79d10_0 .net *"_ivl_170", 0 0, L_0xb8cf20;  1 drivers
v0xb79df0_0 .net *"_ivl_172", 15 0, L_0xb8d020;  1 drivers
v0xb79ed0_0 .net *"_ivl_176", 0 0, L_0xb8d4b0;  1 drivers
v0xb79f90_0 .net *"_ivl_178", 0 0, L_0xb8d5a0;  1 drivers
v0xb7a070_0 .net *"_ivl_180", 0 0, L_0xb8d660;  1 drivers
v0xb7a130_0 .net *"_ivl_182", 0 0, L_0xb8d920;  1 drivers
v0xb7a210_0 .net *"_ivl_184", 15 0, L_0xb8da30;  1 drivers
L_0x7feddae8d888 .functor BUFT 1, C4<000>, C4<0>, C4<0>, C4<0>;
v0xb7a2f0_0 .net/2u *"_ivl_188", 2 0, L_0x7feddae8d888;  1 drivers
v0xb7a3d0_0 .net *"_ivl_190", 0 0, L_0xb8dee0;  1 drivers
L_0x7feddae8d8d0 .functor BUFT 1, C4<001>, C4<0>, C4<0>, C4<0>;
v0xb7a490_0 .net/2u *"_ivl_193", 2 0, L_0x7feddae8d8d0;  1 drivers
v0xb7a570_0 .net *"_ivl_195", 0 0, L_0xb8df80;  1 drivers
L_0x7feddae8d918 .functor BUFT 1, C4<010>, C4<0>, C4<0>, C4<0>;
v0xb7a630_0 .net/2u *"_ivl_198", 2 0, L_0x7feddae8d918;  1 drivers
v0xb7a710_0 .net *"_ivl_200", 0 0, L_0xb8e2b0;  1 drivers
L_0x7feddae8d960 .functor BUFT 1, C4<011>, C4<0>, C4<0>, C4<0>;
v0xb7a7d0_0 .net/2u *"_ivl_203", 2 0, L_0x7feddae8d960;  1 drivers
v0xb7a8b0_0 .net *"_ivl_205", 0 0, L_0xb8e3a0;  1 drivers
L_0x7feddae8d9a8 .functor BUFT 1, C4<100>, C4<0>, C4<0>, C4<0>;
v0xb7a970_0 .net/2u *"_ivl_208", 2 0, L_0x7feddae8d9a8;  1 drivers
v0xb7aa50_0 .net *"_ivl_210", 0 0, L_0xb8e6e0;  1 drivers
L_0x7feddae8d9f0 .functor BUFT 1, C4<101>, C4<0>, C4<0>, C4<0>;
v0xb7ab10_0 .net/2u *"_ivl_213", 2 0, L_0x7feddae8d9f0;  1 drivers
v0xb7abf0_0 .net *"_ivl_215", 0 0, L_0xb8e7d0;  1 drivers
L_0x7feddae8da38 .functor BUFT 1, C4<110>, C4<0>, C4<0>, C4<0>;
v0xb7acb0_0 .net/2u *"_ivl_218", 2 0, L_0x7feddae8da38;  1 drivers
v0xb7ad90_0 .net *"_ivl_220", 0 0, L_0xb8eb20;  1 drivers
v0xb7ae50_0 .net *"_ivl_224", 15 0, L_0xb8ec10;  1 drivers
v0xb7af30_0 .net *"_ivl_226", 15 0, L_0xb8ef70;  1 drivers
v0xb7b010_0 .net *"_ivl_228", 15 0, L_0xb8f0b0;  1 drivers
v0xb7b0f0_0 .net *"_ivl_230", 15 0, L_0xb8f470;  1 drivers
v0xb7b1d0_0 .net *"_ivl_232", 15 0, L_0xb8f5b0;  1 drivers
v0xb7b2b0_0 .net *"_ivl_234", 15 0, L_0xb8f980;  1 drivers
L_0x7feddae8da80 .functor BUFT 1, C4<000>, C4<0>, C4<0>, C4<0>;
v0xb7b7a0_0 .net/2u *"_ivl_238", 2 0, L_0x7feddae8da80;  1 drivers
L_0x7feddae8d018 .functor BUFT 1, C4<000>, C4<0>, C4<0>, C4<0>;
v0xb7b880_0 .net/2u *"_ivl_24", 2 0, L_0x7feddae8d018;  1 drivers
v0xb7b960_0 .net *"_ivl_240", 0 0, L_0xb8fef0;  1 drivers
L_0x7feddae8dac8 .functor BUFT 1, C4<001>, C4<0>, C4<0>, C4<0>;
v0xb7ba20_0 .net/2u *"_ivl_243", 2 0, L_0x7feddae8dac8;  1 drivers
v0xb7bb00_0 .net *"_ivl_245", 0 0, L_0xb8ff90;  1 drivers
L_0x7feddae8db10 .functor BUFT 1, C4<010>, C4<0>, C4<0>, C4<0>;
v0xb7bbc0_0 .net/2u *"_ivl_248", 2 0, L_0x7feddae8db10;  1 drivers
v0xb7bca0_0 .net *"_ivl_250", 0 0, L_0xb90330;  1 drivers
L_0x7feddae8db58 .functor BUFT 1, C4<011>, C4<0>, C4<0>, C4<0>;
v0xb7bd60_0 .net/2u *"_ivl_253", 2 0, L_0x7feddae8db58;  1 drivers
v0xb7be40_0 .net *"_ivl_255", 0 0, L_0xb90420;  1 drivers
L_0x7feddae8dba0 .functor BUFT 1, C4<100>, C4<0>, C4<0>, C4<0>;
v0xb7bf00_0 .net/2u *"_ivl_258", 2 0, L_0x7feddae8dba0;  1 drivers
v0xb7bfe0_0 .net *"_ivl_26", 0 0, L_0xb81ee0;  1 drivers
v0xb7c0a0_0 .net *"_ivl_260", 0 0, L_0xb907d0;  1 drivers
L_0x7feddae8dbe8 .functor BUFT 1, C4<101>, C4<0>, C4<0>, C4<0>;
v0xb7c160_0 .net/2u *"_ivl_263", 2 0, L_0x7feddae8dbe8;  1 drivers
v0xb7c240_0 .net *"_ivl_265", 0 0, L_0xb909d0;  1 drivers
L_0x7feddae8dc30 .functor BUFT 1, C4<110>, C4<0>, C4<0>, C4<0>;
v0xb7c300_0 .net/2u *"_ivl_268", 2 0, L_0x7feddae8dc30;  1 drivers
v0xb7c3e0_0 .net *"_ivl_270", 0 0, L_0xb90d90;  1 drivers
v0xb7c4a0_0 .net *"_ivl_274", 15 0, L_0xb90e80;  1 drivers
v0xb7c580_0 .net *"_ivl_276", 15 0, L_0xb91250;  1 drivers
v0xb7c660_0 .net *"_ivl_278", 15 0, L_0xb912f0;  1 drivers
L_0x7feddae8d060 .functor BUFT 1, C4<00000001>, C4<0>, C4<0>, C4<0>;
v0xb7c740_0 .net/2u *"_ivl_28", 7 0, L_0x7feddae8d060;  1 drivers
v0xb7c820_0 .net *"_ivl_280", 15 0, L_0xb916d0;  1 drivers
v0xb7c900_0 .net *"_ivl_282", 15 0, L_0xb917c0;  1 drivers
v0xb7c9e0_0 .net *"_ivl_284", 15 0, L_0xb91bb0;  1 drivers
L_0x7feddae8dc78 .functor BUFT 1, C4<000>, C4<0>, C4<0>, C4<0>;
v0xb7cac0_0 .net/2u *"_ivl_288", 2 0, L_0x7feddae8dc78;  1 drivers
v0xb7cba0_0 .net *"_ivl_290", 0 0, L_0xb92210;  1 drivers
L_0x7feddae8dcc0 .functor BUFT 1, C4<001>, C4<0>, C4<0>, C4<0>;
v0xb7cc60_0 .net/2u *"_ivl_293", 2 0, L_0x7feddae8dcc0;  1 drivers
v0xb7cd40_0 .net *"_ivl_295", 0 0, L_0xb92340;  1 drivers
L_0x7feddae8dd08 .functor BUFT 1, C4<010>, C4<0>, C4<0>, C4<0>;
v0xb7ce00_0 .net/2u *"_ivl_298", 2 0, L_0x7feddae8dd08;  1 drivers
L_0x7feddae8d0a8 .functor BUFT 1, C4<001>, C4<0>, C4<0>, C4<0>;
v0xb7cee0_0 .net/2u *"_ivl_30", 2 0, L_0x7feddae8d0a8;  1 drivers
v0xb7cfc0_0 .net *"_ivl_300", 0 0, L_0xb92700;  1 drivers
L_0x7feddae8dd50 .functor BUFT 1, C4<011>, C4<0>, C4<0>, C4<0>;
v0xb7d080_0 .net/2u *"_ivl_303", 2 0, L_0x7feddae8dd50;  1 drivers
v0xb7d160_0 .net *"_ivl_305", 0 0, L_0xb927f0;  1 drivers
L_0x7feddae8dd98 .functor BUFT 1, C4<100>, C4<0>, C4<0>, C4<0>;
v0xb7d220_0 .net/2u *"_ivl_308", 2 0, L_0x7feddae8dd98;  1 drivers
v0xb7d300_0 .net *"_ivl_310", 0 0, L_0xb92c10;  1 drivers
L_0x7feddae8dde0 .functor BUFT 1, C4<101>, C4<0>, C4<0>, C4<0>;
v0xb7d3c0_0 .net/2u *"_ivl_313", 2 0, L_0x7feddae8dde0;  1 drivers
v0xb7d4a0_0 .net *"_ivl_315", 0 0, L_0xb92e10;  1 drivers
L_0x7feddae8de28 .functor BUFT 1, C4<110>, C4<0>, C4<0>, C4<0>;
v0xb7d560_0 .net/2u *"_ivl_318", 2 0, L_0x7feddae8de28;  1 drivers
v0xb7d640_0 .net *"_ivl_32", 0 0, L_0xb884a0;  1 drivers
v0xb7d700_0 .net *"_ivl_320", 0 0, L_0xb93240;  1 drivers
v0xb7d7c0_0 .net *"_ivl_324", 15 0, L_0xb93330;  1 drivers
v0xb7d8a0_0 .net *"_ivl_326", 15 0, L_0xb93770;  1 drivers
v0xb7d980_0 .net *"_ivl_328", 15 0, L_0xb938b0;  1 drivers
v0xb7da60_0 .net *"_ivl_330", 15 0, L_0xb93d50;  1 drivers
v0xb7db40_0 .net *"_ivl_332", 15 0, L_0xb93e90;  1 drivers
v0xb7dc20_0 .net *"_ivl_334", 15 0, L_0xb94340;  1 drivers
L_0x7feddae8de70 .functor BUFT 1, C4<000>, C4<0>, C4<0>, C4<0>;
v0xb7dd00_0 .net/2u *"_ivl_338", 2 0, L_0x7feddae8de70;  1 drivers
L_0x7feddae8d0f0 .functor BUFT 1, C4<00000010>, C4<0>, C4<0>, C4<0>;
v0xb7dde0_0 .net/2u *"_ivl_34", 7 0, L_0x7feddae8d0f0;  1 drivers
v0xb7dec0_0 .net *"_ivl_340", 0 0, L_0xb94990;  1 drivers
L_0x7feddae8deb8 .functor BUFT 1, C4<001>, C4<0>, C4<0>, C4<0>;
v0xb7df80_0 .net/2u *"_ivl_343", 2 0, L_0x7feddae8deb8;  1 drivers
v0xb7e060_0 .net *"_ivl_345", 0 0, L_0xb94a30;  1 drivers
L_0x7feddae8df00 .functor BUFT 1, C4<010>, C4<0>, C4<0>, C4<0>;
v0xb7e120_0 .net/2u *"_ivl_348", 2 0, L_0x7feddae8df00;  1 drivers
v0xb7e200_0 .net *"_ivl_350", 0 0, L_0xb94eb0;  1 drivers
L_0x7feddae8df48 .functor BUFT 1, C4<011>, C4<0>, C4<0>, C4<0>;
v0xb7e2c0_0 .net/2u *"_ivl_353", 2 0, L_0x7feddae8df48;  1 drivers
v0xb7e3a0_0 .net *"_ivl_355", 0 0, L_0xb94fa0;  1 drivers
L_0x7feddae8df90 .functor BUFT 1, C4<100>, C4<0>, C4<0>, C4<0>;
v0xb7e460_0 .net/2u *"_ivl_358", 2 0, L_0x7feddae8df90;  1 drivers
L_0x7feddae8d138 .functor BUFT 1, C4<010>, C4<0>, C4<0>, C4<0>;
v0xb7e540_0 .net/2u *"_ivl_36", 2 0, L_0x7feddae8d138;  1 drivers
v0xb7e620_0 .net *"_ivl_360", 0 0, L_0xb95430;  1 drivers
L_0x7feddae8dfd8 .functor BUFT 1, C4<101>, C4<0>, C4<0>, C4<0>;
v0xb7e6e0_0 .net/2u *"_ivl_363", 2 0, L_0x7feddae8dfd8;  1 drivers
v0xb7e7c0_0 .net *"_ivl_365", 0 0, L_0xb95630;  1 drivers
L_0x7feddae8e020 .functor BUFT 1, C4<110>, C4<0>, C4<0>, C4<0>;
v0xb7e880_0 .net/2u *"_ivl_368", 2 0, L_0x7feddae8e020;  1 drivers
v0xb7e960_0 .net *"_ivl_370", 0 0, L_0xb95ad0;  1 drivers
v0xb7ea20_0 .net *"_ivl_374", 15 0, L_0xb95bc0;  1 drivers
v0xb7eb00_0 .net *"_ivl_376", 15 0, L_0xb96070;  1 drivers
v0xb7ebe0_0 .net *"_ivl_378", 15 0, L_0xb961b0;  1 drivers
v0xb7f4d0_0 .net *"_ivl_38", 0 0, L_0xb886c0;  1 drivers
v0xb7f590_0 .net *"_ivl_380", 15 0, L_0xb966c0;  1 drivers
v0xb7f670_0 .net *"_ivl_382", 15 0, L_0xb96800;  1 drivers
v0xb7f750_0 .net *"_ivl_384", 15 0, L_0xb96d20;  1 drivers
L_0x7feddae8d180 .functor BUFT 1, C4<00000100>, C4<0>, C4<0>, C4<0>;
v0xb7f830_0 .net/2u *"_ivl_40", 7 0, L_0x7feddae8d180;  1 drivers
L_0x7feddae8d1c8 .functor BUFT 1, C4<011>, C4<0>, C4<0>, C4<0>;
v0xb7f910_0 .net/2u *"_ivl_42", 2 0, L_0x7feddae8d1c8;  1 drivers
v0xb7f9f0_0 .net *"_ivl_44", 0 0, L_0xb88760;  1 drivers
L_0x7feddae8d210 .functor BUFT 1, C4<00001000>, C4<0>, C4<0>, C4<0>;
v0xb7fab0_0 .net/2u *"_ivl_46", 7 0, L_0x7feddae8d210;  1 drivers
L_0x7feddae8d258 .functor BUFT 1, C4<100>, C4<0>, C4<0>, C4<0>;
v0xb7fb90_0 .net/2u *"_ivl_48", 2 0, L_0x7feddae8d258;  1 drivers
v0xb7fc70_0 .net *"_ivl_50", 0 0, L_0xb88940;  1 drivers
L_0x7feddae8d2a0 .functor BUFT 1, C4<00010000>, C4<0>, C4<0>, C4<0>;
v0xb7fd30_0 .net/2u *"_ivl_52", 7 0, L_0x7feddae8d2a0;  1 drivers
L_0x7feddae8d2e8 .functor BUFT 1, C4<101>, C4<0>, C4<0>, C4<0>;
v0xb7fe10_0 .net/2u *"_ivl_54", 2 0, L_0x7feddae8d2e8;  1 drivers
v0xb7fef0_0 .net *"_ivl_56", 0 0, L_0xb889e0;  1 drivers
L_0x7feddae8d330 .functor BUFT 1, C4<00100000>, C4<0>, C4<0>, C4<0>;
v0xb7ffb0_0 .net/2u *"_ivl_58", 7 0, L_0x7feddae8d330;  1 drivers
L_0x7feddae8d378 .functor BUFT 1, C4<110>, C4<0>, C4<0>, C4<0>;
v0xb80090_0 .net/2u *"_ivl_60", 2 0, L_0x7feddae8d378;  1 drivers
v0xb80170_0 .net *"_ivl_62", 0 0, L_0xb88c30;  1 drivers
L_0x7feddae8d3c0 .functor BUFT 1, C4<01000000>, C4<0>, C4<0>, C4<0>;
v0xb80230_0 .net/2u *"_ivl_64", 7 0, L_0x7feddae8d3c0;  1 drivers
L_0x7feddae8d408 .functor BUFT 1, C4<10000000>, C4<0>, C4<0>, C4<0>;
v0xb80310_0 .net/2u *"_ivl_66", 7 0, L_0x7feddae8d408;  1 drivers
v0xb803f0_0 .net *"_ivl_68", 7 0, L_0xb88d80;  1 drivers
v0xb804d0_0 .net *"_ivl_70", 7 0, L_0xb89050;  1 drivers
v0xb805b0_0 .net *"_ivl_72", 7 0, L_0xb891e0;  1 drivers
v0xb80690_0 .net *"_ivl_74", 7 0, L_0xb89490;  1 drivers
v0xb80770_0 .net *"_ivl_76", 7 0, L_0xb89620;  1 drivers
v0xb80850_0 .net *"_ivl_78", 7 0, L_0xb897f0;  1 drivers
L_0x7feddae8d450 .functor BUFT 1, C4<000>, C4<0>, C4<0>, C4<0>;
v0xb80930_0 .net/2u *"_ivl_82", 2 0, L_0x7feddae8d450;  1 drivers
v0xb80a10_0 .net *"_ivl_84", 0 0, L_0xb89c50;  1 drivers
L_0x7feddae8d498 .functor BUFT 1, C4<00000001>, C4<0>, C4<0>, C4<0>;
v0xb80ad0_0 .net/2u *"_ivl_86", 7 0, L_0x7feddae8d498;  1 drivers
L_0x7feddae8d4e0 .functor BUFT 1, C4<001>, C4<0>, C4<0>, C4<0>;
v0xb80bb0_0 .net/2u *"_ivl_88", 2 0, L_0x7feddae8d4e0;  1 drivers
v0xb80c90_0 .net *"_ivl_90", 0 0, L_0xb89d90;  1 drivers
L_0x7feddae8d528 .functor BUFT 1, C4<00000010>, C4<0>, C4<0>, C4<0>;
v0xb80d50_0 .net/2u *"_ivl_92", 7 0, L_0x7feddae8d528;  1 drivers
L_0x7feddae8d570 .functor BUFT 1, C4<010>, C4<0>, C4<0>, C4<0>;
v0xb80e30_0 .net/2u *"_ivl_94", 2 0, L_0x7feddae8d570;  1 drivers
v0xb80f10_0 .net *"_ivl_96", 0 0, L_0xb89fd0;  1 drivers
L_0x7feddae8d5b8 .functor BUFT 1, C4<00000100>, C4<0>, C4<0>, C4<0>;
v0xb80fd0_0 .net/2u *"_ivl_98", 7 0, L_0x7feddae8d5b8;  1 drivers
v0xb810b0_0 .net "clk", 0 0, v0xb822d0_0;  1 drivers
v0xb81150_0 .net "gwe", 0 0, v0xb82850_0;  1 drivers
v0xb811f0_0 .net "i_rd_A", 2 0, v0xb82ab0_0;  1 drivers
v0xb812d0_0 .net "i_rd_B", 2 0, v0xb82b70_0;  1 drivers
v0xb813b0_0 .net "i_rd_we_A", 0 0, v0xb836f0_0;  1 drivers
v0xb81470_0 .net "i_rd_we_B", 0 0, v0xb837c0_0;  1 drivers
v0xb81530_0 .net "i_rs_A", 2 0, v0xb82c40_0;  1 drivers
v0xb81610_0 .net "i_rs_B", 2 0, v0xb82d10_0;  1 drivers
v0xb816f0_0 .net "i_rt_A", 2 0, v0xb83020_0;  1 drivers
v0xb817d0_0 .net "i_rt_B", 2 0, v0xb83200_0;  1 drivers
v0xb818b0_0 .net "i_wdata_A", 15 0, v0xb83530_0;  1 drivers
v0xb81990_0 .net "i_wdata_B", 15 0, v0xb83620_0;  1 drivers
v0xb81a70_0 .net "o_rs_data_A", 15 0, L_0xb8be10;  alias, 1 drivers
v0xb81b50_0 .net "o_rs_data_B", 15 0, L_0xb8c750;  alias, 1 drivers
v0xb81c30_0 .net "o_rt_data_A", 15 0, L_0xb8d110;  alias, 1 drivers
v0xb81d10_0 .net "o_rt_data_B", 15 0, L_0xb8db20;  alias, 1 drivers
v0xb81df0 .array "out_reg", 0 7;
v0xb81df0_0 .net v0xb81df0 0, 15 0, L_0xb103e0; 1 drivers
v0xb81df0_1 .net v0xb81df0 1, 15 0, L_0xb51860; 1 drivers
v0xb81df0_2 .net v0xb81df0 2, 15 0, L_0xb84890; 1 drivers
v0xb81df0_3 .net v0xb81df0 3, 15 0, L_0xb850a0; 1 drivers
v0xb81df0_4 .net v0xb81df0 4, 15 0, L_0xb85a20; 1 drivers
v0xb81df0_5 .net v0xb81df0 5, 15 0, L_0xb86380; 1 drivers
v0xb81df0_6 .net v0xb81df0 6, 15 0, L_0xb86cf0; 1 drivers
v0xb81df0_7 .net v0xb81df0 7, 15 0, L_0xb87760; 1 drivers
v0xb82000_0 .net "rst", 0 0, v0xb82f80_0;  1 drivers
L_0xb83a40 .part L_0xb8b510, 0, 1;
L_0xb83df0 .part L_0xb89980, 0, 1;
L_0xb83f30 .part L_0xb8b510, 0, 1;
L_0xb84250 .part L_0xb8b510, 1, 1;
L_0xb84430 .part L_0xb89980, 1, 1;
L_0xb845e0 .part L_0xb8b510, 1, 1;
L_0xb849f0 .part L_0xb8b510, 2, 1;
L_0xb84c90 .part L_0xb89980, 2, 1;
L_0xb84e80 .part L_0xb8b510, 2, 1;
L_0xb85200 .part L_0xb8b510, 3, 1;
L_0xb854d0 .part L_0xb89980, 3, 1;
L_0xb855e0 .part L_0xb8b510, 3, 1;
L_0xb85c90 .part L_0xb8b510, 4, 1;
L_0xb85f50 .part L_0xb89980, 4, 1;
L_0xb860c0 .part L_0xb8b510, 4, 1;
L_0xb864e0 .part L_0xb8b510, 5, 1;
L_0xb86830 .part L_0xb89980, 5, 1;
L_0xb86990 .part L_0xb8b510, 5, 1;
L_0xb86e50 .part L_0xb8b510, 6, 1;
L_0xb87220 .part L_0xb89980, 6, 1;
L_0xb86a30 .part L_0xb8b510, 6, 1;
L_0xb879d0 .part L_0xb8b510, 7, 1;
L_0xb87d50 .part L_0xb89980, 7, 1;
L_0xb87eb0 .part L_0xb8b510, 7, 1;
L_0xb81ee0 .cmp/eq 3, v0xb82ab0_0, L_0x7feddae8d018;
L_0xb884a0 .cmp/eq 3, v0xb82ab0_0, L_0x7feddae8d0a8;
L_0xb886c0 .cmp/eq 3, v0xb82ab0_0, L_0x7feddae8d138;
L_0xb88760 .cmp/eq 3, v0xb82ab0_0, L_0x7feddae8d1c8;
L_0xb88940 .cmp/eq 3, v0xb82ab0_0, L_0x7feddae8d258;
L_0xb889e0 .cmp/eq 3, v0xb82ab0_0, L_0x7feddae8d2e8;
L_0xb88c30 .cmp/eq 3, v0xb82ab0_0, L_0x7feddae8d378;
L_0xb88d80 .functor MUXZ 8, L_0x7feddae8d408, L_0x7feddae8d3c0, L_0xb88c30, C4<>;
L_0xb89050 .functor MUXZ 8, L_0xb88d80, L_0x7feddae8d330, L_0xb889e0, C4<>;
L_0xb891e0 .functor MUXZ 8, L_0xb89050, L_0x7feddae8d2a0, L_0xb88940, C4<>;
L_0xb89490 .functor MUXZ 8, L_0xb891e0, L_0x7feddae8d210, L_0xb88760, C4<>;
L_0xb89620 .functor MUXZ 8, L_0xb89490, L_0x7feddae8d180, L_0xb886c0, C4<>;
L_0xb897f0 .functor MUXZ 8, L_0xb89620, L_0x7feddae8d0f0, L_0xb884a0, C4<>;
L_0xb89980 .functor MUXZ 8, L_0xb897f0, L_0x7feddae8d060, L_0xb81ee0, C4<>;
L_0xb89c50 .cmp/eq 3, v0xb82b70_0, L_0x7feddae8d450;
L_0xb89d90 .cmp/eq 3, v0xb82b70_0, L_0x7feddae8d4e0;
L_0xb89fd0 .cmp/eq 3, v0xb82b70_0, L_0x7feddae8d570;
L_0xb8a070 .cmp/eq 3, v0xb82b70_0, L_0x7feddae8d600;
L_0xb8a2c0 .cmp/eq 3, v0xb82b70_0, L_0x7feddae8d690;
L_0xb8a3b0 .cmp/eq 3, v0xb82b70_0, L_0x7feddae8d720;
L_0xb8a610 .cmp/eq 3, v0xb82b70_0, L_0x7feddae8d7b0;
L_0xb8a700 .functor MUXZ 8, L_0x7feddae8d840, L_0x7feddae8d7f8, L_0xb8a610, C4<>;
L_0xb8aa10 .functor MUXZ 8, L_0xb8a700, L_0x7feddae8d768, L_0xb8a3b0, C4<>;
L_0xb8aba0 .functor MUXZ 8, L_0xb8aa10, L_0x7feddae8d6d8, L_0xb8a2c0, C4<>;
L_0xb8aec0 .functor MUXZ 8, L_0xb8aba0, L_0x7feddae8d648, L_0xb8a070, C4<>;
L_0xb8b050 .functor MUXZ 8, L_0xb8aec0, L_0x7feddae8d5b8, L_0xb89fd0, C4<>;
L_0xb8b380 .functor MUXZ 8, L_0xb8b050, L_0x7feddae8d528, L_0xb89d90, C4<>;
L_0xb8b510 .functor MUXZ 8, L_0xb8b380, L_0x7feddae8d498, L_0xb89c50, C4<>;
L_0xb8b850 .cmp/eq 3, v0xb82c40_0, v0xb82b70_0;
L_0xb8ba00 .cmp/eq 3, v0xb82ab0_0, v0xb82c40_0;
L_0xb8bd20 .functor MUXZ 16, L_0xb8fac0, v0xb83530_0, L_0xb8bc60, C4<>;
L_0xb8be10 .functor MUXZ 16, L_0xb8bd20, v0xb83620_0, L_0xb8b940, C4<>;
L_0xb8c170 .cmp/eq 3, v0xb82b70_0, v0xb82d10_0;
L_0xb8c320 .cmp/eq 3, v0xb82ab0_0, v0xb82d10_0;
L_0xb8c660 .functor MUXZ 16, L_0xb91d30, v0xb83530_0, L_0xb8c5a0, C4<>;
L_0xb8c750 .functor MUXZ 16, L_0xb8c660, v0xb83620_0, L_0xb8c260, C4<>;
L_0xb8cad0 .cmp/eq 3, v0xb83020_0, v0xb82b70_0;
L_0xb8cc80 .cmp/eq 3, v0xb82ab0_0, v0xb83020_0;
L_0xb8d020 .functor MUXZ 16, L_0xb94480, v0xb83530_0, L_0xb8cf20, C4<>;
L_0xb8d110 .functor MUXZ 16, L_0xb8d020, v0xb83620_0, L_0xb8cbc0, C4<>;
L_0xb8d4b0 .cmp/eq 3, v0xb82b70_0, v0xb83200_0;
L_0xb8d660 .cmp/eq 3, v0xb82ab0_0, v0xb83200_0;
L_0xb8da30 .functor MUXZ 16, L_0xb96e60, v0xb83530_0, L_0xb8d920, C4<>;
L_0xb8db20 .functor MUXZ 16, L_0xb8da30, v0xb83620_0, L_0xb8d5a0, C4<>;
L_0xb8dee0 .cmp/eq 3, v0xb82c40_0, L_0x7feddae8d888;
L_0xb8df80 .cmp/eq 3, v0xb82c40_0, L_0x7feddae8d8d0;
L_0xb8e2b0 .cmp/eq 3, v0xb82c40_0, L_0x7feddae8d918;
L_0xb8e3a0 .cmp/eq 3, v0xb82c40_0, L_0x7feddae8d960;
L_0xb8e6e0 .cmp/eq 3, v0xb82c40_0, L_0x7feddae8d9a8;
L_0xb8e7d0 .cmp/eq 3, v0xb82c40_0, L_0x7feddae8d9f0;
L_0xb8eb20 .cmp/eq 3, v0xb82c40_0, L_0x7feddae8da38;
L_0xb8ec10 .functor MUXZ 16, L_0xb87760, L_0xb86cf0, L_0xb8eb20, C4<>;
L_0xb8ef70 .functor MUXZ 16, L_0xb8ec10, L_0xb86380, L_0xb8e7d0, C4<>;
L_0xb8f0b0 .functor MUXZ 16, L_0xb8ef70, L_0xb85a20, L_0xb8e6e0, C4<>;
L_0xb8f470 .functor MUXZ 16, L_0xb8f0b0, L_0xb850a0, L_0xb8e3a0, C4<>;
L_0xb8f5b0 .functor MUXZ 16, L_0xb8f470, L_0xb84890, L_0xb8e2b0, C4<>;
L_0xb8f980 .functor MUXZ 16, L_0xb8f5b0, L_0xb51860, L_0xb8df80, C4<>;
L_0xb8fac0 .functor MUXZ 16, L_0xb8f980, L_0xb103e0, L_0xb8dee0, C4<>;
L_0xb8fef0 .cmp/eq 3, v0xb82d10_0, L_0x7feddae8da80;
L_0xb8ff90 .cmp/eq 3, v0xb82d10_0, L_0x7feddae8dac8;
L_0xb90330 .cmp/eq 3, v0xb82d10_0, L_0x7feddae8db10;
L_0xb90420 .cmp/eq 3, v0xb82d10_0, L_0x7feddae8db58;
L_0xb907d0 .cmp/eq 3, v0xb82d10_0, L_0x7feddae8dba0;
L_0xb909d0 .cmp/eq 3, v0xb82d10_0, L_0x7feddae8dbe8;
L_0xb90d90 .cmp/eq 3, v0xb82d10_0, L_0x7feddae8dc30;
L_0xb90e80 .functor MUXZ 16, L_0xb87760, L_0xb86cf0, L_0xb90d90, C4<>;
L_0xb91250 .functor MUXZ 16, L_0xb90e80, L_0xb86380, L_0xb909d0, C4<>;
L_0xb912f0 .functor MUXZ 16, L_0xb91250, L_0xb85a20, L_0xb907d0, C4<>;
L_0xb916d0 .functor MUXZ 16, L_0xb912f0, L_0xb850a0, L_0xb90420, C4<>;
L_0xb917c0 .functor MUXZ 16, L_0xb916d0, L_0xb84890, L_0xb90330, C4<>;
L_0xb91bb0 .functor MUXZ 16, L_0xb917c0, L_0xb51860, L_0xb8ff90, C4<>;
L_0xb91d30 .functor MUXZ 16, L_0xb91bb0, L_0xb103e0, L_0xb8fef0, C4<>;
L_0xb92210 .cmp/eq 3, v0xb83020_0, L_0x7feddae8dc78;
L_0xb92340 .cmp/eq 3, v0xb83020_0, L_0x7feddae8dcc0;
L_0xb92700 .cmp/eq 3, v0xb83020_0, L_0x7feddae8dd08;
L_0xb927f0 .cmp/eq 3, v0xb83020_0, L_0x7feddae8dd50;
L_0xb92c10 .cmp/eq 3, v0xb83020_0, L_0x7feddae8dd98;
L_0xb92e10 .cmp/eq 3, v0xb83020_0, L_0x7feddae8dde0;
L_0xb93240 .cmp/eq 3, v0xb83020_0, L_0x7feddae8de28;
L_0xb93330 .functor MUXZ 16, L_0xb87760, L_0xb86cf0, L_0xb93240, C4<>;
L_0xb93770 .functor MUXZ 16, L_0xb93330, L_0xb86380, L_0xb92e10, C4<>;
L_0xb938b0 .functor MUXZ 16, L_0xb93770, L_0xb85a20, L_0xb92c10, C4<>;
L_0xb93d50 .functor MUXZ 16, L_0xb938b0, L_0xb850a0, L_0xb927f0, C4<>;
L_0xb93e90 .functor MUXZ 16, L_0xb93d50, L_0xb84890, L_0xb92700, C4<>;
L_0xb94340 .functor MUXZ 16, L_0xb93e90, L_0xb51860, L_0xb92340, C4<>;
L_0xb94480 .functor MUXZ 16, L_0xb94340, L_0xb103e0, L_0xb92210, C4<>;
L_0xb94990 .cmp/eq 3, v0xb83200_0, L_0x7feddae8de70;
L_0xb94a30 .cmp/eq 3, v0xb83200_0, L_0x7feddae8deb8;
L_0xb94eb0 .cmp/eq 3, v0xb83200_0, L_0x7feddae8df00;
L_0xb94fa0 .cmp/eq 3, v0xb83200_0, L_0x7feddae8df48;
L_0xb95430 .cmp/eq 3, v0xb83200_0, L_0x7feddae8df90;
L_0xb95630 .cmp/eq 3, v0xb83200_0, L_0x7feddae8dfd8;
L_0xb95ad0 .cmp/eq 3, v0xb83200_0, L_0x7feddae8e020;
L_0xb95bc0 .functor MUXZ 16, L_0xb87760, L_0xb86cf0, L_0xb95ad0, C4<>;
L_0xb96070 .functor MUXZ 16, L_0xb95bc0, L_0xb86380, L_0xb95630, C4<>;
L_0xb961b0 .functor MUXZ 16, L_0xb96070, L_0xb85a20, L_0xb95430, C4<>;
L_0xb966c0 .functor MUXZ 16, L_0xb961b0, L_0xb850a0, L_0xb94fa0, C4<>;
L_0xb96800 .functor MUXZ 16, L_0xb966c0, L_0xb84890, L_0xb94eb0, C4<>;
L_0xb96d20 .functor MUXZ 16, L_0xb96800, L_0xb51860, L_0xb94a30, C4<>;
L_0xb96e60 .functor MUXZ 16, L_0xb96d20, L_0xb103e0, L_0xb94990, C4<>;
S_0xb0fc80 .scope generate, "genblk1[0]" "genblk1[0]" 4 52, 4 52 0, S_0xb0cad0;
 .timescale -9 -12;
P_0xb6dde0 .param/l "i" 0 4 52, +C4<00>;
L_0xb0d230 .functor AND 1, v0xb837c0_0, L_0xb83a40, C4<1>, C4<1>;
L_0xb0a080 .functor AND 1, v0xb836f0_0, L_0xb83df0, C4<1>, C4<1>;
L_0xb06f60 .functor AND 1, v0xb837c0_0, L_0xb83f30, C4<1>, C4<1>;
L_0xb516f0 .functor OR 1, L_0xb0a080, L_0xb06f60, C4<0>, C4<0>;
v0xb6e4b0_0 .net *"_ivl_1", 0 0, L_0xb83a40;  1 drivers
v0xb6e5b0_0 .net *"_ivl_10", 0 0, L_0xb06f60;  1 drivers
v0xb6e690_0 .net *"_ivl_2", 0 0, L_0xb0d230;  1 drivers
v0xb6e750_0 .net *"_ivl_6", 0 0, L_0xb83df0;  1 drivers
v0xb6e830_0 .net *"_ivl_7", 0 0, L_0xb0a080;  1 drivers
v0xb6e960_0 .net *"_ivl_9", 0 0, L_0xb83f30;  1 drivers
v0xb6ea40_0 .net "inp_wdata", 15 0, L_0xb83c10;  1 drivers
v0xb6eb00_0 .net "reg_we", 0 0, L_0xb516f0;  1 drivers
L_0xb83c10 .functor MUXZ 16, v0xb83530_0, v0xb83620_0, L_0xb0d230, C4<>;
S_0xb12e30 .scope module, "out" "Nbit_reg" 4 53, 5 14 0, S_0xb0fc80;
 .timescale -9 -12;
    .port_info 0 /INPUT 16 "in";
    .port_info 1 /OUTPUT 16 "out";
    .port_info 2 /INPUT 1 "clk";
    .port_info 3 /INPUT 1 "we";
    .port_info 4 /INPUT 1 "gwe";
    .port_info 5 /INPUT 1 "rst";
P_0xb50100 .param/l "n" 0 5 14, +C4<00000000000000000000000000010000>;
P_0xb50140 .param/l "r" 0 5 14, +C4<00000000000000000000000000000000>;
L_0xb103e0/d .functor BUFZ 16, v0xb6e250_0, C4<0000000000000000>, C4<0000000000000000>, C4<0000000000000000>;
L_0xb103e0 .delay 16 (1000,1000,1000) L_0xb103e0/d;
v0xb0a1a0_0 .net "clk", 0 0, v0xb822d0_0;  alias, 1 drivers
v0xb07080_0 .net "gwe", 0 0, v0xb82850_0;  alias, 1 drivers
v0xb51ad0_0 .net "in", 15 0, L_0xb83c10;  alias, 1 drivers
v0xb51b70_0 .net "out", 15 0, L_0xb103e0;  alias, 1 drivers
v0xb6e140_0 .net "rst", 0 0, v0xb82f80_0;  alias, 1 drivers
v0xb6e250_0 .var "state", 15 0;
v0xb6e330_0 .net "we", 0 0, L_0xb516f0;  alias, 1 drivers
E_0xaef4e0 .event posedge, v0xb0a1a0_0;
S_0xb15fe0 .scope generate, "genblk1[1]" "genblk1[1]" 4 52, 4 52 0, S_0xb0cad0;
 .timescale -9 -12;
P_0xb6ebf0 .param/l "i" 0 4 52, +C4<01>;
L_0xb518d0 .functor AND 1, v0xb837c0_0, L_0xb84250, C4<1>, C4<1>;
L_0xb84520 .functor AND 1, v0xb836f0_0, L_0xb84430, C4<1>, C4<1>;
L_0xb846c0 .functor AND 1, v0xb837c0_0, L_0xb845e0, C4<1>, C4<1>;
L_0xb84730 .functor OR 1, L_0xb84520, L_0xb846c0, C4<0>, C4<0>;
v0xb6f740_0 .net *"_ivl_1", 0 0, L_0xb84250;  1 drivers
v0xb6f840_0 .net *"_ivl_10", 0 0, L_0xb846c0;  1 drivers
v0xb6f920_0 .net *"_ivl_2", 0 0, L_0xb518d0;  1 drivers
v0xb6fa10_0 .net *"_ivl_6", 0 0, L_0xb84430;  1 drivers
v0xb6faf0_0 .net *"_ivl_7", 0 0, L_0xb84520;  1 drivers
v0xb6fc20_0 .net *"_ivl_9", 0 0, L_0xb845e0;  1 drivers
v0xb6fd00_0 .net "inp_wdata", 15 0, L_0xb842f0;  1 drivers
v0xb6fdc0_0 .net "reg_we", 0 0, L_0xb84730;  1 drivers
L_0xb842f0 .functor MUXZ 16, v0xb83530_0, v0xb83620_0, L_0xb518d0, C4<>;
S_0xb6ecb0 .scope module, "out" "Nbit_reg" 4 53, 5 14 0, S_0xb15fe0;
 .timescale -9 -12;
    .port_info 0 /INPUT 16 "in";
    .port_info 1 /OUTPUT 16 "out";
    .port_info 2 /INPUT 1 "clk";
    .port_info 3 /INPUT 1 "we";
    .port_info 4 /INPUT 1 "gwe";
    .port_info 5 /INPUT 1 "rst";
P_0xb6df60 .param/l "n" 0 5 14, +C4<00000000000000000000000000010000>;
P_0xb6dfa0 .param/l "r" 0 5 14, +C4<00000000000000000000000000000000>;
L_0xb51860/d .functor BUFZ 16, v0xb6f500_0, C4<0000000000000000>, C4<0000000000000000>, C4<0000000000000000>;
L_0xb51860 .delay 16 (1000,1000,1000) L_0xb51860/d;
v0xb6f0c0_0 .net "clk", 0 0, v0xb822d0_0;  alias, 1 drivers
v0xb6f1b0_0 .net "gwe", 0 0, v0xb82850_0;  alias, 1 drivers
v0xb6f280_0 .net "in", 15 0, L_0xb842f0;  alias, 1 drivers
v0xb6f350_0 .net "out", 15 0, L_0xb51860;  alias, 1 drivers
v0xb6f410_0 .net "rst", 0 0, v0xb82f80_0;  alias, 1 drivers
v0xb6f500_0 .var "state", 15 0;
v0xb6f5c0_0 .net "we", 0 0, L_0xb84730;  alias, 1 drivers
S_0xb6fe90 .scope generate, "genblk1[2]" "genblk1[2]" 4 52, 4 52 0, S_0xb0cad0;
 .timescale -9 -12;
P_0xb700a0 .param/l "i" 0 4 52, +C4<010>;
L_0xb84a90 .functor AND 1, v0xb837c0_0, L_0xb849f0, C4<1>, C4<1>;
L_0xb84d80 .functor AND 1, v0xb836f0_0, L_0xb84c90, C4<1>, C4<1>;
L_0xb84f20 .functor AND 1, v0xb837c0_0, L_0xb84e80, C4<1>, C4<1>;
L_0xb84f90 .functor OR 1, L_0xb84d80, L_0xb84f20, C4<0>, C4<0>;
v0xb70c90_0 .net *"_ivl_1", 0 0, L_0xb849f0;  1 drivers
v0xb70d90_0 .net *"_ivl_10", 0 0, L_0xb84f20;  1 drivers
v0xb70e70_0 .net *"_ivl_2", 0 0, L_0xb84a90;  1 drivers
v0xb70f30_0 .net *"_ivl_6", 0 0, L_0xb84c90;  1 drivers
v0xb71010_0 .net *"_ivl_7", 0 0, L_0xb84d80;  1 drivers
v0xb71140_0 .net *"_ivl_9", 0 0, L_0xb84e80;  1 drivers
v0xb71220_0 .net "inp_wdata", 15 0, L_0xb84b50;  1 drivers
v0xb712e0_0 .net "reg_we", 0 0, L_0xb84f90;  1 drivers
L_0xb84b50 .functor MUXZ 16, v0xb83530_0, v0xb83620_0, L_0xb84a90, C4<>;
S_0xb70140 .scope module, "out" "Nbit_reg" 4 53, 5 14 0, S_0xb6fe90;
 .timescale -9 -12;
    .port_info 0 /INPUT 16 "in";
    .port_info 1 /OUTPUT 16 "out";
    .port_info 2 /INPUT 1 "clk";
    .port_info 3 /INPUT 1 "we";
    .port_info 4 /INPUT 1 "gwe";
    .port_info 5 /INPUT 1 "rst";
P_0xb6eee0 .param/l "n" 0 5 14, +C4<00000000000000000000000000010000>;
P_0xb6ef20 .param/l "r" 0 5 14, +C4<00000000000000000000000000000000>;
L_0xb84890/d .functor BUFZ 16, v0xb70a30_0, C4<0000000000000000>, C4<0000000000000000>, C4<0000000000000000>;
L_0xb84890 .delay 16 (1000,1000,1000) L_0xb84890/d;
v0xb70550_0 .net "clk", 0 0, v0xb822d0_0;  alias, 1 drivers
v0xb70660_0 .net "gwe", 0 0, v0xb82850_0;  alias, 1 drivers
v0xb70770_0 .net "in", 15 0, L_0xb84b50;  alias, 1 drivers
v0xb70810_0 .net "out", 15 0, L_0xb84890;  alias, 1 drivers
v0xb708f0_0 .net "rst", 0 0, v0xb82f80_0;  alias, 1 drivers
v0xb70a30_0 .var "state", 15 0;
v0xb70b10_0 .net "we", 0 0, L_0xb84f90;  alias, 1 drivers
S_0xb71380 .scope generate, "genblk1[3]" "genblk1[3]" 4 52, 4 52 0, S_0xb0cad0;
 .timescale -9 -12;
P_0xb71560 .param/l "i" 0 4 52, +C4<011>;
L_0xb85300 .functor AND 1, v0xb837c0_0, L_0xb85200, C4<1>, C4<1>;
L_0xb85570 .functor AND 1, v0xb836f0_0, L_0xb854d0, C4<1>, C4<1>;
L_0xb85800 .functor AND 1, v0xb837c0_0, L_0xb855e0, C4<1>, C4<1>;
L_0xb858c0 .functor OR 1, L_0xb85570, L_0xb85800, C4<0>, C4<0>;
v0xb72080_0 .net *"_ivl_1", 0 0, L_0xb85200;  1 drivers
v0xb72180_0 .net *"_ivl_10", 0 0, L_0xb85800;  1 drivers
v0xb72260_0 .net *"_ivl_2", 0 0, L_0xb85300;  1 drivers
v0xb72320_0 .net *"_ivl_6", 0 0, L_0xb854d0;  1 drivers
v0xb72400_0 .net *"_ivl_7", 0 0, L_0xb85570;  1 drivers
v0xb72530_0 .net *"_ivl_9", 0 0, L_0xb855e0;  1 drivers
v0xb72610_0 .net "inp_wdata", 15 0, L_0xb85370;  1 drivers
v0xb726d0_0 .net "reg_we", 0 0, L_0xb858c0;  1 drivers
L_0xb85370 .functor MUXZ 16, v0xb83530_0, v0xb83620_0, L_0xb85300, C4<>;
S_0xb71620 .scope module, "out" "Nbit_reg" 4 53, 5 14 0, S_0xb71380;
 .timescale -9 -12;
    .port_info 0 /INPUT 16 "in";
    .port_info 1 /OUTPUT 16 "out";
    .port_info 2 /INPUT 1 "clk";
    .port_info 3 /INPUT 1 "we";
    .port_info 4 /INPUT 1 "gwe";
    .port_info 5 /INPUT 1 "rst";
P_0xb70370 .param/l "n" 0 5 14, +C4<00000000000000000000000000010000>;
P_0xb703b0 .param/l "r" 0 5 14, +C4<00000000000000000000000000000000>;
L_0xb850a0/d .functor BUFZ 16, v0xb71e20_0, C4<0000000000000000>, C4<0000000000000000>, C4<0000000000000000>;
L_0xb850a0 .delay 16 (1000,1000,1000) L_0xb850a0/d;
v0xb71a00_0 .net "clk", 0 0, v0xb822d0_0;  alias, 1 drivers
v0xb71ac0_0 .net "gwe", 0 0, v0xb82850_0;  alias, 1 drivers
v0xb71b80_0 .net "in", 15 0, L_0xb85370;  alias, 1 drivers
v0xb71c50_0 .net "out", 15 0, L_0xb850a0;  alias, 1 drivers
v0xb71d30_0 .net "rst", 0 0, v0xb82f80_0;  alias, 1 drivers
v0xb71e20_0 .var "state", 15 0;
v0xb71f00_0 .net "we", 0 0, L_0xb858c0;  alias, 1 drivers
S_0xb727a0 .scope generate, "genblk1[4]" "genblk1[4]" 4 52, 4 52 0, S_0xb0cad0;
 .timescale -9 -12;
P_0xb729d0 .param/l "i" 0 4 52, +C4<0100>;
L_0xb85d30 .functor AND 1, v0xb837c0_0, L_0xb85c90, C4<1>, C4<1>;
L_0xb85790 .functor AND 1, v0xb836f0_0, L_0xb85f50, C4<1>, C4<1>;
L_0xb86160 .functor AND 1, v0xb837c0_0, L_0xb860c0, C4<1>, C4<1>;
L_0xb86220 .functor OR 1, L_0xb85790, L_0xb86160, C4<0>, C4<0>;
v0xb73600_0 .net *"_ivl_1", 0 0, L_0xb85c90;  1 drivers
v0xb73700_0 .net *"_ivl_10", 0 0, L_0xb86160;  1 drivers
v0xb737e0_0 .net *"_ivl_2", 0 0, L_0xb85d30;  1 drivers
v0xb738a0_0 .net *"_ivl_6", 0 0, L_0xb85f50;  1 drivers
v0xb73980_0 .net *"_ivl_7", 0 0, L_0xb85790;  1 drivers
v0xb73a60_0 .net *"_ivl_9", 0 0, L_0xb860c0;  1 drivers
v0xb73b40_0 .net "inp_wdata", 15 0, L_0xb85df0;  1 drivers
v0xb73c00_0 .net "reg_we", 0 0, L_0xb86220;  1 drivers
L_0xb85df0 .functor MUXZ 16, v0xb83530_0, v0xb83620_0, L_0xb85d30, C4<>;
S_0xb72a90 .scope module, "out" "Nbit_reg" 4 53, 5 14 0, S_0xb727a0;
 .timescale -9 -12;
    .port_info 0 /INPUT 16 "in";
    .port_info 1 /OUTPUT 16 "out";
    .port_info 2 /INPUT 1 "clk";
    .port_info 3 /INPUT 1 "we";
    .port_info 4 /INPUT 1 "gwe";
    .port_info 5 /INPUT 1 "rst";
P_0xb71850 .param/l "n" 0 5 14, +C4<00000000000000000000000000010000>;
P_0xb71890 .param/l "r" 0 5 14, +C4<00000000000000000000000000000000>;
L_0xb85a20/d .functor BUFZ 16, v0xb73360_0, C4<0000000000000000>, C4<0000000000000000>, C4<0000000000000000>;
L_0xb85a20 .delay 16 (1000,1000,1000) L_0xb85a20/d;
v0xb72e70_0 .net "clk", 0 0, v0xb822d0_0;  alias, 1 drivers
v0xb72f30_0 .net "gwe", 0 0, v0xb82850_0;  alias, 1 drivers
v0xb73080_0 .net "in", 15 0, L_0xb85df0;  alias, 1 drivers
v0xb73150_0 .net "out", 15 0, L_0xb85a20;  alias, 1 drivers
v0xb73230_0 .net "rst", 0 0, v0xb82f80_0;  alias, 1 drivers
v0xb73360_0 .var "state", 15 0;
v0xb73440_0 .net "we", 0 0, L_0xb86220;  alias, 1 drivers
S_0xb73cd0 .scope generate, "genblk1[5]" "genblk1[5]" 4 52, 4 52 0, S_0xb0cad0;
 .timescale -9 -12;
P_0xb73e60 .param/l "i" 0 4 52, +C4<0101>;
L_0xb86610 .functor AND 1, v0xb837c0_0, L_0xb864e0, C4<1>, C4<1>;
L_0xb868d0 .functor AND 1, v0xb836f0_0, L_0xb86830, C4<1>, C4<1>;
L_0xb86ad0 .functor AND 1, v0xb837c0_0, L_0xb86990, C4<1>, C4<1>;
L_0xb86b90 .functor OR 1, L_0xb868d0, L_0xb86ad0, C4<0>, C4<0>;
v0xb74a80_0 .net *"_ivl_1", 0 0, L_0xb864e0;  1 drivers
v0xb74b80_0 .net *"_ivl_10", 0 0, L_0xb86ad0;  1 drivers
v0xb74c60_0 .net *"_ivl_2", 0 0, L_0xb86610;  1 drivers
v0xb74d20_0 .net *"_ivl_6", 0 0, L_0xb86830;  1 drivers
v0xb74e00_0 .net *"_ivl_7", 0 0, L_0xb868d0;  1 drivers
v0xb74f30_0 .net *"_ivl_9", 0 0, L_0xb86990;  1 drivers
v0xb75010_0 .net "inp_wdata", 15 0, L_0xb866d0;  1 drivers
v0xb750d0_0 .net "reg_we", 0 0, L_0xb86b90;  1 drivers
L_0xb866d0 .functor MUXZ 16, v0xb83530_0, v0xb83620_0, L_0xb86610, C4<>;
S_0xb73f20 .scope module, "out" "Nbit_reg" 4 53, 5 14 0, S_0xb73cd0;
 .timescale -9 -12;
    .port_info 0 /INPUT 16 "in";
    .port_info 1 /OUTPUT 16 "out";
    .port_info 2 /INPUT 1 "clk";
    .port_info 3 /INPUT 1 "we";
    .port_info 4 /INPUT 1 "gwe";
    .port_info 5 /INPUT 1 "rst";
P_0xb74100 .param/l "n" 0 5 14, +C4<00000000000000000000000000010000>;
P_0xb74140 .param/l "r" 0 5 14, +C4<00000000000000000000000000000000>;
L_0xb86380/d .functor BUFZ 16, v0xb747e0_0, C4<0000000000000000>, C4<0000000000000000>, C4<0000000000000000>;
L_0xb86380 .delay 16 (1000,1000,1000) L_0xb86380/d;
v0xb743c0_0 .net "clk", 0 0, v0xb822d0_0;  alias, 1 drivers
v0xb74480_0 .net "gwe", 0 0, v0xb82850_0;  alias, 1 drivers
v0xb74540_0 .net "in", 15 0, L_0xb866d0;  alias, 1 drivers
v0xb74610_0 .net "out", 15 0, L_0xb86380;  alias, 1 drivers
v0xb746f0_0 .net "rst", 0 0, v0xb82f80_0;  alias, 1 drivers
v0xb747e0_0 .var "state", 15 0;
v0xb748c0_0 .net "we", 0 0, L_0xb86b90;  alias, 1 drivers
S_0xb751a0 .scope generate, "genblk1[6]" "genblk1[6]" 4 52, 4 52 0, S_0xb0cad0;
 .timescale -9 -12;
P_0xb75380 .param/l "i" 0 4 52, +C4<0110>;
L_0xb86ef0 .functor AND 1, v0xb837c0_0, L_0xb86e50, C4<1>, C4<1>;
L_0xb87370 .functor AND 1, v0xb836f0_0, L_0xb87220, C4<1>, C4<1>;
L_0xb87540 .functor AND 1, v0xb837c0_0, L_0xb86a30, C4<1>, C4<1>;
L_0xb87600 .functor OR 1, L_0xb87370, L_0xb87540, C4<0>, C4<0>;
v0xb75f10_0 .net *"_ivl_1", 0 0, L_0xb86e50;  1 drivers
v0xb76010_0 .net *"_ivl_10", 0 0, L_0xb87540;  1 drivers
v0xb760f0_0 .net *"_ivl_2", 0 0, L_0xb86ef0;  1 drivers
v0xb761b0_0 .net *"_ivl_6", 0 0, L_0xb87220;  1 drivers
v0xb76290_0 .net *"_ivl_7", 0 0, L_0xb87370;  1 drivers
v0xb763c0_0 .net *"_ivl_9", 0 0, L_0xb86a30;  1 drivers
v0xb764a0_0 .net "inp_wdata", 15 0, L_0xb86fb0;  1 drivers
v0xb76560_0 .net "reg_we", 0 0, L_0xb87600;  1 drivers
L_0xb86fb0 .functor MUXZ 16, v0xb83530_0, v0xb83620_0, L_0xb86ef0, C4<>;
S_0xb75440 .scope module, "out" "Nbit_reg" 4 53, 5 14 0, S_0xb751a0;
 .timescale -9 -12;
    .port_info 0 /INPUT 16 "in";
    .port_info 1 /OUTPUT 16 "out";
    .port_info 2 /INPUT 1 "clk";
    .port_info 3 /INPUT 1 "we";
    .port_info 4 /INPUT 1 "gwe";
    .port_info 5 /INPUT 1 "rst";
P_0xb741e0 .param/l "n" 0 5 14, +C4<00000000000000000000000000010000>;
P_0xb74220 .param/l "r" 0 5 14, +C4<00000000000000000000000000000000>;
L_0xb86cf0/d .functor BUFZ 16, v0xb75c70_0, C4<0000000000000000>, C4<0000000000000000>, C4<0000000000000000>;
L_0xb86cf0 .delay 16 (1000,1000,1000) L_0xb86cf0/d;
v0xb75850_0 .net "clk", 0 0, v0xb822d0_0;  alias, 1 drivers
v0xb75910_0 .net "gwe", 0 0, v0xb82850_0;  alias, 1 drivers
v0xb759d0_0 .net "in", 15 0, L_0xb86fb0;  alias, 1 drivers
v0xb75aa0_0 .net "out", 15 0, L_0xb86cf0;  alias, 1 drivers
v0xb75b80_0 .net "rst", 0 0, v0xb82f80_0;  alias, 1 drivers
v0xb75c70_0 .var "state", 15 0;
v0xb75d50_0 .net "we", 0 0, L_0xb87600;  alias, 1 drivers
S_0xb76630 .scope generate, "genblk1[7]" "genblk1[7]" 4 52, 4 52 0, S_0xb0cad0;
 .timescale -9 -12;
P_0xb76810 .param/l "i" 0 4 52, +C4<0111>;
L_0xb87b30 .functor AND 1, v0xb837c0_0, L_0xb879d0, C4<1>, C4<1>;
L_0xb87df0 .functor AND 1, v0xb836f0_0, L_0xb87d50, C4<1>, C4<1>;
L_0xb88230 .functor AND 1, v0xb837c0_0, L_0xb87eb0, C4<1>, C4<1>;
L_0xb882f0 .functor OR 1, L_0xb87df0, L_0xb88230, C4<0>, C4<0>;
v0xb773a0_0 .net *"_ivl_1", 0 0, L_0xb879d0;  1 drivers
v0xb774a0_0 .net *"_ivl_10", 0 0, L_0xb88230;  1 drivers
v0xb77580_0 .net *"_ivl_2", 0 0, L_0xb87b30;  1 drivers
v0xb77640_0 .net *"_ivl_6", 0 0, L_0xb87d50;  1 drivers
v0xb77720_0 .net *"_ivl_7", 0 0, L_0xb87df0;  1 drivers
v0xb77850_0 .net *"_ivl_9", 0 0, L_0xb87eb0;  1 drivers
v0xb77930_0 .net "inp_wdata", 15 0, L_0xb87bf0;  1 drivers
v0xb779f0_0 .net "reg_we", 0 0, L_0xb882f0;  1 drivers
L_0xb87bf0 .functor MUXZ 16, v0xb83530_0, v0xb83620_0, L_0xb87b30, C4<>;
S_0xb768d0 .scope module, "out" "Nbit_reg" 4 53, 5 14 0, S_0xb76630;
 .timescale -9 -12;
    .port_info 0 /INPUT 16 "in";
    .port_info 1 /OUTPUT 16 "out";
    .port_info 2 /INPUT 1 "clk";
    .port_info 3 /INPUT 1 "we";
    .port_info 4 /INPUT 1 "gwe";
    .port_info 5 /INPUT 1 "rst";
P_0xb75670 .param/l "n" 0 5 14, +C4<00000000000000000000000000010000>;
P_0xb756b0 .param/l "r" 0 5 14, +C4<00000000000000000000000000000000>;
L_0xb87760/d .functor BUFZ 16, v0xb77100_0, C4<0000000000000000>, C4<0000000000000000>, C4<0000000000000000>;
L_0xb87760 .delay 16 (1000,1000,1000) L_0xb87760/d;
v0xb76ce0_0 .net "clk", 0 0, v0xb822d0_0;  alias, 1 drivers
v0xb76da0_0 .net "gwe", 0 0, v0xb82850_0;  alias, 1 drivers
v0xb76e60_0 .net "in", 15 0, L_0xb87bf0;  alias, 1 drivers
v0xb76f30_0 .net "out", 15 0, L_0xb87760;  alias, 1 drivers
v0xb77010_0 .net "rst", 0 0, v0xb82f80_0;  alias, 1 drivers
v0xb77100_0 .var "state", 15 0;
v0xb771e0_0 .net "we", 0 0, L_0xb882f0;  alias, 1 drivers
    .scope S_0xb12e30;
T_1 ;
    %wait E_0xaef4e0;
    %load/vec4 v0xb07080_0;
    %load/vec4 v0xb6e140_0;
    %and;
    %flag_set/vec4 8;
    %jmp/0xz  T_1.0, 8;
    %pushi/vec4 0, 0, 16;
    %store/vec4 v0xb6e250_0, 0, 16;
    %jmp T_1.1;
T_1.0 ;
    %load/vec4 v0xb07080_0;
    %load/vec4 v0xb6e330_0;
    %and;
    %flag_set/vec4 8;
    %jmp/0xz  T_1.2, 8;
    %load/vec4 v0xb51ad0_0;
    %store/vec4 v0xb6e250_0, 0, 16;
T_1.2 ;
T_1.1 ;
    %jmp T_1;
    .thread T_1;
    .scope S_0xb6ecb0;
T_2 ;
    %wait E_0xaef4e0;
    %load/vec4 v0xb6f1b0_0;
    %load/vec4 v0xb6f410_0;
    %and;
    %flag_set/vec4 8;
    %jmp/0xz  T_2.0, 8;
    %pushi/vec4 0, 0, 16;
    %store/vec4 v0xb6f500_0, 0, 16;
    %jmp T_2.1;
T_2.0 ;
    %load/vec4 v0xb6f1b0_0;
    %load/vec4 v0xb6f5c0_0;
    %and;
    %flag_set/vec4 8;
    %jmp/0xz  T_2.2, 8;
    %load/vec4 v0xb6f280_0;
    %store/vec4 v0xb6f500_0, 0, 16;
T_2.2 ;
T_2.1 ;
    %jmp T_2;
    .thread T_2;
    .scope S_0xb70140;
T_3 ;
    %wait E_0xaef4e0;
    %load/vec4 v0xb70660_0;
    %load/vec4 v0xb708f0_0;
    %and;
    %flag_set/vec4 8;
    %jmp/0xz  T_3.0, 8;
    %pushi/vec4 0, 0, 16;
    %store/vec4 v0xb70a30_0, 0, 16;
    %jmp T_3.1;
T_3.0 ;
    %load/vec4 v0xb70660_0;
    %load/vec4 v0xb70b10_0;
    %and;
    %flag_set/vec4 8;
    %jmp/0xz  T_3.2, 8;
    %load/vec4 v0xb70770_0;
    %store/vec4 v0xb70a30_0, 0, 16;
T_3.2 ;
T_3.1 ;
    %jmp T_3;
    .thread T_3;
    .scope S_0xb71620;
T_4 ;
    %wait E_0xaef4e0;
    %load/vec4 v0xb71ac0_0;
    %load/vec4 v0xb71d30_0;
    %and;
    %flag_set/vec4 8;
    %jmp/0xz  T_4.0, 8;
    %pushi/vec4 0, 0, 16;
    %store/vec4 v0xb71e20_0, 0, 16;
    %jmp T_4.1;
T_4.0 ;
    %load/vec4 v0xb71ac0_0;
    %load/vec4 v0xb71f00_0;
    %and;
    %flag_set/vec4 8;
    %jmp/0xz  T_4.2, 8;
    %load/vec4 v0xb71b80_0;
    %store/vec4 v0xb71e20_0, 0, 16;
T_4.2 ;
T_4.1 ;
    %jmp T_4;
    .thread T_4;
    .scope S_0xb72a90;
T_5 ;
    %wait E_0xaef4e0;
    %load/vec4 v0xb72f30_0;
    %load/vec4 v0xb73230_0;
    %and;
    %flag_set/vec4 8;
    %jmp/0xz  T_5.0, 8;
    %pushi/vec4 0, 0, 16;
    %store/vec4 v0xb73360_0, 0, 16;
    %jmp T_5.1;
T_5.0 ;
    %load/vec4 v0xb72f30_0;
    %load/vec4 v0xb73440_0;
    %and;
    %flag_set/vec4 8;
    %jmp/0xz  T_5.2, 8;
    %load/vec4 v0xb73080_0;
    %store/vec4 v0xb73360_0, 0, 16;
T_5.2 ;
T_5.1 ;
    %jmp T_5;
    .thread T_5;
    .scope S_0xb73f20;
T_6 ;
    %wait E_0xaef4e0;
    %load/vec4 v0xb74480_0;
    %load/vec4 v0xb746f0_0;
    %and;
    %flag_set/vec4 8;
    %jmp/0xz  T_6.0, 8;
    %pushi/vec4 0, 0, 16;
    %store/vec4 v0xb747e0_0, 0, 16;
    %jmp T_6.1;
T_6.0 ;
    %load/vec4 v0xb74480_0;
    %load/vec4 v0xb748c0_0;
    %and;
    %flag_set/vec4 8;
    %jmp/0xz  T_6.2, 8;
    %load/vec4 v0xb74540_0;
    %store/vec4 v0xb747e0_0, 0, 16;
T_6.2 ;
T_6.1 ;
    %jmp T_6;
    .thread T_6;
    .scope S_0xb75440;
T_7 ;
    %wait E_0xaef4e0;
    %load/vec4 v0xb75910_0;
    %load/vec4 v0xb75b80_0;
    %and;
    %flag_set/vec4 8;
    %jmp/0xz  T_7.0, 8;
    %pushi/vec4 0, 0, 16;
    %store/vec4 v0xb75c70_0, 0, 16;
    %jmp T_7.1;
T_7.0 ;
    %load/vec4 v0xb75910_0;
    %load/vec4 v0xb75d50_0;
    %and;
    %flag_set/vec4 8;
    %jmp/0xz  T_7.2, 8;
    %load/vec4 v0xb759d0_0;
    %store/vec4 v0xb75c70_0, 0, 16;
T_7.2 ;
T_7.1 ;
    %jmp T_7;
    .thread T_7;
    .scope S_0xb768d0;
T_8 ;
    %wait E_0xaef4e0;
    %load/vec4 v0xb76da0_0;
    %load/vec4 v0xb77010_0;
    %and;
    %flag_set/vec4 8;
    %jmp/0xz  T_8.0, 8;
    %pushi/vec4 0, 0, 16;
    %store/vec4 v0xb77100_0, 0, 16;
    %jmp T_8.1;
T_8.0 ;
    %load/vec4 v0xb76da0_0;
    %load/vec4 v0xb771e0_0;
    %and;
    %flag_set/vec4 8;
    %jmp/0xz  T_8.2, 8;
    %load/vec4 v0xb76e60_0;
    %store/vec4 v0xb77100_0, 0, 16;
T_8.2 ;
T_8.1 ;
    %jmp T_8;
    .thread T_8;
    .scope S_0xb19190;
T_9 ;
    %delay 5000, 0;
    %load/vec4 v0xb822d0_0;
    %inv;
    %assign/vec4 v0xb822d0_0, 0;
    %jmp T_9;
    .thread T_9;
    .scope S_0xb19190;
T_10 ;
    %pushi/vec4 0, 0, 3;
    %store/vec4 v0xb82c40_0, 0, 3;
    %pushi/vec4 0, 0, 3;
    %store/vec4 v0xb83020_0, 0, 3;
    %pushi/vec4 0, 0, 3;
    %store/vec4 v0xb82ab0_0, 0, 3;
    %pushi/vec4 0, 0, 1;
    %store/vec4 v0xb836f0_0, 0, 1;
    %pushi/vec4 0, 0, 16;
    %store/vec4 v0xb83530_0, 0, 16;
    %pushi/vec4 0, 0, 3;
    %store/vec4 v0xb82d10_0, 0, 3;
    %pushi/vec4 0, 0, 3;
    %store/vec4 v0xb83200_0, 0, 3;
    %pushi/vec4 0, 0, 3;
    %store/vec4 v0xb82b70_0, 0, 3;
    %pushi/vec4 0, 0, 1;
    %store/vec4 v0xb837c0_0, 0, 1;
    %pushi/vec4 0, 0, 16;
    %store/vec4 v0xb83620_0, 0, 16;
    %pushi/vec4 1, 0, 1;
    %store/vec4 v0xb82f80_0, 0, 1;
    %pushi/vec4 0, 0, 1;
    %store/vec4 v0xb822d0_0, 0, 1;
    %pushi/vec4 1, 0, 1;
    %store/vec4 v0xb82850_0, 0, 1;
    %pushi/vec4 0, 0, 32;
    %store/vec4 v0xb82390_0, 0, 32;
    %pushi/vec4 0, 0, 32;
    %store/vec4 v0xb83470_0, 0, 32;
    %pushi/vec4 0, 0, 32;
    %store/vec4 v0xb829d0_0, 0, 32;
    %vpi_func 2 104 "$fopen" 32, "test_lc4_regfile_ss.input", "r" {0 0 0};
    %store/vec4 v0xb828f0_0, 0, 32;
    %load/vec4 v0xb828f0_0;
    %cmpi/e 0, 0, 32;
    %jmp/0xz  T_10.0, 4;
    %vpi_call 2 106 "$display", "Error opening file: ", "test_lc4_regfile_ss.input" {0 0 0};
    %vpi_call 2 107 "$finish" {0 0 0};
T_10.0 ;
    %delay 100000, 0;
    %delay 5000, 0;
    %pushi/vec4 0, 0, 1;
    %store/vec4 v0xb82f80_0, 0, 1;
    %delay 2000, 0;
T_10.2 ;
    %vpi_func 2 126 "$fscanf" 32, v0xb828f0_0, "%d %d %d %b %h %h %h %d %d %d %b %h %h %h", v0xb82c40_0, v0xb83020_0, v0xb82ab0_0, v0xb836f0_0, v0xb83530_0, v0xb82470_0, v0xb82640_0, v0xb82d10_0, v0xb83200_0, v0xb82b70_0, v0xb837c0_0, v0xb83620_0, v0xb82560_0, v0xb82770_0 {0 0 0};
    %cmpi/e 14, 0, 32;
    %jmp/0xz T_10.3, 4;
    %delay 8000, 0;
    %load/vec4 v0xb83470_0;
    %addi 4, 0, 32;
    %store/vec4 v0xb83470_0, 0, 32;
    %load/vec4 v0xb829d0_0;
    %cmpi/ne 0, 0, 32;
    %jmp/0xz  T_10.4, 4;
    %vpi_call 2 135 "$fdisplay", v0xb829d0_0, "%d %d %d %b %h %h %h %d %d %d %b %h %h %h", v0xb82c40_0, v0xb83020_0, v0xb82ab0_0, v0xb836f0_0, v0xb83530_0, v0xb82de0_0, v0xb832d0_0, v0xb82d10_0, v0xb83200_0, v0xb82b70_0, v0xb837c0_0, v0xb83620_0, v0xb82eb0_0, v0xb833a0_0 {0 0 0};
T_10.4 ;
    %load/vec4 v0xb82de0_0;
    %load/vec4 v0xb82470_0;
    %cmp/ne;
    %jmp/0xz  T_10.6, 6;
    %vpi_call 2 139 "$display", "Error at test %d: Value of register %d on output rs_A should have been %h, but was %h instead", v0xb83470_0, v0xb82c40_0, v0xb82470_0, v0xb82de0_0 {0 0 0};
    %load/vec4 v0xb82390_0;
    %addi 1, 0, 32;
    %store/vec4 v0xb82390_0, 0, 32;
T_10.6 ;
    %load/vec4 v0xb832d0_0;
    %load/vec4 v0xb82640_0;
    %cmp/ne;
    %jmp/0xz  T_10.8, 6;
    %vpi_call 2 144 "$display", "Error at test %d: Value of register %d on output rt_A should have been %h, but was %h instead", v0xb83470_0, v0xb83020_0, v0xb82640_0, v0xb832d0_0 {0 0 0};
    %load/vec4 v0xb82390_0;
    %addi 1, 0, 32;
    %store/vec4 v0xb82390_0, 0, 32;
T_10.8 ;
    %load/vec4 v0xb82eb0_0;
    %load/vec4 v0xb82560_0;
    %cmp/ne;
    %jmp/0xz  T_10.10, 6;
    %vpi_call 2 149 "$display", "Error at test %d: Value of register %d on output rs_B should have been %h, but was %h instead", v0xb83470_0, v0xb82d10_0, v0xb82560_0, v0xb82eb0_0 {0 0 0};
    %load/vec4 v0xb82390_0;
    %addi 1, 0, 32;
    %store/vec4 v0xb82390_0, 0, 32;
T_10.10 ;
    %load/vec4 v0xb833a0_0;
    %load/vec4 v0xb82770_0;
    %cmp/ne;
    %jmp/0xz  T_10.12, 6;
    %vpi_call 2 154 "$display", "Error at test %d: Value of register %d on output rt_B should have been %h, but was %h instead", v0xb83470_0, v0xb83200_0, v0xb82770_0, v0xb833a0_0 {0 0 0};
    %load/vec4 v0xb82390_0;
    %addi 1, 0, 32;
    %store/vec4 v0xb82390_0, 0, 32;
T_10.12 ;
    %delay 2000, 0;
    %jmp T_10.2;
T_10.3 ;
    %load/vec4 v0xb828f0_0;
    %cmpi/ne 0, 0, 32;
    %jmp/0xz  T_10.14, 4;
    %vpi_call 2 162 "$fclose", v0xb828f0_0 {0 0 0};
T_10.14 ;
    %load/vec4 v0xb829d0_0;
    %cmpi/ne 0, 0, 32;
    %jmp/0xz  T_10.16, 4;
    %vpi_call 2 163 "$fclose", v0xb829d0_0 {0 0 0};
T_10.16 ;
    %vpi_call 2 164 "$display", "Simulation finished: %d test cases %d errors [%s]", v0xb83470_0, v0xb82390_0, "test_lc4_regfile_ss.input" {0 0 0};
    %load/vec4 v0xb83470_0;
    %store/vec4 v0xb10500_0, 0, 32;
    %load/vec4 v0xb83470_0;
    %load/vec4 v0xb82390_0;
    %sub;
    %store/vec4 v0xb136b0_0, 0, 32;
    %fork TD_test_regfile.printPoints, S_0xb09920;
    %join;
    %vpi_call 2 166 "$finish" {0 0 0};
    %end;
    .thread T_10;
# The file index is used to find the file name in the following table.
:file_names 6;
    "N/A";
    "<interactive>";
    "testbench_lc4_regfile_ss.v";
    "./print_points.v";
    "lc4_regfile_ss.v";
    "register.v";
