#! /home1/c/cis5710/tools/bin/vvp
:ivl_version "11.0 (stable)" "(v11_0)";
:ivl_delay_selection "TYPICAL";
:vpi_time_precision - 12;
:vpi_module "/home1/c/cis5710/tools/lib/ivl/system.vpi";
:vpi_module "/home1/c/cis5710/tools/lib/ivl/vhdl_sys.vpi";
:vpi_module "/home1/c/cis5710/tools/lib/ivl/vhdl_textio.vpi";
:vpi_module "/home1/c/cis5710/tools/lib/ivl/v2005_math.vpi";
:vpi_module "/home1/c/cis5710/tools/lib/ivl/va_math.vpi";
S_0x157c2b0 .scope module, "test_regfile" "test_regfile" 2 16;
 .timescale -9 -12;
v0x15c12d0_0 .var "clk", 0 0;
v0x15c1390_0 .var/i "errors", 31 0;
v0x15c1470_0 .var "expectedValue1", 15 0;
v0x15c1560_0 .var "expectedValue2", 15 0;
v0x15c1640_0 .var "gwe", 0 0;
v0x15c1730_0 .var/i "input_file", 31 0;
v0x15c1810_0 .var/i "output_file", 31 0;
v0x15c18f0_0 .var "rd", 2 0;
v0x15c19b0_0 .var "rs", 2 0;
v0x15c1a80_0 .net "rs_data", 15 0, L_0x15c65d0;  1 drivers
v0x15c1b50_0 .var "rst", 0 0;
v0x15c1bf0_0 .var "rt", 2 0;
v0x15c1cc0_0 .net "rt_data", 15 0, L_0x15c7d10;  1 drivers
v0x15c1d90_0 .var/i "tests", 31 0;
v0x15c1e50_0 .var "wdata", 15 0;
v0x15c1f10_0 .var "wen", 0 0;
S_0x1576250 .scope task, "printPoints" "printPoints" 3 1, 3 1 0, S_0x157c2b0;
 .timescale -9 -12;
v0x1579a70_0 .var "actual", 31 0;
v0x1578210_0 .var "possible", 31 0;
TD_test_regfile.printPoints ;
    %vpi_call 3 4 "$display", "<scorePossible>%d</scorePossible>", v0x1578210_0 {0 0 0};
    %vpi_call 3 5 "$display", "<scoreActual>%d</scoreActual>", v0x1579a70_0 {0 0 0};
    %end;
S_0x1577a20 .scope module, "regfile" "lc4_regfile" 2 41, 4 14 0, S_0x157c2b0;
 .timescale -9 -12;
    .port_info 0 /INPUT 1 "clk";
    .port_info 1 /INPUT 1 "gwe";
    .port_info 2 /INPUT 1 "rst";
    .port_info 3 /INPUT 3 "i_rs";
    .port_info 4 /OUTPUT 16 "o_rs_data";
    .port_info 5 /INPUT 3 "i_rt";
    .port_info 6 /OUTPUT 16 "o_rt_data";
    .port_info 7 /INPUT 3 "i_rd";
    .port_info 8 /INPUT 16 "i_wdata";
    .port_info 9 /INPUT 1 "i_rd_we";
P_0x15b5110 .param/l "n" 0 4 14, +C4<00000000000000000000000000010000>;
v0x15bc620_0 .net *"_ivl_10", 0 0, L_0x15c0cf0;  1 drivers
v0x15bc6c0_0 .net *"_ivl_102", 15 0, L_0x15c5b70;  1 drivers
v0x15bc7a0_0 .net *"_ivl_104", 15 0, L_0x15c5d60;  1 drivers
v0x15bc890_0 .net *"_ivl_106", 15 0, L_0x15c5ea0;  1 drivers
v0x15bc970_0 .net *"_ivl_108", 15 0, L_0x15c60f0;  1 drivers
v0x15bcaa0_0 .net *"_ivl_110", 15 0, L_0x15c6230;  1 drivers
v0x15bcb80_0 .net *"_ivl_112", 15 0, L_0x15c6490;  1 drivers
L_0x7f54fbf20648 .functor BUFT 1, C4<000>, C4<0>, C4<0>, C4<0>;
v0x15bcc60_0 .net/2u *"_ivl_116", 2 0, L_0x7f54fbf20648;  1 drivers
v0x15bcd40_0 .net *"_ivl_118", 0 0, L_0x15c67a0;  1 drivers
L_0x7f54fbf20060 .functor BUFT 1, C4<00000001>, C4<0>, C4<0>, C4<0>;
v0x15bce00_0 .net/2u *"_ivl_12", 7 0, L_0x7f54fbf20060;  1 drivers
L_0x7f54fbf20690 .functor BUFT 1, C4<001>, C4<0>, C4<0>, C4<0>;
v0x15bcee0_0 .net/2u *"_ivl_121", 2 0, L_0x7f54fbf20690;  1 drivers
v0x15bcfc0_0 .net *"_ivl_123", 0 0, L_0x15c68e0;  1 drivers
L_0x7f54fbf206d8 .functor BUFT 1, C4<010>, C4<0>, C4<0>, C4<0>;
v0x15bd080_0 .net/2u *"_ivl_126", 2 0, L_0x7f54fbf206d8;  1 drivers
v0x15bd160_0 .net *"_ivl_128", 0 0, L_0x15c6b10;  1 drivers
L_0x7f54fbf20720 .functor BUFT 1, C4<011>, C4<0>, C4<0>, C4<0>;
v0x15bd220_0 .net/2u *"_ivl_131", 2 0, L_0x7f54fbf20720;  1 drivers
v0x15bd300_0 .net *"_ivl_133", 0 0, L_0x15c6bb0;  1 drivers
L_0x7f54fbf20768 .functor BUFT 1, C4<100>, C4<0>, C4<0>, C4<0>;
v0x15bd3c0_0 .net/2u *"_ivl_136", 2 0, L_0x7f54fbf20768;  1 drivers
v0x15bd4a0_0 .net *"_ivl_138", 0 0, L_0x15c6df0;  1 drivers
L_0x7f54fbf200a8 .functor BUFT 1, C4<001>, C4<0>, C4<0>, C4<0>;
v0x15bd560_0 .net/2u *"_ivl_14", 2 0, L_0x7f54fbf200a8;  1 drivers
L_0x7f54fbf207b0 .functor BUFT 1, C4<101>, C4<0>, C4<0>, C4<0>;
v0x15bd640_0 .net/2u *"_ivl_141", 2 0, L_0x7f54fbf207b0;  1 drivers
v0x15bd720_0 .net *"_ivl_143", 0 0, L_0x15c6ee0;  1 drivers
L_0x7f54fbf207f8 .functor BUFT 1, C4<110>, C4<0>, C4<0>, C4<0>;
v0x15bd7e0_0 .net/2u *"_ivl_146", 2 0, L_0x7f54fbf207f8;  1 drivers
v0x15bd8c0_0 .net *"_ivl_148", 0 0, L_0x15c7130;  1 drivers
v0x15bd980_0 .net *"_ivl_152", 15 0, L_0x15c7220;  1 drivers
v0x15bda60_0 .net *"_ivl_154", 15 0, L_0x15c7480;  1 drivers
v0x15bdb40_0 .net *"_ivl_156", 15 0, L_0x15c7520;  1 drivers
v0x15bdc20_0 .net *"_ivl_158", 15 0, L_0x15c7790;  1 drivers
v0x15bdd00_0 .net *"_ivl_16", 0 0, L_0x15c3b60;  1 drivers
v0x15bddc0_0 .net *"_ivl_160", 15 0, L_0x15c7880;  1 drivers
v0x15bdea0_0 .net *"_ivl_162", 15 0, L_0x15c7b90;  1 drivers
L_0x7f54fbf200f0 .functor BUFT 1, C4<00000010>, C4<0>, C4<0>, C4<0>;
v0x15bdf80_0 .net/2u *"_ivl_18", 7 0, L_0x7f54fbf200f0;  1 drivers
L_0x7f54fbf20138 .functor BUFT 1, C4<010>, C4<0>, C4<0>, C4<0>;
v0x15be060_0 .net/2u *"_ivl_20", 2 0, L_0x7f54fbf20138;  1 drivers
v0x15be140_0 .net *"_ivl_22", 0 0, L_0x15c3cb0;  1 drivers
L_0x7f54fbf20180 .functor BUFT 1, C4<00000100>, C4<0>, C4<0>, C4<0>;
v0x15be410_0 .net/2u *"_ivl_24", 7 0, L_0x7f54fbf20180;  1 drivers
L_0x7f54fbf201c8 .functor BUFT 1, C4<011>, C4<0>, C4<0>, C4<0>;
v0x15be4f0_0 .net/2u *"_ivl_26", 2 0, L_0x7f54fbf201c8;  1 drivers
v0x15be5d0_0 .net *"_ivl_28", 0 0, L_0x15c3d50;  1 drivers
L_0x7f54fbf20210 .functor BUFT 1, C4<00001000>, C4<0>, C4<0>, C4<0>;
v0x15be690_0 .net/2u *"_ivl_30", 7 0, L_0x7f54fbf20210;  1 drivers
L_0x7f54fbf20258 .functor BUFT 1, C4<100>, C4<0>, C4<0>, C4<0>;
v0x15be770_0 .net/2u *"_ivl_32", 2 0, L_0x7f54fbf20258;  1 drivers
v0x15be850_0 .net *"_ivl_34", 0 0, L_0x15c3ee0;  1 drivers
L_0x7f54fbf202a0 .functor BUFT 1, C4<00010000>, C4<0>, C4<0>, C4<0>;
v0x15be910_0 .net/2u *"_ivl_36", 7 0, L_0x7f54fbf202a0;  1 drivers
L_0x7f54fbf202e8 .functor BUFT 1, C4<101>, C4<0>, C4<0>, C4<0>;
v0x15be9f0_0 .net/2u *"_ivl_38", 2 0, L_0x7f54fbf202e8;  1 drivers
v0x15bead0_0 .net *"_ivl_40", 0 0, L_0x15c3fe0;  1 drivers
L_0x7f54fbf20330 .functor BUFT 1, C4<00100000>, C4<0>, C4<0>, C4<0>;
v0x15beb90_0 .net/2u *"_ivl_42", 7 0, L_0x7f54fbf20330;  1 drivers
L_0x7f54fbf20378 .functor BUFT 1, C4<110>, C4<0>, C4<0>, C4<0>;
v0x15bec70_0 .net/2u *"_ivl_44", 2 0, L_0x7f54fbf20378;  1 drivers
v0x15bed50_0 .net *"_ivl_46", 0 0, L_0x15c41b0;  1 drivers
L_0x7f54fbf203c0 .functor BUFT 1, C4<01000000>, C4<0>, C4<0>, C4<0>;
v0x15bee10_0 .net/2u *"_ivl_48", 7 0, L_0x7f54fbf203c0;  1 drivers
L_0x7f54fbf20408 .functor BUFT 1, C4<10000000>, C4<0>, C4<0>, C4<0>;
v0x15beef0_0 .net/2u *"_ivl_50", 7 0, L_0x7f54fbf20408;  1 drivers
v0x15befd0_0 .net *"_ivl_52", 7 0, L_0x15c4300;  1 drivers
v0x15bf0b0_0 .net *"_ivl_54", 7 0, L_0x15c4550;  1 drivers
v0x15bf190_0 .net *"_ivl_56", 7 0, L_0x15c46e0;  1 drivers
v0x15bf270_0 .net *"_ivl_58", 7 0, L_0x15c4910;  1 drivers
v0x15bf350_0 .net *"_ivl_60", 7 0, L_0x15c4aa0;  1 drivers
v0x15bf430_0 .net *"_ivl_62", 7 0, L_0x15c4780;  1 drivers
L_0x7f54fbf20450 .functor BUFT 1, C4<000>, C4<0>, C4<0>, C4<0>;
v0x15bf510_0 .net/2u *"_ivl_66", 2 0, L_0x7f54fbf20450;  1 drivers
v0x15bf5f0_0 .net *"_ivl_68", 0 0, L_0x15c5020;  1 drivers
L_0x7f54fbf20498 .functor BUFT 1, C4<001>, C4<0>, C4<0>, C4<0>;
v0x15bf6b0_0 .net/2u *"_ivl_71", 2 0, L_0x7f54fbf20498;  1 drivers
v0x15bf790_0 .net *"_ivl_73", 0 0, L_0x15c5270;  1 drivers
L_0x7f54fbf204e0 .functor BUFT 1, C4<010>, C4<0>, C4<0>, C4<0>;
v0x15bf850_0 .net/2u *"_ivl_76", 2 0, L_0x7f54fbf204e0;  1 drivers
v0x15bf930_0 .net *"_ivl_78", 0 0, L_0x15c5430;  1 drivers
L_0x7f54fbf20018 .functor BUFT 1, C4<000>, C4<0>, C4<0>, C4<0>;
v0x15bf9f0_0 .net/2u *"_ivl_8", 2 0, L_0x7f54fbf20018;  1 drivers
L_0x7f54fbf20528 .functor BUFT 1, C4<011>, C4<0>, C4<0>, C4<0>;
v0x15bfad0_0 .net/2u *"_ivl_81", 2 0, L_0x7f54fbf20528;  1 drivers
v0x15bfbb0_0 .net *"_ivl_83", 0 0, L_0x15c54d0;  1 drivers
L_0x7f54fbf20570 .functor BUFT 1, C4<100>, C4<0>, C4<0>, C4<0>;
v0x15bfc70_0 .net/2u *"_ivl_86", 2 0, L_0x7f54fbf20570;  1 drivers
v0x15bfd50_0 .net *"_ivl_88", 0 0, L_0x15c56a0;  1 drivers
L_0x7f54fbf205b8 .functor BUFT 1, C4<101>, C4<0>, C4<0>, C4<0>;
v0x15bfe10_0 .net/2u *"_ivl_91", 2 0, L_0x7f54fbf205b8;  1 drivers
v0x15c0300_0 .net *"_ivl_93", 0 0, L_0x15c5790;  1 drivers
L_0x7f54fbf20600 .functor BUFT 1, C4<110>, C4<0>, C4<0>, C4<0>;
v0x15c03c0_0 .net/2u *"_ivl_96", 2 0, L_0x7f54fbf20600;  1 drivers
v0x15c04a0_0 .net *"_ivl_98", 0 0, L_0x15c5970;  1 drivers
v0x15c0560_0 .net "clk", 0 0, v0x15c12d0_0;  1 drivers
v0x15c0600_0 .net "gwe", 0 0, v0x15c1640_0;  1 drivers
v0x15c06a0_0 .net "i_rd", 2 0, v0x15c18f0_0;  1 drivers
v0x15c0780_0 .net "i_rd_we", 0 0, v0x15c1f10_0;  1 drivers
v0x15c0840_0 .net "i_rs", 2 0, v0x15c19b0_0;  1 drivers
v0x15c0920_0 .net "i_rt", 2 0, v0x15c1bf0_0;  1 drivers
v0x15c0a00_0 .net "i_wdata", 15 0, v0x15c1e50_0;  1 drivers
v0x15c0bd0 .array "oReg", 0 7;
v0x15c0bd0_0 .net v0x15c0bd0 0, 15 0, L_0x1576920; 1 drivers
v0x15c0bd0_1 .net v0x15c0bd0 1, 15 0, L_0x1573980; 1 drivers
v0x15c0bd0_2 .net v0x15c0bd0 2, 15 0, L_0x15971f0; 1 drivers
v0x15c0bd0_3 .net v0x15c0bd0 3, 15 0, L_0x15c29a0; 1 drivers
v0x15c0bd0_4 .net v0x15c0bd0 4, 15 0, L_0x15c2cf0; 1 drivers
v0x15c0bd0_5 .net v0x15c0bd0 5, 15 0, L_0x15c3080; 1 drivers
v0x15c0bd0_6 .net v0x15c0bd0 6, 15 0, L_0x15c33d0; 1 drivers
v0x15c0bd0_7 .net v0x15c0bd0 7, 15 0, L_0x15c3880; 1 drivers
v0x15c0de0_0 .net "o_rs_data", 15 0, L_0x15c65d0;  alias, 1 drivers
v0x15c0e80_0 .net "o_rt_data", 15 0, L_0x15c7d10;  alias, 1 drivers
v0x15c0f20_0 .net "rst", 0 0, v0x15c1b50_0;  1 drivers
v0x15c10d0_0 .net "temp", 7 0, L_0x15c4dd0;  1 drivers
L_0x15c1fe0 .part L_0x15c4dd0, 0, 1;
L_0x15c23a0 .part L_0x15c4dd0, 1, 1;
L_0x15c2660 .part L_0x15c4dd0, 2, 1;
L_0x15c2880 .part L_0x15c4dd0, 3, 1;
L_0x15c2b20 .part L_0x15c4dd0, 4, 1;
L_0x15c2e70 .part L_0x15c4dd0, 5, 1;
L_0x15c3200 .part L_0x15c4dd0, 6, 1;
L_0x15c3660 .part L_0x15c4dd0, 7, 1;
L_0x15c0cf0 .cmp/eq 3, v0x15c18f0_0, L_0x7f54fbf20018;
L_0x15c3b60 .cmp/eq 3, v0x15c18f0_0, L_0x7f54fbf200a8;
L_0x15c3cb0 .cmp/eq 3, v0x15c18f0_0, L_0x7f54fbf20138;
L_0x15c3d50 .cmp/eq 3, v0x15c18f0_0, L_0x7f54fbf201c8;
L_0x15c3ee0 .cmp/eq 3, v0x15c18f0_0, L_0x7f54fbf20258;
L_0x15c3fe0 .cmp/eq 3, v0x15c18f0_0, L_0x7f54fbf202e8;
L_0x15c41b0 .cmp/eq 3, v0x15c18f0_0, L_0x7f54fbf20378;
L_0x15c4300 .functor MUXZ 8, L_0x7f54fbf20408, L_0x7f54fbf203c0, L_0x15c41b0, C4<>;
L_0x15c4550 .functor MUXZ 8, L_0x15c4300, L_0x7f54fbf20330, L_0x15c3fe0, C4<>;
L_0x15c46e0 .functor MUXZ 8, L_0x15c4550, L_0x7f54fbf202a0, L_0x15c3ee0, C4<>;
L_0x15c4910 .functor MUXZ 8, L_0x15c46e0, L_0x7f54fbf20210, L_0x15c3d50, C4<>;
L_0x15c4aa0 .functor MUXZ 8, L_0x15c4910, L_0x7f54fbf20180, L_0x15c3cb0, C4<>;
L_0x15c4780 .functor MUXZ 8, L_0x15c4aa0, L_0x7f54fbf200f0, L_0x15c3b60, C4<>;
L_0x15c4dd0 .functor MUXZ 8, L_0x15c4780, L_0x7f54fbf20060, L_0x15c0cf0, C4<>;
L_0x15c5020 .cmp/eq 3, v0x15c19b0_0, L_0x7f54fbf20450;
L_0x15c5270 .cmp/eq 3, v0x15c19b0_0, L_0x7f54fbf20498;
L_0x15c5430 .cmp/eq 3, v0x15c19b0_0, L_0x7f54fbf204e0;
L_0x15c54d0 .cmp/eq 3, v0x15c19b0_0, L_0x7f54fbf20528;
L_0x15c56a0 .cmp/eq 3, v0x15c19b0_0, L_0x7f54fbf20570;
L_0x15c5790 .cmp/eq 3, v0x15c19b0_0, L_0x7f54fbf205b8;
L_0x15c5970 .cmp/eq 3, v0x15c19b0_0, L_0x7f54fbf20600;
L_0x15c5b70 .functor MUXZ 16, L_0x15c3880, L_0x15c33d0, L_0x15c5970, C4<>;
L_0x15c5d60 .functor MUXZ 16, L_0x15c5b70, L_0x15c3080, L_0x15c5790, C4<>;
L_0x15c5ea0 .functor MUXZ 16, L_0x15c5d60, L_0x15c2cf0, L_0x15c56a0, C4<>;
L_0x15c60f0 .functor MUXZ 16, L_0x15c5ea0, L_0x15c29a0, L_0x15c54d0, C4<>;
L_0x15c6230 .functor MUXZ 16, L_0x15c60f0, L_0x15971f0, L_0x15c5430, C4<>;
L_0x15c6490 .functor MUXZ 16, L_0x15c6230, L_0x1573980, L_0x15c5270, C4<>;
L_0x15c65d0 .functor MUXZ 16, L_0x15c6490, L_0x1576920, L_0x15c5020, C4<>;
L_0x15c67a0 .cmp/eq 3, v0x15c1bf0_0, L_0x7f54fbf20648;
L_0x15c68e0 .cmp/eq 3, v0x15c1bf0_0, L_0x7f54fbf20690;
L_0x15c6b10 .cmp/eq 3, v0x15c1bf0_0, L_0x7f54fbf206d8;
L_0x15c6bb0 .cmp/eq 3, v0x15c1bf0_0, L_0x7f54fbf20720;
L_0x15c6df0 .cmp/eq 3, v0x15c1bf0_0, L_0x7f54fbf20768;
L_0x15c6ee0 .cmp/eq 3, v0x15c1bf0_0, L_0x7f54fbf207b0;
L_0x15c7130 .cmp/eq 3, v0x15c1bf0_0, L_0x7f54fbf207f8;
L_0x15c7220 .functor MUXZ 16, L_0x15c3880, L_0x15c33d0, L_0x15c7130, C4<>;
L_0x15c7480 .functor MUXZ 16, L_0x15c7220, L_0x15c3080, L_0x15c6ee0, C4<>;
L_0x15c7520 .functor MUXZ 16, L_0x15c7480, L_0x15c2cf0, L_0x15c6df0, C4<>;
L_0x15c7790 .functor MUXZ 16, L_0x15c7520, L_0x15c29a0, L_0x15c6bb0, C4<>;
L_0x15c7880 .functor MUXZ 16, L_0x15c7790, L_0x15971f0, L_0x15c6b10, C4<>;
L_0x15c7b90 .functor MUXZ 16, L_0x15c7880, L_0x1573980, L_0x15c68e0, C4<>;
L_0x15c7d10 .functor MUXZ 16, L_0x15c7b90, L_0x1576920, L_0x15c67a0, C4<>;
S_0x15791f0 .scope generate, "genblk1[0]" "genblk1[0]" 4 36, 4 36 0, S_0x1577a20;
 .timescale -9 -12;
P_0x15b5320 .param/l "i" 0 4 36, +C4<00>;
L_0x15780f0 .functor AND 1, v0x15c1f10_0, L_0x15c1fe0, C4<1>, C4<1>;
v0x15b59f0_0 .net *"_ivl_0", 0 0, L_0x15c1fe0;  1 drivers
v0x15b5af0_0 .net "we", 0 0, L_0x15780f0;  1 drivers
S_0x157aa50 .scope module, "register_lc4" "Nbit_reg" 4 39, 5 14 0, S_0x15791f0;
 .timescale -9 -12;
    .port_info 0 /INPUT 16 "in";
    .port_info 1 /OUTPUT 16 "out";
    .port_info 2 /INPUT 1 "clk";
    .port_info 3 /INPUT 1 "we";
    .port_info 4 /INPUT 1 "gwe";
    .port_info 5 /INPUT 1 "rst";
P_0x1591f20 .param/l "n" 0 5 14, +C4<00000000000000000000000000010000>;
P_0x1591f60 .param/l "r" 0 5 14, +C4<00000000000000000000000000000000>;
L_0x1576920/d .functor BUFZ 16, v0x15b5790_0, C4<0000000000000000>, C4<0000000000000000>, C4<0000000000000000>;
L_0x1576920 .delay 16 (1000,1000,1000) L_0x1576920/d;
v0x1575270_0 .net "clk", 0 0, v0x15c12d0_0;  alias, 1 drivers
v0x1573aa0_0 .net "gwe", 0 0, v0x15c1640_0;  alias, 1 drivers
v0x1597460_0 .net "in", 15 0, v0x15c1e50_0;  alias, 1 drivers
v0x1597500_0 .net "out", 15 0, L_0x1576920;  alias, 1 drivers
v0x15b5680_0 .net "rst", 0 0, v0x15c1b50_0;  alias, 1 drivers
v0x15b5790_0 .var "state", 15 0;
v0x15b5870_0 .net "we", 0 0, L_0x15780f0;  alias, 1 drivers
E_0x1564f00 .event posedge, v0x1575270_0;
S_0x15b5bb0 .scope generate, "genblk1[1]" "genblk1[1]" 4 36, 4 36 0, S_0x1577a20;
 .timescale -9 -12;
P_0x15b5d90 .param/l "i" 0 4 36, +C4<01>;
L_0x1575150 .functor AND 1, v0x15c1f10_0, L_0x15c23a0, C4<1>, C4<1>;
v0x15b68a0_0 .net *"_ivl_0", 0 0, L_0x15c23a0;  1 drivers
v0x15b69a0_0 .net "we", 0 0, L_0x1575150;  1 drivers
S_0x15b5e50 .scope module, "register_lc4" "Nbit_reg" 4 39, 5 14 0, S_0x15b5bb0;
 .timescale -9 -12;
    .port_info 0 /INPUT 16 "in";
    .port_info 1 /OUTPUT 16 "out";
    .port_info 2 /INPUT 1 "clk";
    .port_info 3 /INPUT 1 "we";
    .port_info 4 /INPUT 1 "gwe";
    .port_info 5 /INPUT 1 "rst";
P_0x15b54a0 .param/l "n" 0 5 14, +C4<00000000000000000000000000010000>;
P_0x15b54e0 .param/l "r" 0 5 14, +C4<00000000000000000000000000000000>;
L_0x1573980/d .functor BUFZ 16, v0x15b6680_0, C4<0000000000000000>, C4<0000000000000000>, C4<0000000000000000>;
L_0x1573980 .delay 16 (1000,1000,1000) L_0x1573980/d;
v0x15b6230_0 .net "clk", 0 0, v0x15c12d0_0;  alias, 1 drivers
v0x15b6320_0 .net "gwe", 0 0, v0x15c1640_0;  alias, 1 drivers
v0x15b63f0_0 .net "in", 15 0, v0x15c1e50_0;  alias, 1 drivers
v0x15b64f0_0 .net "out", 15 0, L_0x1573980;  alias, 1 drivers
v0x15b6590_0 .net "rst", 0 0, v0x15c1b50_0;  alias, 1 drivers
v0x15b6680_0 .var "state", 15 0;
v0x15b6720_0 .net "we", 0 0, L_0x1575150;  alias, 1 drivers
S_0x15b6a90 .scope generate, "genblk1[2]" "genblk1[2]" 4 36, 4 36 0, S_0x1577a20;
 .timescale -9 -12;
P_0x15b6ca0 .param/l "i" 0 4 36, +C4<010>;
L_0x1596ff0 .functor AND 1, v0x15c1f10_0, L_0x15c2660, C4<1>, C4<1>;
v0x15b78c0_0 .net *"_ivl_0", 0 0, L_0x15c2660;  1 drivers
v0x15b79c0_0 .net "we", 0 0, L_0x1596ff0;  1 drivers
S_0x15b6d40 .scope module, "register_lc4" "Nbit_reg" 4 39, 5 14 0, S_0x15b6a90;
 .timescale -9 -12;
    .port_info 0 /INPUT 16 "in";
    .port_info 1 /OUTPUT 16 "out";
    .port_info 2 /INPUT 1 "clk";
    .port_info 3 /INPUT 1 "we";
    .port_info 4 /INPUT 1 "gwe";
    .port_info 5 /INPUT 1 "rst";
P_0x15b6080 .param/l "n" 0 5 14, +C4<00000000000000000000000000010000>;
P_0x15b60c0 .param/l "r" 0 5 14, +C4<00000000000000000000000000000000>;
L_0x15971f0/d .functor BUFZ 16, v0x15b7660_0, C4<0000000000000000>, C4<0000000000000000>, C4<0000000000000000>;
L_0x15971f0 .delay 16 (1000,1000,1000) L_0x15971f0/d;
v0x15b7150_0 .net "clk", 0 0, v0x15c12d0_0;  alias, 1 drivers
v0x15b7260_0 .net "gwe", 0 0, v0x15c1640_0;  alias, 1 drivers
v0x15b7370_0 .net "in", 15 0, v0x15c1e50_0;  alias, 1 drivers
v0x15b7460_0 .net "out", 15 0, L_0x15971f0;  alias, 1 drivers
v0x15b7520_0 .net "rst", 0 0, v0x15c1b50_0;  alias, 1 drivers
v0x15b7660_0 .var "state", 15 0;
v0x15b7740_0 .net "we", 0 0, L_0x1596ff0;  alias, 1 drivers
S_0x15b7a80 .scope generate, "genblk1[3]" "genblk1[3]" 4 36, 4 36 0, S_0x1577a20;
 .timescale -9 -12;
P_0x15b7c60 .param/l "i" 0 4 36, +C4<011>;
L_0x1597260 .functor AND 1, v0x15c1f10_0, L_0x15c2880, C4<1>, C4<1>;
v0x15b8700_0 .net *"_ivl_0", 0 0, L_0x15c2880;  1 drivers
v0x15b8800_0 .net "we", 0 0, L_0x1597260;  1 drivers
S_0x15b7d20 .scope module, "register_lc4" "Nbit_reg" 4 39, 5 14 0, S_0x15b7a80;
 .timescale -9 -12;
    .port_info 0 /INPUT 16 "in";
    .port_info 1 /OUTPUT 16 "out";
    .port_info 2 /INPUT 1 "clk";
    .port_info 3 /INPUT 1 "we";
    .port_info 4 /INPUT 1 "gwe";
    .port_info 5 /INPUT 1 "rst";
P_0x15b6f70 .param/l "n" 0 5 14, +C4<00000000000000000000000000010000>;
P_0x15b6fb0 .param/l "r" 0 5 14, +C4<00000000000000000000000000000000>;
L_0x15c29a0/d .functor BUFZ 16, v0x15b84a0_0, C4<0000000000000000>, C4<0000000000000000>, C4<0000000000000000>;
L_0x15c29a0 .delay 16 (1000,1000,1000) L_0x15c29a0/d;
v0x15b80d0_0 .net "clk", 0 0, v0x15c12d0_0;  alias, 1 drivers
v0x15b8190_0 .net "gwe", 0 0, v0x15c1640_0;  alias, 1 drivers
v0x15b8250_0 .net "in", 15 0, v0x15c1e50_0;  alias, 1 drivers
v0x15b82f0_0 .net "out", 15 0, L_0x15c29a0;  alias, 1 drivers
v0x15b83b0_0 .net "rst", 0 0, v0x15c1b50_0;  alias, 1 drivers
v0x15b84a0_0 .var "state", 15 0;
v0x15b8580_0 .net "we", 0 0, L_0x1597260;  alias, 1 drivers
S_0x15b88c0 .scope generate, "genblk1[4]" "genblk1[4]" 4 36, 4 36 0, S_0x1577a20;
 .timescale -9 -12;
P_0x15b8af0 .param/l "i" 0 4 36, +C4<0100>;
L_0x15c2bc0 .functor AND 1, v0x15c1f10_0, L_0x15c2b20, C4<1>, C4<1>;
v0x15b9790_0 .net *"_ivl_0", 0 0, L_0x15c2b20;  1 drivers
v0x15b9890_0 .net "we", 0 0, L_0x15c2bc0;  1 drivers
S_0x15b8bb0 .scope module, "register_lc4" "Nbit_reg" 4 39, 5 14 0, S_0x15b88c0;
 .timescale -9 -12;
    .port_info 0 /INPUT 16 "in";
    .port_info 1 /OUTPUT 16 "out";
    .port_info 2 /INPUT 1 "clk";
    .port_info 3 /INPUT 1 "we";
    .port_info 4 /INPUT 1 "gwe";
    .port_info 5 /INPUT 1 "rst";
P_0x15b7f50 .param/l "n" 0 5 14, +C4<00000000000000000000000000010000>;
P_0x15b7f90 .param/l "r" 0 5 14, +C4<00000000000000000000000000000000>;
L_0x15c2cf0/d .functor BUFZ 16, v0x15b94f0_0, C4<0000000000000000>, C4<0000000000000000>, C4<0000000000000000>;
L_0x15c2cf0 .delay 16 (1000,1000,1000) L_0x15c2cf0/d;
v0x15b8f90_0 .net "clk", 0 0, v0x15c12d0_0;  alias, 1 drivers
v0x15b9050_0 .net "gwe", 0 0, v0x15c1640_0;  alias, 1 drivers
v0x15b91a0_0 .net "in", 15 0, v0x15c1e50_0;  alias, 1 drivers
v0x15b9300_0 .net "out", 15 0, L_0x15c2cf0;  alias, 1 drivers
v0x15b93c0_0 .net "rst", 0 0, v0x15c1b50_0;  alias, 1 drivers
v0x15b94f0_0 .var "state", 15 0;
v0x15b95d0_0 .net "we", 0 0, L_0x15c2bc0;  alias, 1 drivers
S_0x15b9950 .scope generate, "genblk1[5]" "genblk1[5]" 4 36, 4 36 0, S_0x1577a20;
 .timescale -9 -12;
P_0x15b7320 .param/l "i" 0 4 36, +C4<0101>;
L_0x15c2f50 .functor AND 1, v0x15c1f10_0, L_0x15c2e70, C4<1>, C4<1>;
v0x15ba640_0 .net *"_ivl_0", 0 0, L_0x15c2e70;  1 drivers
v0x15ba740_0 .net "we", 0 0, L_0x15c2f50;  1 drivers
S_0x15b9b50 .scope module, "register_lc4" "Nbit_reg" 4 39, 5 14 0, S_0x15b9950;
 .timescale -9 -12;
    .port_info 0 /INPUT 16 "in";
    .port_info 1 /OUTPUT 16 "out";
    .port_info 2 /INPUT 1 "clk";
    .port_info 3 /INPUT 1 "we";
    .port_info 4 /INPUT 1 "gwe";
    .port_info 5 /INPUT 1 "rst";
P_0x15b9ce0 .param/l "n" 0 5 14, +C4<00000000000000000000000000010000>;
P_0x15b9d20 .param/l "r" 0 5 14, +C4<00000000000000000000000000000000>;
L_0x15c3080/d .functor BUFZ 16, v0x15ba3a0_0, C4<0000000000000000>, C4<0000000000000000>, C4<0000000000000000>;
L_0x15c3080 .delay 16 (1000,1000,1000) L_0x15c3080/d;
v0x15b9fa0_0 .net "clk", 0 0, v0x15c12d0_0;  alias, 1 drivers
v0x15ba060_0 .net "gwe", 0 0, v0x15c1640_0;  alias, 1 drivers
v0x15ba120_0 .net "in", 15 0, v0x15c1e50_0;  alias, 1 drivers
v0x15ba1f0_0 .net "out", 15 0, L_0x15c3080;  alias, 1 drivers
v0x15ba2b0_0 .net "rst", 0 0, v0x15c1b50_0;  alias, 1 drivers
v0x15ba3a0_0 .var "state", 15 0;
v0x15ba480_0 .net "we", 0 0, L_0x15c2f50;  alias, 1 drivers
S_0x15ba800 .scope generate, "genblk1[6]" "genblk1[6]" 4 36, 4 36 0, S_0x1577a20;
 .timescale -9 -12;
P_0x15ba9e0 .param/l "i" 0 4 36, +C4<0110>;
L_0x15c32a0 .functor AND 1, v0x15c1f10_0, L_0x15c3200, C4<1>, C4<1>;
v0x15bb550_0 .net *"_ivl_0", 0 0, L_0x15c3200;  1 drivers
v0x15bb650_0 .net "we", 0 0, L_0x15c32a0;  1 drivers
S_0x15baaa0 .scope module, "register_lc4" "Nbit_reg" 4 39, 5 14 0, S_0x15ba800;
 .timescale -9 -12;
    .port_info 0 /INPUT 16 "in";
    .port_info 1 /OUTPUT 16 "out";
    .port_info 2 /INPUT 1 "clk";
    .port_info 3 /INPUT 1 "we";
    .port_info 4 /INPUT 1 "gwe";
    .port_info 5 /INPUT 1 "rst";
P_0x15b9dc0 .param/l "n" 0 5 14, +C4<00000000000000000000000000010000>;
P_0x15b9e00 .param/l "r" 0 5 14, +C4<00000000000000000000000000000000>;
L_0x15c33d0/d .functor BUFZ 16, v0x15bb2b0_0, C4<0000000000000000>, C4<0000000000000000>, C4<0000000000000000>;
L_0x15c33d0 .delay 16 (1000,1000,1000) L_0x15c33d0/d;
v0x15baeb0_0 .net "clk", 0 0, v0x15c12d0_0;  alias, 1 drivers
v0x15baf70_0 .net "gwe", 0 0, v0x15c1640_0;  alias, 1 drivers
v0x15bb030_0 .net "in", 15 0, v0x15c1e50_0;  alias, 1 drivers
v0x15bb100_0 .net "out", 15 0, L_0x15c33d0;  alias, 1 drivers
v0x15bb1c0_0 .net "rst", 0 0, v0x15c1b50_0;  alias, 1 drivers
v0x15bb2b0_0 .var "state", 15 0;
v0x15bb390_0 .net "we", 0 0, L_0x15c32a0;  alias, 1 drivers
S_0x15bb710 .scope generate, "genblk1[7]" "genblk1[7]" 4 36, 4 36 0, S_0x1577a20;
 .timescale -9 -12;
P_0x15bb8f0 .param/l "i" 0 4 36, +C4<0111>;
L_0x15c3750 .functor AND 1, v0x15c1f10_0, L_0x15c3660, C4<1>, C4<1>;
v0x15bc460_0 .net *"_ivl_0", 0 0, L_0x15c3660;  1 drivers
v0x15bc560_0 .net "we", 0 0, L_0x15c3750;  1 drivers
S_0x15bb9b0 .scope module, "register_lc4" "Nbit_reg" 4 39, 5 14 0, S_0x15bb710;
 .timescale -9 -12;
    .port_info 0 /INPUT 16 "in";
    .port_info 1 /OUTPUT 16 "out";
    .port_info 2 /INPUT 1 "clk";
    .port_info 3 /INPUT 1 "we";
    .port_info 4 /INPUT 1 "gwe";
    .port_info 5 /INPUT 1 "rst";
P_0x15bacd0 .param/l "n" 0 5 14, +C4<00000000000000000000000000010000>;
P_0x15bad10 .param/l "r" 0 5 14, +C4<00000000000000000000000000000000>;
L_0x15c3880/d .functor BUFZ 16, v0x15bc1c0_0, C4<0000000000000000>, C4<0000000000000000>, C4<0000000000000000>;
L_0x15c3880 .delay 16 (1000,1000,1000) L_0x15c3880/d;
v0x15bbdc0_0 .net "clk", 0 0, v0x15c12d0_0;  alias, 1 drivers
v0x15bbe80_0 .net "gwe", 0 0, v0x15c1640_0;  alias, 1 drivers
v0x15bbf40_0 .net "in", 15 0, v0x15c1e50_0;  alias, 1 drivers
v0x15bc010_0 .net "out", 15 0, L_0x15c3880;  alias, 1 drivers
v0x15bc0d0_0 .net "rst", 0 0, v0x15c1b50_0;  alias, 1 drivers
v0x15bc1c0_0 .var "state", 15 0;
v0x15bc2a0_0 .net "we", 0 0, L_0x15c3750;  alias, 1 drivers
    .scope S_0x157aa50;
T_1 ;
    %wait E_0x1564f00;
    %load/vec4 v0x1573aa0_0;
    %load/vec4 v0x15b5680_0;
    %and;
    %flag_set/vec4 8;
    %jmp/0xz  T_1.0, 8;
    %pushi/vec4 0, 0, 16;
    %store/vec4 v0x15b5790_0, 0, 16;
    %jmp T_1.1;
T_1.0 ;
    %load/vec4 v0x1573aa0_0;
    %load/vec4 v0x15b5870_0;
    %and;
    %flag_set/vec4 8;
    %jmp/0xz  T_1.2, 8;
    %load/vec4 v0x1597460_0;
    %store/vec4 v0x15b5790_0, 0, 16;
T_1.2 ;
T_1.1 ;
    %jmp T_1;
    .thread T_1;
    .scope S_0x15b5e50;
T_2 ;
    %wait E_0x1564f00;
    %load/vec4 v0x15b6320_0;
    %load/vec4 v0x15b6590_0;
    %and;
    %flag_set/vec4 8;
    %jmp/0xz  T_2.0, 8;
    %pushi/vec4 0, 0, 16;
    %store/vec4 v0x15b6680_0, 0, 16;
    %jmp T_2.1;
T_2.0 ;
    %load/vec4 v0x15b6320_0;
    %load/vec4 v0x15b6720_0;
    %and;
    %flag_set/vec4 8;
    %jmp/0xz  T_2.2, 8;
    %load/vec4 v0x15b63f0_0;
    %store/vec4 v0x15b6680_0, 0, 16;
T_2.2 ;
T_2.1 ;
    %jmp T_2;
    .thread T_2;
    .scope S_0x15b6d40;
T_3 ;
    %wait E_0x1564f00;
    %load/vec4 v0x15b7260_0;
    %load/vec4 v0x15b7520_0;
    %and;
    %flag_set/vec4 8;
    %jmp/0xz  T_3.0, 8;
    %pushi/vec4 0, 0, 16;
    %store/vec4 v0x15b7660_0, 0, 16;
    %jmp T_3.1;
T_3.0 ;
    %load/vec4 v0x15b7260_0;
    %load/vec4 v0x15b7740_0;
    %and;
    %flag_set/vec4 8;
    %jmp/0xz  T_3.2, 8;
    %load/vec4 v0x15b7370_0;
    %store/vec4 v0x15b7660_0, 0, 16;
T_3.2 ;
T_3.1 ;
    %jmp T_3;
    .thread T_3;
    .scope S_0x15b7d20;
T_4 ;
    %wait E_0x1564f00;
    %load/vec4 v0x15b8190_0;
    %load/vec4 v0x15b83b0_0;
    %and;
    %flag_set/vec4 8;
    %jmp/0xz  T_4.0, 8;
    %pushi/vec4 0, 0, 16;
    %store/vec4 v0x15b84a0_0, 0, 16;
    %jmp T_4.1;
T_4.0 ;
    %load/vec4 v0x15b8190_0;
    %load/vec4 v0x15b8580_0;
    %and;
    %flag_set/vec4 8;
    %jmp/0xz  T_4.2, 8;
    %load/vec4 v0x15b8250_0;
    %store/vec4 v0x15b84a0_0, 0, 16;
T_4.2 ;
T_4.1 ;
    %jmp T_4;
    .thread T_4;
    .scope S_0x15b8bb0;
T_5 ;
    %wait E_0x1564f00;
    %load/vec4 v0x15b9050_0;
    %load/vec4 v0x15b93c0_0;
    %and;
    %flag_set/vec4 8;
    %jmp/0xz  T_5.0, 8;
    %pushi/vec4 0, 0, 16;
    %store/vec4 v0x15b94f0_0, 0, 16;
    %jmp T_5.1;
T_5.0 ;
    %load/vec4 v0x15b9050_0;
    %load/vec4 v0x15b95d0_0;
    %and;
    %flag_set/vec4 8;
    %jmp/0xz  T_5.2, 8;
    %load/vec4 v0x15b91a0_0;
    %store/vec4 v0x15b94f0_0, 0, 16;
T_5.2 ;
T_5.1 ;
    %jmp T_5;
    .thread T_5;
    .scope S_0x15b9b50;
T_6 ;
    %wait E_0x1564f00;
    %load/vec4 v0x15ba060_0;
    %load/vec4 v0x15ba2b0_0;
    %and;
    %flag_set/vec4 8;
    %jmp/0xz  T_6.0, 8;
    %pushi/vec4 0, 0, 16;
    %store/vec4 v0x15ba3a0_0, 0, 16;
    %jmp T_6.1;
T_6.0 ;
    %load/vec4 v0x15ba060_0;
    %load/vec4 v0x15ba480_0;
    %and;
    %flag_set/vec4 8;
    %jmp/0xz  T_6.2, 8;
    %load/vec4 v0x15ba120_0;
    %store/vec4 v0x15ba3a0_0, 0, 16;
T_6.2 ;
T_6.1 ;
    %jmp T_6;
    .thread T_6;
    .scope S_0x15baaa0;
T_7 ;
    %wait E_0x1564f00;
    %load/vec4 v0x15baf70_0;
    %load/vec4 v0x15bb1c0_0;
    %and;
    %flag_set/vec4 8;
    %jmp/0xz  T_7.0, 8;
    %pushi/vec4 0, 0, 16;
    %store/vec4 v0x15bb2b0_0, 0, 16;
    %jmp T_7.1;
T_7.0 ;
    %load/vec4 v0x15baf70_0;
    %load/vec4 v0x15bb390_0;
    %and;
    %flag_set/vec4 8;
    %jmp/0xz  T_7.2, 8;
    %load/vec4 v0x15bb030_0;
    %store/vec4 v0x15bb2b0_0, 0, 16;
T_7.2 ;
T_7.1 ;
    %jmp T_7;
    .thread T_7;
    .scope S_0x15bb9b0;
T_8 ;
    %wait E_0x1564f00;
    %load/vec4 v0x15bbe80_0;
    %load/vec4 v0x15bc0d0_0;
    %and;
    %flag_set/vec4 8;
    %jmp/0xz  T_8.0, 8;
    %pushi/vec4 0, 0, 16;
    %store/vec4 v0x15bc1c0_0, 0, 16;
    %jmp T_8.1;
T_8.0 ;
    %load/vec4 v0x15bbe80_0;
    %load/vec4 v0x15bc2a0_0;
    %and;
    %flag_set/vec4 8;
    %jmp/0xz  T_8.2, 8;
    %load/vec4 v0x15bbf40_0;
    %store/vec4 v0x15bc1c0_0, 0, 16;
T_8.2 ;
T_8.1 ;
    %jmp T_8;
    .thread T_8;
    .scope S_0x157c2b0;
T_9 ;
    %delay 5000, 0;
    %load/vec4 v0x15c12d0_0;
    %inv;
    %assign/vec4 v0x15c12d0_0, 0;
    %jmp T_9;
    .thread T_9;
    .scope S_0x157c2b0;
T_10 ;
    %pushi/vec4 0, 0, 3;
    %store/vec4 v0x15c19b0_0, 0, 3;
    %pushi/vec4 0, 0, 3;
    %store/vec4 v0x15c1bf0_0, 0, 3;
    %pushi/vec4 0, 0, 3;
    %store/vec4 v0x15c18f0_0, 0, 3;
    %pushi/vec4 0, 0, 1;
    %store/vec4 v0x15c1f10_0, 0, 1;
    %pushi/vec4 1, 0, 1;
    %store/vec4 v0x15c1b50_0, 0, 1;
    %pushi/vec4 0, 0, 16;
    %store/vec4 v0x15c1e50_0, 0, 16;
    %pushi/vec4 0, 0, 1;
    %store/vec4 v0x15c12d0_0, 0, 1;
    %pushi/vec4 1, 0, 1;
    %store/vec4 v0x15c1640_0, 0, 1;
    %pushi/vec4 0, 0, 32;
    %store/vec4 v0x15c1390_0, 0, 32;
    %pushi/vec4 0, 0, 32;
    %store/vec4 v0x15c1d90_0, 0, 32;
    %pushi/vec4 0, 0, 32;
    %store/vec4 v0x15c1810_0, 0, 32;
    %vpi_func 2 75 "$fopen" 32, "test_lc4_regfile.input", "r" {0 0 0};
    %store/vec4 v0x15c1730_0, 0, 32;
    %load/vec4 v0x15c1730_0;
    %cmpi/e 0, 0, 32;
    %jmp/0xz  T_10.0, 4;
    %vpi_call 2 77 "$display", "Error opening file: ", "test_lc4_regfile.input" {0 0 0};
    %vpi_call 2 78 "$finish" {0 0 0};
T_10.0 ;
    %vpi_func 2 83 "$fopen" 32, "regfile_test.output.txt", "w" {0 0 0};
    %store/vec4 v0x15c1810_0, 0, 32;
    %load/vec4 v0x15c1810_0;
    %cmpi/e 0, 0, 32;
    %jmp/0xz  T_10.2, 4;
    %vpi_call 2 85 "$display", "Error opening file: ", "regfile_test.output.txt" {0 0 0};
    %vpi_call 2 86 "$finish" {0 0 0};
T_10.2 ;
    %delay 100000, 0;
    %delay 5000, 0;
    %pushi/vec4 0, 0, 1;
    %store/vec4 v0x15c1b50_0, 0, 1;
    %delay 2000, 0;
T_10.4 ;
    %vpi_func 2 97 "$fscanf" 32, v0x15c1730_0, "%d %d %d %b %h %h %h", v0x15c19b0_0, v0x15c1bf0_0, v0x15c18f0_0, v0x15c1f10_0, v0x15c1e50_0, v0x15c1470_0, v0x15c1560_0 {0 0 0};
    %cmpi/e 7, 0, 32;
    %jmp/0xz T_10.5, 4;
    %delay 8000, 0;
    %load/vec4 v0x15c1d90_0;
    %addi 2, 0, 32;
    %store/vec4 v0x15c1d90_0, 0, 32;
    %load/vec4 v0x15c1810_0;
    %cmpi/ne 0, 0, 32;
    %jmp/0xz  T_10.6, 4;
    %vpi_call 2 106 "$fdisplay", v0x15c1810_0, "%d %d %d %b %h %h %h", v0x15c19b0_0, v0x15c1bf0_0, v0x15c18f0_0, v0x15c1f10_0, v0x15c1e50_0, v0x15c1a80_0, v0x15c1cc0_0 {0 0 0};
T_10.6 ;
    %load/vec4 v0x15c1a80_0;
    %load/vec4 v0x15c1470_0;
    %cmp/ne;
    %jmp/0xz  T_10.8, 6;
    %vpi_call 2 110 "$display", "Error at test %d: Value of register %d on output 1 should have been %h, but was %h instead", v0x15c1d90_0, v0x15c19b0_0, v0x15c1470_0, v0x15c1a80_0 {0 0 0};
    %load/vec4 v0x15c1390_0;
    %addi 1, 0, 32;
    %store/vec4 v0x15c1390_0, 0, 32;
T_10.8 ;
    %load/vec4 v0x15c1cc0_0;
    %load/vec4 v0x15c1560_0;
    %cmp/ne;
    %jmp/0xz  T_10.10, 6;
    %vpi_call 2 115 "$display", "Error at test %d: Value of register %d on output 2 should have been %h, but was %h instead", v0x15c1d90_0, v0x15c1bf0_0, v0x15c1560_0, v0x15c1cc0_0 {0 0 0};
    %load/vec4 v0x15c1390_0;
    %addi 1, 0, 32;
    %store/vec4 v0x15c1390_0, 0, 32;
T_10.10 ;
    %delay 2000, 0;
    %jmp T_10.4;
T_10.5 ;
    %load/vec4 v0x15c1730_0;
    %cmpi/ne 0, 0, 32;
    %jmp/0xz  T_10.12, 4;
    %vpi_call 2 123 "$fclose", v0x15c1730_0 {0 0 0};
T_10.12 ;
    %load/vec4 v0x15c1810_0;
    %cmpi/ne 0, 0, 32;
    %jmp/0xz  T_10.14, 4;
    %vpi_call 2 124 "$fclose", v0x15c1810_0 {0 0 0};
T_10.14 ;
    %vpi_call 2 125 "$display", "Simulation finished: %d test cases %d errors [%s]", v0x15c1d90_0, v0x15c1390_0, "test_lc4_regfile.input" {0 0 0};
    %load/vec4 v0x15c1d90_0;
    %store/vec4 v0x1578210_0, 0, 32;
    %load/vec4 v0x15c1d90_0;
    %load/vec4 v0x15c1390_0;
    %sub;
    %store/vec4 v0x1579a70_0, 0, 32;
    %fork TD_test_regfile.printPoints, S_0x1576250;
    %join;
    %vpi_call 2 127 "$finish" {0 0 0};
    %end;
    .thread T_10;
# The file index is used to find the file name in the following table.
:file_names 6;
    "N/A";
    "<interactive>";
    "testbench_lc4_regfile.v";
    "./print_points.v";
    "lc4_regfile.v";
    "register.v";
