#! /home1/c/cis5710/tools/bin/vvp
:ivl_version "11.0 (stable)" "(v11_0)";
:ivl_delay_selection "TYPICAL";
:vpi_time_precision - 12;
:vpi_module "/home1/c/cis5710/tools/lib/ivl/system.vpi";
:vpi_module "/home1/c/cis5710/tools/lib/ivl/vhdl_sys.vpi";
:vpi_module "/home1/c/cis5710/tools/lib/ivl/vhdl_textio.vpi";
:vpi_module "/home1/c/cis5710/tools/lib/ivl/v2005_math.vpi";
:vpi_module "/home1/c/cis5710/tools/lib/ivl/va_math.vpi";
S_0x1564c30 .scope module, "test_divider" "test_divider" 2 35;
 .timescale -9 -12;
v0x15a04b0_0 .var/i "__ignore", 31 0;
v0x15a05b0_0 .var/i "allTests", 31 0;
v0x15a0690_0 .var/i "divTests", 31 0;
v0x15a0750_0 .var/i "errors", 31 0;
v0x15a0830_0 .var "exp_dividend", 15 0;
v0x15a0960_0 .var "exp_quotient", 15 0;
v0x15a0a40_0 .var "exp_remainder", 15 0;
v0x15a0b20_0 .var "i_dividend", 15 0;
v0x15a0c30_0 .var "i_divisor", 15 0;
v0x15a0cf0_0 .var "i_quotient", 15 0;
v0x15a0db0_0 .var "i_remainder", 15 0;
v0x15a0e50_0 .var/i "input_file", 31 0;
v0x15a0f10_0 .net "o_1iter_dividend", 15 0, L_0x15c6310;  1 drivers
v0x15a0fd0_0 .net "o_1iter_quotient", 15 0, L_0x15c6eb0;  1 drivers
v0x15a1070_0 .net "o_1iter_remainder", 15 0, L_0x15c66f0;  1 drivers
v0x15a1110_0 .net "o_div_quotient", 15 0, L_0x15c5a70;  1 drivers
v0x15a11b0_0 .net "o_div_remainder", 15 0, L_0x15c5840;  1 drivers
v0x15a1360_0 .var/i "randomSeed", 31 0;
S_0x1564dc0 .scope module, "div" "lc4_divider" 2 62, 3 6 0, S_0x1564c30;
 .timescale -9 -12;
    .port_info 0 /INPUT 16 "i_dividend";
    .port_info 1 /INPUT 16 "i_divisor";
    .port_info 2 /OUTPUT 16 "o_remainder";
    .port_info 3 /OUTPUT 16 "o_quotient";
L_0x15c4e10 .functor BUFZ 16, v0x15a0b20_0, C4<0000000000000000>, C4<0000000000000000>, C4<0000000000000000>;
v0x159c890_0 .net *"_ivl_11", 0 0, L_0x15c57a0;  1 drivers
L_0x7f8a0b36e070 .functor BUFT 1, C4<0000000000000000>, C4<0>, C4<0>, C4<0>;
v0x159c970_0 .net/2u *"_ivl_13", 15 0, L_0x7f8a0b36e070;  1 drivers
L_0x7f8a0b36e0b8 .functor BUFT 1, C4<0000000000000000>, C4<0>, C4<0>, C4<0>;
v0x159ca50_0 .net/2u *"_ivl_18", 15 0, L_0x7f8a0b36e0b8;  1 drivers
v0x159cb40_0 .net *"_ivl_20", 0 0, L_0x15c5980;  1 drivers
L_0x7f8a0b36e100 .functor BUFT 1, C4<0000000000000000>, C4<0>, C4<0>, C4<0>;
v0x159cc00_0 .net/2u *"_ivl_22", 15 0, L_0x7f8a0b36e100;  1 drivers
L_0x7f8a0b36e028 .functor BUFT 1, C4<0000000000000000>, C4<0>, C4<0>, C4<0>;
v0x159cce0_0 .net/2u *"_ivl_9", 15 0, L_0x7f8a0b36e028;  1 drivers
v0x159cdc0_0 .net "i_dividend", 15 0, v0x15a0b20_0;  1 drivers
v0x159cea0_0 .net "i_divisor", 15 0, v0x15a0c30_0;  1 drivers
v0x159d170 .array "next_dividend", 0 16;
v0x159d170_0 .net v0x159d170 0, 15 0, L_0x15c4e10; 1 drivers
v0x159d170_1 .net v0x159d170 1, 15 0, L_0x15b1a20; 1 drivers
v0x159d170_2 .net v0x159d170 2, 15 0, L_0x15b2d00; 1 drivers
v0x159d170_3 .net v0x159d170 3, 15 0, L_0x15b40e0; 1 drivers
v0x159d170_4 .net v0x159d170 4, 15 0, L_0x15b5400; 1 drivers
v0x159d170_5 .net v0x159d170 5, 15 0, L_0x15b67b0; 1 drivers
v0x159d170_6 .net v0x159d170 6, 15 0, L_0x15b7f70; 1 drivers
v0x159d170_7 .net v0x159d170 7, 15 0, L_0x15b9320; 1 drivers
v0x159d170_8 .net v0x159d170 8, 15 0, L_0x15ba6d0; 1 drivers
v0x159d170_9 .net v0x159d170 9, 15 0, L_0x15bba40; 1 drivers
v0x159d170_10 .net v0x159d170 10, 15 0, L_0x15bd070; 1 drivers
v0x159d170_11 .net v0x159d170 11, 15 0, L_0x15be3e0; 1 drivers
v0x159d170_12 .net v0x159d170 12, 15 0, L_0x15bf6f0; 1 drivers
v0x159d170_13 .net v0x159d170 13, 15 0, L_0x15c0a00; 1 drivers
v0x159d170_14 .net v0x159d170 14, 15 0, L_0x15c1d10; 1 drivers
v0x159d170_15 .net v0x159d170 15, 15 0, L_0x15c3020; 1 drivers
v0x159d170_16 .net v0x159d170 16, 15 0, L_0x15c4330; 1 drivers
L_0x7f8a0b36dfe0 .functor BUFT 1, C4<0000000000000000>, C4<0>, C4<0>, C4<0>;
v0x159d690 .array "next_quotient", 0 16;
v0x159d690_0 .net v0x159d690 0, 15 0, L_0x7f8a0b36dfe0; 1 drivers
v0x159d690_1 .net v0x159d690 1, 15 0, L_0x15b2510; 1 drivers
v0x159d690_2 .net v0x159d690 2, 15 0, L_0x15b3820; 1 drivers
v0x159d690_3 .net v0x159d690 3, 15 0, L_0x15b4be0; 1 drivers
v0x159d690_4 .net v0x159d690 4, 15 0, L_0x15b5f90; 1 drivers
v0x159d690_5 .net v0x159d690 5, 15 0, L_0x15b7750; 1 drivers
v0x159d690_6 .net v0x159d690 6, 15 0, L_0x15b8b00; 1 drivers
v0x159d690_7 .net v0x159d690 7, 15 0, L_0x15b9eb0; 1 drivers
v0x159d690_8 .net v0x159d690 8, 15 0, L_0x15bb220; 1 drivers
v0x159d690_9 .net v0x159d690 9, 15 0, L_0x15bc530; 1 drivers
v0x159d690_10 .net v0x159d690 10, 15 0, L_0x15bdbc0; 1 drivers
v0x159d690_11 .net v0x159d690 11, 15 0, L_0x15beed0; 1 drivers
v0x159d690_12 .net v0x159d690 12, 15 0, L_0x15c01e0; 1 drivers
v0x159d690_13 .net v0x159d690 13, 15 0, L_0x15c14f0; 1 drivers
v0x159d690_14 .net v0x159d690 14, 15 0, L_0x15c2800; 1 drivers
v0x159d690_15 .net v0x159d690 15, 15 0, L_0x15c3b10; 1 drivers
v0x159d690_16 .net v0x159d690 16, 15 0, L_0x15c54a0; 1 drivers
L_0x7f8a0b36df98 .functor BUFT 1, C4<0000000000000000>, C4<0>, C4<0>, C4<0>;
v0x159dc70 .array "next_remainder", 0 16;
v0x159dc70_0 .net v0x159dc70 0, 15 0, L_0x7f8a0b36df98; 1 drivers
v0x159dc70_1 .net v0x159dc70 1, 15 0, L_0x15b1d80; 1 drivers
v0x159dc70_2 .net v0x159dc70 2, 15 0, L_0x15b3060; 1 drivers
v0x159dc70_3 .net v0x159dc70 3, 15 0, L_0x15b44b0; 1 drivers
v0x159dc70_4 .net v0x159dc70 4, 15 0, L_0x15b57d0; 1 drivers
v0x159dc70_5 .net v0x159dc70 5, 15 0, L_0x15b6f90; 1 drivers
v0x159dc70_6 .net v0x159dc70 6, 15 0, L_0x15b8340; 1 drivers
v0x159dc70_7 .net v0x159dc70 7, 15 0, L_0x15b96f0; 1 drivers
v0x159dc70_8 .net v0x159dc70 8, 15 0, L_0x15baa60; 1 drivers
v0x159dc70_9 .net v0x159dc70 9, 15 0, L_0x15bbdd0; 1 drivers
v0x159dc70_10 .net v0x159dc70 10, 15 0, L_0x15bd400; 1 drivers
v0x159dc70_11 .net v0x159dc70 11, 15 0, L_0x15be770; 1 drivers
v0x159dc70_12 .net v0x159dc70 12, 15 0, L_0x15bfa80; 1 drivers
v0x159dc70_13 .net v0x159dc70 13, 15 0, L_0x15c0d90; 1 drivers
v0x159dc70_14 .net v0x159dc70 14, 15 0, L_0x15c20a0; 1 drivers
v0x159dc70_15 .net v0x159dc70 15, 15 0, L_0x15c33b0; 1 drivers
v0x159dc70_16 .net v0x159dc70 16, 15 0, L_0x15c4e80; 1 drivers
v0x159e250_0 .net "o_quotient", 15 0, L_0x15c5a70;  alias, 1 drivers
v0x159e2f0_0 .net "o_remainder", 15 0, L_0x15c5840;  alias, 1 drivers
L_0x15c57a0 .cmp/eq 16, v0x15a0c30_0, L_0x7f8a0b36e028;
L_0x15c5840 .functor MUXZ 16, L_0x15c4e80, L_0x7f8a0b36e070, L_0x15c57a0, C4<>;
L_0x15c5980 .cmp/eq 16, v0x15a0c30_0, L_0x7f8a0b36e0b8;
L_0x15c5a70 .functor MUXZ 16, L_0x15c54a0, L_0x7f8a0b36e100, L_0x15c5980, C4<>;
S_0x1556ac0 .scope generate, "genblk1[0]" "genblk1[0]" 3 21, 3 21 0, S_0x1564dc0;
 .timescale -9 -12;
P_0x1545b10 .param/l "i" 0 3 21, +C4<00>;
S_0x1554410 .scope module, "divider" "lc4_divider_one_iter" 3 22, 3 36 0, S_0x1556ac0;
 .timescale -9 -12;
    .port_info 0 /INPUT 16 "i_dividend";
    .port_info 1 /INPUT 16 "i_divisor";
    .port_info 2 /INPUT 16 "i_remainder";
    .port_info 3 /INPUT 16 "i_quotient";
    .port_info 4 /OUTPUT 16 "o_dividend";
    .port_info 5 /OUTPUT 16 "o_remainder";
    .port_info 6 /OUTPUT 16 "o_quotient";
L_0x7f8a0b36c0a8 .functor BUFT 1, C4<0000000000000001>, C4<0>, C4<0>, C4<0>;
L_0x1530390 .functor AND 16, L_0x15b1700, L_0x7f8a0b36c0a8, C4<1111111111111111>, C4<1111111111111111>;
L_0x15375e0 .functor OR 16, L_0x15a14c0, L_0x1530390, C4<0000000000000000>, C4<0000000000000000>;
L_0x7f8a0b36c1c8 .functor BUFT 1, C4<0000000000000001>, C4<0>, C4<0>, C4<0>;
L_0x15b21a0 .functor OR 16, L_0x15b22b0, L_0x7f8a0b36c1c8, C4<0000000000000000>, C4<0000000000000000>;
v0x155b8c0_0 .net *"_ivl_0", 15 0, L_0x15a14c0;  1 drivers
L_0x7f8a0b36c060 .functor BUFT 1, C4<000000000000000>, C4<0>, C4<0>, C4<0>;
v0x155b960_0 .net *"_ivl_10", 14 0, L_0x7f8a0b36c060;  1 drivers
v0x157cb20_0 .net/2u *"_ivl_12", 15 0, L_0x7f8a0b36c0a8;  1 drivers
v0x157cbe0_0 .net *"_ivl_14", 15 0, L_0x1530390;  1 drivers
v0x157ccc0_0 .net *"_ivl_2", 14 0, L_0x15a1420;  1 drivers
v0x157cdf0_0 .net *"_ivl_20", 14 0, L_0x15b1980;  1 drivers
L_0x7f8a0b36c0f0 .functor BUFT 1, C4<0>, C4<0>, C4<0>, C4<0>;
v0x157ced0_0 .net *"_ivl_22", 0 0, L_0x7f8a0b36c0f0;  1 drivers
v0x157cfb0_0 .net *"_ivl_24", 0 0, L_0x15b1ba0;  1 drivers
v0x157d070_0 .net *"_ivl_26", 15 0, L_0x15b1c90;  1 drivers
v0x157d150_0 .net *"_ivl_30", 0 0, L_0x15b1ec0;  1 drivers
v0x157d210_0 .net *"_ivl_32", 15 0, L_0x15b2060;  1 drivers
v0x157d2f0_0 .net *"_ivl_34", 14 0, L_0x15b1fc0;  1 drivers
L_0x7f8a0b36c138 .functor BUFT 1, C4<0>, C4<0>, C4<0>, C4<0>;
v0x157d3d0_0 .net *"_ivl_36", 0 0, L_0x7f8a0b36c138;  1 drivers
v0x157d4b0_0 .net *"_ivl_38", 15 0, L_0x15b22b0;  1 drivers
L_0x7f8a0b36c018 .functor BUFT 1, C4<0>, C4<0>, C4<0>, C4<0>;
v0x157d590_0 .net *"_ivl_4", 0 0, L_0x7f8a0b36c018;  1 drivers
v0x157d670_0 .net *"_ivl_40", 14 0, L_0x15b2210;  1 drivers
L_0x7f8a0b36c180 .functor BUFT 1, C4<0>, C4<0>, C4<0>, C4<0>;
v0x157d750_0 .net *"_ivl_42", 0 0, L_0x7f8a0b36c180;  1 drivers
v0x157d830_0 .net/2u *"_ivl_44", 15 0, L_0x7f8a0b36c1c8;  1 drivers
v0x157d910_0 .net *"_ivl_46", 15 0, L_0x15b21a0;  1 drivers
v0x157d9f0_0 .net *"_ivl_6", 15 0, L_0x15b1700;  1 drivers
v0x157dad0_0 .net *"_ivl_8", 0 0, L_0x15a1600;  1 drivers
v0x157dbb0_0 .net "i_dividend", 15 0, L_0x15c4e10;  alias, 1 drivers
v0x157dc90_0 .net "i_divisor", 15 0, v0x15a0c30_0;  alias, 1 drivers
v0x157dd70_0 .net "i_quotient", 15 0, L_0x7f8a0b36dfe0;  alias, 1 drivers
v0x157de50_0 .net "i_remainder", 15 0, L_0x7f8a0b36df98;  alias, 1 drivers
v0x157df30_0 .net "next_remainder", 15 0, L_0x15375e0;  1 drivers
v0x157e010_0 .net "o_dividend", 15 0, L_0x15b1a20;  alias, 1 drivers
v0x157e0f0_0 .net "o_quotient", 15 0, L_0x15b2510;  alias, 1 drivers
v0x157e1d0_0 .net "o_remainder", 15 0, L_0x15b1d80;  alias, 1 drivers
L_0x15a1420 .part L_0x7f8a0b36df98, 0, 15;
L_0x15a14c0 .concat [ 1 15 0 0], L_0x7f8a0b36c018, L_0x15a1420;
L_0x15a1600 .part L_0x15c4e10, 15, 1;
L_0x15b1700 .concat [ 1 15 0 0], L_0x15a1600, L_0x7f8a0b36c060;
L_0x15b1980 .part L_0x15c4e10, 0, 15;
L_0x15b1a20 .concat [ 1 15 0 0], L_0x7f8a0b36c0f0, L_0x15b1980;
L_0x15b1ba0 .cmp/gt 16, v0x15a0c30_0, L_0x15375e0;
L_0x15b1c90 .arith/sub 16, L_0x15375e0, v0x15a0c30_0;
L_0x15b1d80 .functor MUXZ 16, L_0x15b1c90, L_0x15375e0, L_0x15b1ba0, C4<>;
L_0x15b1ec0 .cmp/gt 16, v0x15a0c30_0, L_0x15375e0;
L_0x15b1fc0 .part L_0x7f8a0b36dfe0, 0, 15;
L_0x15b2060 .concat [ 1 15 0 0], L_0x7f8a0b36c138, L_0x15b1fc0;
L_0x15b2210 .part L_0x7f8a0b36dfe0, 0, 15;
L_0x15b22b0 .concat [ 1 15 0 0], L_0x7f8a0b36c180, L_0x15b2210;
L_0x15b2510 .functor MUXZ 16, L_0x15b21a0, L_0x15b2060, L_0x15b1ec0, C4<>;
S_0x157e390 .scope generate, "genblk1[1]" "genblk1[1]" 3 21, 3 21 0, S_0x1564dc0;
 .timescale -9 -12;
P_0x157e560 .param/l "i" 0 3 21, +C4<01>;
S_0x157e620 .scope module, "divider" "lc4_divider_one_iter" 3 22, 3 36 0, S_0x157e390;
 .timescale -9 -12;
    .port_info 0 /INPUT 16 "i_dividend";
    .port_info 1 /INPUT 16 "i_divisor";
    .port_info 2 /INPUT 16 "i_remainder";
    .port_info 3 /INPUT 16 "i_quotient";
    .port_info 4 /OUTPUT 16 "o_dividend";
    .port_info 5 /OUTPUT 16 "o_remainder";
    .port_info 6 /OUTPUT 16 "o_quotient";
L_0x7f8a0b36c2a0 .functor BUFT 1, C4<0000000000000001>, C4<0>, C4<0>, C4<0>;
L_0x153e830 .functor AND 16, L_0x15b2a80, L_0x7f8a0b36c2a0, C4<1111111111111111>, C4<1111111111111111>;
L_0x1545a80 .functor OR 16, L_0x15b27d0, L_0x153e830, C4<0000000000000000>, C4<0000000000000000>;
L_0x7f8a0b36c3c0 .functor BUFT 1, C4<0000000000000001>, C4<0>, C4<0>, C4<0>;
L_0x15b3500 .functor OR 16, L_0x15b3610, L_0x7f8a0b36c3c0, C4<0000000000000000>, C4<0000000000000000>;
v0x157e800_0 .net *"_ivl_0", 15 0, L_0x15b27d0;  1 drivers
L_0x7f8a0b36c258 .functor BUFT 1, C4<000000000000000>, C4<0>, C4<0>, C4<0>;
v0x157e900_0 .net *"_ivl_10", 14 0, L_0x7f8a0b36c258;  1 drivers
v0x157e9e0_0 .net/2u *"_ivl_12", 15 0, L_0x7f8a0b36c2a0;  1 drivers
v0x157eaa0_0 .net *"_ivl_14", 15 0, L_0x153e830;  1 drivers
v0x157eb80_0 .net *"_ivl_2", 14 0, L_0x15b26a0;  1 drivers
v0x157ecb0_0 .net *"_ivl_20", 14 0, L_0x15b2c60;  1 drivers
L_0x7f8a0b36c2e8 .functor BUFT 1, C4<0>, C4<0>, C4<0>, C4<0>;
v0x157ed90_0 .net *"_ivl_22", 0 0, L_0x7f8a0b36c2e8;  1 drivers
v0x157ee70_0 .net *"_ivl_24", 0 0, L_0x15b2e80;  1 drivers
v0x157ef30_0 .net *"_ivl_26", 15 0, L_0x15b2f70;  1 drivers
v0x157f010_0 .net *"_ivl_30", 0 0, L_0x15b3230;  1 drivers
v0x157f0d0_0 .net *"_ivl_32", 15 0, L_0x15b3460;  1 drivers
v0x157f1b0_0 .net *"_ivl_34", 14 0, L_0x15b3330;  1 drivers
L_0x7f8a0b36c330 .functor BUFT 1, C4<0>, C4<0>, C4<0>, C4<0>;
v0x157f290_0 .net *"_ivl_36", 0 0, L_0x7f8a0b36c330;  1 drivers
v0x157f370_0 .net *"_ivl_38", 15 0, L_0x15b3610;  1 drivers
L_0x7f8a0b36c210 .functor BUFT 1, C4<0>, C4<0>, C4<0>, C4<0>;
v0x157f450_0 .net *"_ivl_4", 0 0, L_0x7f8a0b36c210;  1 drivers
v0x157f530_0 .net *"_ivl_40", 14 0, L_0x15b3570;  1 drivers
L_0x7f8a0b36c378 .functor BUFT 1, C4<0>, C4<0>, C4<0>, C4<0>;
v0x157f610_0 .net *"_ivl_42", 0 0, L_0x7f8a0b36c378;  1 drivers
v0x157f6f0_0 .net/2u *"_ivl_44", 15 0, L_0x7f8a0b36c3c0;  1 drivers
v0x157f7d0_0 .net *"_ivl_46", 15 0, L_0x15b3500;  1 drivers
v0x157f8b0_0 .net *"_ivl_6", 15 0, L_0x15b2a80;  1 drivers
v0x157f990_0 .net *"_ivl_8", 0 0, L_0x15b28c0;  1 drivers
v0x157fa70_0 .net "i_dividend", 15 0, L_0x15b1a20;  alias, 1 drivers
v0x157fb30_0 .net "i_divisor", 15 0, v0x15a0c30_0;  alias, 1 drivers
v0x157fbd0_0 .net "i_quotient", 15 0, L_0x15b2510;  alias, 1 drivers
v0x157fc70_0 .net "i_remainder", 15 0, L_0x15b1d80;  alias, 1 drivers
v0x157fd10_0 .net "next_remainder", 15 0, L_0x1545a80;  1 drivers
v0x157fdd0_0 .net "o_dividend", 15 0, L_0x15b2d00;  alias, 1 drivers
v0x157feb0_0 .net "o_quotient", 15 0, L_0x15b3820;  alias, 1 drivers
v0x157ff90_0 .net "o_remainder", 15 0, L_0x15b3060;  alias, 1 drivers
L_0x15b26a0 .part L_0x15b1d80, 0, 15;
L_0x15b27d0 .concat [ 1 15 0 0], L_0x7f8a0b36c210, L_0x15b26a0;
L_0x15b28c0 .part L_0x15b1a20, 15, 1;
L_0x15b2a80 .concat [ 1 15 0 0], L_0x15b28c0, L_0x7f8a0b36c258;
L_0x15b2c60 .part L_0x15b1a20, 0, 15;
L_0x15b2d00 .concat [ 1 15 0 0], L_0x7f8a0b36c2e8, L_0x15b2c60;
L_0x15b2e80 .cmp/gt 16, v0x15a0c30_0, L_0x1545a80;
L_0x15b2f70 .arith/sub 16, L_0x1545a80, v0x15a0c30_0;
L_0x15b3060 .functor MUXZ 16, L_0x15b2f70, L_0x1545a80, L_0x15b2e80, C4<>;
L_0x15b3230 .cmp/gt 16, v0x15a0c30_0, L_0x1545a80;
L_0x15b3330 .part L_0x15b2510, 0, 15;
L_0x15b3460 .concat [ 1 15 0 0], L_0x7f8a0b36c330, L_0x15b3330;
L_0x15b3570 .part L_0x15b2510, 0, 15;
L_0x15b3610 .concat [ 1 15 0 0], L_0x7f8a0b36c378, L_0x15b3570;
L_0x15b3820 .functor MUXZ 16, L_0x15b3500, L_0x15b3460, L_0x15b3230, C4<>;
S_0x1580150 .scope generate, "genblk1[2]" "genblk1[2]" 3 21, 3 21 0, S_0x1564dc0;
 .timescale -9 -12;
P_0x1580330 .param/l "i" 0 3 21, +C4<010>;
S_0x15803f0 .scope module, "divider" "lc4_divider_one_iter" 3 22, 3 36 0, S_0x1580150;
 .timescale -9 -12;
    .port_info 0 /INPUT 16 "i_dividend";
    .port_info 1 /INPUT 16 "i_divisor";
    .port_info 2 /INPUT 16 "i_remainder";
    .port_info 3 /INPUT 16 "i_quotient";
    .port_info 4 /OUTPUT 16 "o_dividend";
    .port_info 5 /OUTPUT 16 "o_remainder";
    .port_info 6 /OUTPUT 16 "o_quotient";
L_0x7f8a0b36c498 .functor BUFT 1, C4<0000000000000001>, C4<0>, C4<0>, C4<0>;
L_0x1568870 .functor AND 16, L_0x15b3d00, L_0x7f8a0b36c498, C4<1111111111111111>, C4<1111111111111111>;
L_0x15688e0 .functor OR 16, L_0x15b3ae0, L_0x1568870, C4<0000000000000000>, C4<0000000000000000>;
L_0x7f8a0b36c5b8 .functor BUFT 1, C4<0000000000000001>, C4<0>, C4<0>, C4<0>;
L_0x15b48c0 .functor OR 16, L_0x15b49d0, L_0x7f8a0b36c5b8, C4<0000000000000000>, C4<0000000000000000>;
v0x1580680_0 .net *"_ivl_0", 15 0, L_0x15b3ae0;  1 drivers
L_0x7f8a0b36c450 .functor BUFT 1, C4<000000000000000>, C4<0>, C4<0>, C4<0>;
v0x1580780_0 .net *"_ivl_10", 14 0, L_0x7f8a0b36c450;  1 drivers
v0x1580860_0 .net/2u *"_ivl_12", 15 0, L_0x7f8a0b36c498;  1 drivers
v0x1580950_0 .net *"_ivl_14", 15 0, L_0x1568870;  1 drivers
v0x1580a30_0 .net *"_ivl_2", 14 0, L_0x15b39b0;  1 drivers
v0x1580b60_0 .net *"_ivl_20", 14 0, L_0x15b4040;  1 drivers
L_0x7f8a0b36c4e0 .functor BUFT 1, C4<0>, C4<0>, C4<0>, C4<0>;
v0x1580c40_0 .net *"_ivl_22", 0 0, L_0x7f8a0b36c4e0;  1 drivers
v0x1580d20_0 .net *"_ivl_24", 0 0, L_0x15b4260;  1 drivers
v0x1580de0_0 .net *"_ivl_26", 15 0, L_0x15b4350;  1 drivers
v0x1580ec0_0 .net *"_ivl_30", 0 0, L_0x15b45f0;  1 drivers
v0x1580f80_0 .net *"_ivl_32", 15 0, L_0x15b4820;  1 drivers
v0x1581060_0 .net *"_ivl_34", 14 0, L_0x15b46f0;  1 drivers
L_0x7f8a0b36c528 .functor BUFT 1, C4<0>, C4<0>, C4<0>, C4<0>;
v0x1581140_0 .net *"_ivl_36", 0 0, L_0x7f8a0b36c528;  1 drivers
v0x1581220_0 .net *"_ivl_38", 15 0, L_0x15b49d0;  1 drivers
L_0x7f8a0b36c408 .functor BUFT 1, C4<0>, C4<0>, C4<0>, C4<0>;
v0x1581300_0 .net *"_ivl_4", 0 0, L_0x7f8a0b36c408;  1 drivers
v0x15813e0_0 .net *"_ivl_40", 14 0, L_0x15b4930;  1 drivers
L_0x7f8a0b36c570 .functor BUFT 1, C4<0>, C4<0>, C4<0>, C4<0>;
v0x15814c0_0 .net *"_ivl_42", 0 0, L_0x7f8a0b36c570;  1 drivers
v0x15816b0_0 .net/2u *"_ivl_44", 15 0, L_0x7f8a0b36c5b8;  1 drivers
v0x1581790_0 .net *"_ivl_46", 15 0, L_0x15b48c0;  1 drivers
v0x1581870_0 .net *"_ivl_6", 15 0, L_0x15b3d00;  1 drivers
v0x1581950_0 .net *"_ivl_8", 0 0, L_0x15b3bd0;  1 drivers
v0x1581a30_0 .net "i_dividend", 15 0, L_0x15b2d00;  alias, 1 drivers
v0x1581af0_0 .net "i_divisor", 15 0, v0x15a0c30_0;  alias, 1 drivers
v0x1581b90_0 .net "i_quotient", 15 0, L_0x15b3820;  alias, 1 drivers
v0x1581c50_0 .net "i_remainder", 15 0, L_0x15b3060;  alias, 1 drivers
v0x1581d20_0 .net "next_remainder", 15 0, L_0x15688e0;  1 drivers
v0x1581de0_0 .net "o_dividend", 15 0, L_0x15b40e0;  alias, 1 drivers
v0x1581ec0_0 .net "o_quotient", 15 0, L_0x15b4be0;  alias, 1 drivers
v0x1581fa0_0 .net "o_remainder", 15 0, L_0x15b44b0;  alias, 1 drivers
L_0x15b39b0 .part L_0x15b3060, 0, 15;
L_0x15b3ae0 .concat [ 1 15 0 0], L_0x7f8a0b36c408, L_0x15b39b0;
L_0x15b3bd0 .part L_0x15b2d00, 15, 1;
L_0x15b3d00 .concat [ 1 15 0 0], L_0x15b3bd0, L_0x7f8a0b36c450;
L_0x15b4040 .part L_0x15b2d00, 0, 15;
L_0x15b40e0 .concat [ 1 15 0 0], L_0x7f8a0b36c4e0, L_0x15b4040;
L_0x15b4260 .cmp/gt 16, v0x15a0c30_0, L_0x15688e0;
L_0x15b4350 .arith/sub 16, L_0x15688e0, v0x15a0c30_0;
L_0x15b44b0 .functor MUXZ 16, L_0x15b4350, L_0x15688e0, L_0x15b4260, C4<>;
L_0x15b45f0 .cmp/gt 16, v0x15a0c30_0, L_0x15688e0;
L_0x15b46f0 .part L_0x15b3820, 0, 15;
L_0x15b4820 .concat [ 1 15 0 0], L_0x7f8a0b36c528, L_0x15b46f0;
L_0x15b4930 .part L_0x15b3820, 0, 15;
L_0x15b49d0 .concat [ 1 15 0 0], L_0x7f8a0b36c570, L_0x15b4930;
L_0x15b4be0 .functor MUXZ 16, L_0x15b48c0, L_0x15b4820, L_0x15b45f0, C4<>;
S_0x1582160 .scope generate, "genblk1[3]" "genblk1[3]" 3 21, 3 21 0, S_0x1564dc0;
 .timescale -9 -12;
P_0x1582360 .param/l "i" 0 3 21, +C4<011>;
S_0x1582440 .scope module, "divider" "lc4_divider_one_iter" 3 22, 3 36 0, S_0x1582160;
 .timescale -9 -12;
    .port_info 0 /INPUT 16 "i_dividend";
    .port_info 1 /INPUT 16 "i_divisor";
    .port_info 2 /INPUT 16 "i_remainder";
    .port_info 3 /INPUT 16 "i_quotient";
    .port_info 4 /OUTPUT 16 "o_dividend";
    .port_info 5 /OUTPUT 16 "o_remainder";
    .port_info 6 /OUTPUT 16 "o_quotient";
L_0x7f8a0b36c690 .functor BUFT 1, C4<0000000000000001>, C4<0>, C4<0>, C4<0>;
L_0x15b43f0 .functor AND 16, L_0x15b50c0, L_0x7f8a0b36c690, C4<1111111111111111>, C4<1111111111111111>;
L_0x15b5250 .functor OR 16, L_0x15b4ea0, L_0x15b43f0, C4<0000000000000000>, C4<0000000000000000>;
L_0x7f8a0b36c7b0 .functor BUFT 1, C4<0000000000000001>, C4<0>, C4<0>, C4<0>;
L_0x15b5c70 .functor OR 16, L_0x15b5d80, L_0x7f8a0b36c7b0, C4<0000000000000000>, C4<0000000000000000>;
v0x15826d0_0 .net *"_ivl_0", 15 0, L_0x15b4ea0;  1 drivers
L_0x7f8a0b36c648 .functor BUFT 1, C4<000000000000000>, C4<0>, C4<0>, C4<0>;
v0x15827d0_0 .net *"_ivl_10", 14 0, L_0x7f8a0b36c648;  1 drivers
v0x15828b0_0 .net/2u *"_ivl_12", 15 0, L_0x7f8a0b36c690;  1 drivers
v0x15829a0_0 .net *"_ivl_14", 15 0, L_0x15b43f0;  1 drivers
v0x1582a80_0 .net *"_ivl_2", 14 0, L_0x15b4d70;  1 drivers
v0x1582bb0_0 .net *"_ivl_20", 14 0, L_0x15b5360;  1 drivers
L_0x7f8a0b36c6d8 .functor BUFT 1, C4<0>, C4<0>, C4<0>, C4<0>;
v0x1582c90_0 .net *"_ivl_22", 0 0, L_0x7f8a0b36c6d8;  1 drivers
v0x1582d70_0 .net *"_ivl_24", 0 0, L_0x15b5580;  1 drivers
v0x1582e30_0 .net *"_ivl_26", 15 0, L_0x15b5670;  1 drivers
v0x1582f10_0 .net *"_ivl_30", 0 0, L_0x15b59a0;  1 drivers
v0x1582fd0_0 .net *"_ivl_32", 15 0, L_0x15b5bd0;  1 drivers
v0x15830b0_0 .net *"_ivl_34", 14 0, L_0x15b5aa0;  1 drivers
L_0x7f8a0b36c720 .functor BUFT 1, C4<0>, C4<0>, C4<0>, C4<0>;
v0x1583190_0 .net *"_ivl_36", 0 0, L_0x7f8a0b36c720;  1 drivers
v0x1583270_0 .net *"_ivl_38", 15 0, L_0x15b5d80;  1 drivers
L_0x7f8a0b36c600 .functor BUFT 1, C4<0>, C4<0>, C4<0>, C4<0>;
v0x1583350_0 .net *"_ivl_4", 0 0, L_0x7f8a0b36c600;  1 drivers
v0x1583430_0 .net *"_ivl_40", 14 0, L_0x15b5ce0;  1 drivers
L_0x7f8a0b36c768 .functor BUFT 1, C4<0>, C4<0>, C4<0>, C4<0>;
v0x1583510_0 .net *"_ivl_42", 0 0, L_0x7f8a0b36c768;  1 drivers
v0x1583700_0 .net/2u *"_ivl_44", 15 0, L_0x7f8a0b36c7b0;  1 drivers
v0x15837e0_0 .net *"_ivl_46", 15 0, L_0x15b5c70;  1 drivers
v0x15838c0_0 .net *"_ivl_6", 15 0, L_0x15b50c0;  1 drivers
v0x15839a0_0 .net *"_ivl_8", 0 0, L_0x15b4f90;  1 drivers
v0x1583a80_0 .net "i_dividend", 15 0, L_0x15b40e0;  alias, 1 drivers
v0x1583b40_0 .net "i_divisor", 15 0, v0x15a0c30_0;  alias, 1 drivers
v0x1583be0_0 .net "i_quotient", 15 0, L_0x15b4be0;  alias, 1 drivers
v0x1583cd0_0 .net "i_remainder", 15 0, L_0x15b44b0;  alias, 1 drivers
v0x1583da0_0 .net "next_remainder", 15 0, L_0x15b5250;  1 drivers
v0x1583e60_0 .net "o_dividend", 15 0, L_0x15b5400;  alias, 1 drivers
v0x1583f40_0 .net "o_quotient", 15 0, L_0x15b5f90;  alias, 1 drivers
v0x1584020_0 .net "o_remainder", 15 0, L_0x15b57d0;  alias, 1 drivers
L_0x15b4d70 .part L_0x15b44b0, 0, 15;
L_0x15b4ea0 .concat [ 1 15 0 0], L_0x7f8a0b36c600, L_0x15b4d70;
L_0x15b4f90 .part L_0x15b40e0, 15, 1;
L_0x15b50c0 .concat [ 1 15 0 0], L_0x15b4f90, L_0x7f8a0b36c648;
L_0x15b5360 .part L_0x15b40e0, 0, 15;
L_0x15b5400 .concat [ 1 15 0 0], L_0x7f8a0b36c6d8, L_0x15b5360;
L_0x15b5580 .cmp/gt 16, v0x15a0c30_0, L_0x15b5250;
L_0x15b5670 .arith/sub 16, L_0x15b5250, v0x15a0c30_0;
L_0x15b57d0 .functor MUXZ 16, L_0x15b5670, L_0x15b5250, L_0x15b5580, C4<>;
L_0x15b59a0 .cmp/gt 16, v0x15a0c30_0, L_0x15b5250;
L_0x15b5aa0 .part L_0x15b4be0, 0, 15;
L_0x15b5bd0 .concat [ 1 15 0 0], L_0x7f8a0b36c720, L_0x15b5aa0;
L_0x15b5ce0 .part L_0x15b4be0, 0, 15;
L_0x15b5d80 .concat [ 1 15 0 0], L_0x7f8a0b36c768, L_0x15b5ce0;
L_0x15b5f90 .functor MUXZ 16, L_0x15b5c70, L_0x15b5bd0, L_0x15b59a0, C4<>;
S_0x15841e0 .scope generate, "genblk1[4]" "genblk1[4]" 3 21, 3 21 0, S_0x1564dc0;
 .timescale -9 -12;
P_0x15843e0 .param/l "i" 0 3 21, +C4<0100>;
S_0x15844c0 .scope module, "divider" "lc4_divider_one_iter" 3 22, 3 36 0, S_0x15841e0;
 .timescale -9 -12;
    .port_info 0 /INPUT 16 "i_dividend";
    .port_info 1 /INPUT 16 "i_divisor";
    .port_info 2 /INPUT 16 "i_remainder";
    .port_info 3 /INPUT 16 "i_quotient";
    .port_info 4 /OUTPUT 16 "o_dividend";
    .port_info 5 /OUTPUT 16 "o_remainder";
    .port_info 6 /OUTPUT 16 "o_quotient";
L_0x7f8a0b36c888 .functor BUFT 1, C4<0000000000000001>, C4<0>, C4<0>, C4<0>;
L_0x15b5710 .functor AND 16, L_0x15b6470, L_0x7f8a0b36c888, C4<1111111111111111>, C4<1111111111111111>;
L_0x15b6600 .functor OR 16, L_0x15b6250, L_0x15b5710, C4<0000000000000000>, C4<0000000000000000>;
L_0x7f8a0b36c9a8 .functor BUFT 1, C4<0000000000000001>, C4<0>, C4<0>, C4<0>;
L_0x15b7430 .functor OR 16, L_0x15b7540, L_0x7f8a0b36c9a8, C4<0000000000000000>, C4<0000000000000000>;
v0x1584750_0 .net *"_ivl_0", 15 0, L_0x15b6250;  1 drivers
L_0x7f8a0b36c840 .functor BUFT 1, C4<000000000000000>, C4<0>, C4<0>, C4<0>;
v0x1584850_0 .net *"_ivl_10", 14 0, L_0x7f8a0b36c840;  1 drivers
v0x1584930_0 .net/2u *"_ivl_12", 15 0, L_0x7f8a0b36c888;  1 drivers
v0x15849f0_0 .net *"_ivl_14", 15 0, L_0x15b5710;  1 drivers
v0x1584ad0_0 .net *"_ivl_2", 14 0, L_0x15b6120;  1 drivers
v0x1584c00_0 .net *"_ivl_20", 14 0, L_0x15b6710;  1 drivers
L_0x7f8a0b36c8d0 .functor BUFT 1, C4<0>, C4<0>, C4<0>, C4<0>;
v0x1584ce0_0 .net *"_ivl_22", 0 0, L_0x7f8a0b36c8d0;  1 drivers
v0x1584dc0_0 .net *"_ivl_24", 0 0, L_0x15b6930;  1 drivers
v0x1584e80_0 .net *"_ivl_26", 15 0, L_0x15b6a20;  1 drivers
v0x1584f60_0 .net *"_ivl_30", 0 0, L_0x15b7160;  1 drivers
v0x1585020_0 .net *"_ivl_32", 15 0, L_0x15b7390;  1 drivers
v0x1585100_0 .net *"_ivl_34", 14 0, L_0x15b7260;  1 drivers
L_0x7f8a0b36c918 .functor BUFT 1, C4<0>, C4<0>, C4<0>, C4<0>;
v0x15851e0_0 .net *"_ivl_36", 0 0, L_0x7f8a0b36c918;  1 drivers
v0x15852c0_0 .net *"_ivl_38", 15 0, L_0x15b7540;  1 drivers
L_0x7f8a0b36c7f8 .functor BUFT 1, C4<0>, C4<0>, C4<0>, C4<0>;
v0x15853a0_0 .net *"_ivl_4", 0 0, L_0x7f8a0b36c7f8;  1 drivers
v0x1585480_0 .net *"_ivl_40", 14 0, L_0x15b74a0;  1 drivers
L_0x7f8a0b36c960 .functor BUFT 1, C4<0>, C4<0>, C4<0>, C4<0>;
v0x1585560_0 .net *"_ivl_42", 0 0, L_0x7f8a0b36c960;  1 drivers
v0x1585750_0 .net/2u *"_ivl_44", 15 0, L_0x7f8a0b36c9a8;  1 drivers
v0x1585830_0 .net *"_ivl_46", 15 0, L_0x15b7430;  1 drivers
v0x1585910_0 .net *"_ivl_6", 15 0, L_0x15b6470;  1 drivers
v0x15859f0_0 .net *"_ivl_8", 0 0, L_0x15b6340;  1 drivers
v0x1585ad0_0 .net "i_dividend", 15 0, L_0x15b5400;  alias, 1 drivers
v0x1585b90_0 .net "i_divisor", 15 0, v0x15a0c30_0;  alias, 1 drivers
v0x1585c30_0 .net "i_quotient", 15 0, L_0x15b5f90;  alias, 1 drivers
v0x1585d20_0 .net "i_remainder", 15 0, L_0x15b57d0;  alias, 1 drivers
v0x1585df0_0 .net "next_remainder", 15 0, L_0x15b6600;  1 drivers
v0x1585eb0_0 .net "o_dividend", 15 0, L_0x15b67b0;  alias, 1 drivers
v0x1585f90_0 .net "o_quotient", 15 0, L_0x15b7750;  alias, 1 drivers
v0x1586070_0 .net "o_remainder", 15 0, L_0x15b6f90;  alias, 1 drivers
L_0x15b6120 .part L_0x15b57d0, 0, 15;
L_0x15b6250 .concat [ 1 15 0 0], L_0x7f8a0b36c7f8, L_0x15b6120;
L_0x15b6340 .part L_0x15b5400, 15, 1;
L_0x15b6470 .concat [ 1 15 0 0], L_0x15b6340, L_0x7f8a0b36c840;
L_0x15b6710 .part L_0x15b5400, 0, 15;
L_0x15b67b0 .concat [ 1 15 0 0], L_0x7f8a0b36c8d0, L_0x15b6710;
L_0x15b6930 .cmp/gt 16, v0x15a0c30_0, L_0x15b6600;
L_0x15b6a20 .arith/sub 16, L_0x15b6600, v0x15a0c30_0;
L_0x15b6f90 .functor MUXZ 16, L_0x15b6a20, L_0x15b6600, L_0x15b6930, C4<>;
L_0x15b7160 .cmp/gt 16, v0x15a0c30_0, L_0x15b6600;
L_0x15b7260 .part L_0x15b5f90, 0, 15;
L_0x15b7390 .concat [ 1 15 0 0], L_0x7f8a0b36c918, L_0x15b7260;
L_0x15b74a0 .part L_0x15b5f90, 0, 15;
L_0x15b7540 .concat [ 1 15 0 0], L_0x7f8a0b36c960, L_0x15b74a0;
L_0x15b7750 .functor MUXZ 16, L_0x15b7430, L_0x15b7390, L_0x15b7160, C4<>;
S_0x1586230 .scope generate, "genblk1[5]" "genblk1[5]" 3 21, 3 21 0, S_0x1564dc0;
 .timescale -9 -12;
P_0x1584b70 .param/l "i" 0 3 21, +C4<0101>;
S_0x1586470 .scope module, "divider" "lc4_divider_one_iter" 3 22, 3 36 0, S_0x1586230;
 .timescale -9 -12;
    .port_info 0 /INPUT 16 "i_dividend";
    .port_info 1 /INPUT 16 "i_divisor";
    .port_info 2 /INPUT 16 "i_remainder";
    .port_info 3 /INPUT 16 "i_quotient";
    .port_info 4 /OUTPUT 16 "o_dividend";
    .port_info 5 /OUTPUT 16 "o_remainder";
    .port_info 6 /OUTPUT 16 "o_quotient";
L_0x7f8a0b36ca80 .functor BUFT 1, C4<0000000000000001>, C4<0>, C4<0>, C4<0>;
L_0x15b6ac0 .functor AND 16, L_0x15b7c30, L_0x7f8a0b36ca80, C4<1111111111111111>, C4<1111111111111111>;
L_0x15b7dc0 .functor OR 16, L_0x15b7a10, L_0x15b6ac0, C4<0000000000000000>, C4<0000000000000000>;
L_0x7f8a0b36cba0 .functor BUFT 1, C4<0000000000000001>, C4<0>, C4<0>, C4<0>;
L_0x15b87e0 .functor OR 16, L_0x15b88f0, L_0x7f8a0b36cba0, C4<0000000000000000>, C4<0000000000000000>;
v0x1586700_0 .net *"_ivl_0", 15 0, L_0x15b7a10;  1 drivers
L_0x7f8a0b36ca38 .functor BUFT 1, C4<000000000000000>, C4<0>, C4<0>, C4<0>;
v0x1586800_0 .net *"_ivl_10", 14 0, L_0x7f8a0b36ca38;  1 drivers
v0x15868e0_0 .net/2u *"_ivl_12", 15 0, L_0x7f8a0b36ca80;  1 drivers
v0x15869d0_0 .net *"_ivl_14", 15 0, L_0x15b6ac0;  1 drivers
v0x1586ab0_0 .net *"_ivl_2", 14 0, L_0x15b78e0;  1 drivers
v0x1586be0_0 .net *"_ivl_20", 14 0, L_0x15b7ed0;  1 drivers
L_0x7f8a0b36cac8 .functor BUFT 1, C4<0>, C4<0>, C4<0>, C4<0>;
v0x1586cc0_0 .net *"_ivl_22", 0 0, L_0x7f8a0b36cac8;  1 drivers
v0x1586da0_0 .net *"_ivl_24", 0 0, L_0x15b80f0;  1 drivers
v0x1586e60_0 .net *"_ivl_26", 15 0, L_0x15b81e0;  1 drivers
v0x1586fd0_0 .net *"_ivl_30", 0 0, L_0x15b8510;  1 drivers
v0x1587090_0 .net *"_ivl_32", 15 0, L_0x15b8740;  1 drivers
v0x1587170_0 .net *"_ivl_34", 14 0, L_0x15b8610;  1 drivers
L_0x7f8a0b36cb10 .functor BUFT 1, C4<0>, C4<0>, C4<0>, C4<0>;
v0x1587250_0 .net *"_ivl_36", 0 0, L_0x7f8a0b36cb10;  1 drivers
v0x1587330_0 .net *"_ivl_38", 15 0, L_0x15b88f0;  1 drivers
L_0x7f8a0b36c9f0 .functor BUFT 1, C4<0>, C4<0>, C4<0>, C4<0>;
v0x1587410_0 .net *"_ivl_4", 0 0, L_0x7f8a0b36c9f0;  1 drivers
v0x15874f0_0 .net *"_ivl_40", 14 0, L_0x15b8850;  1 drivers
L_0x7f8a0b36cb58 .functor BUFT 1, C4<0>, C4<0>, C4<0>, C4<0>;
v0x15875d0_0 .net *"_ivl_42", 0 0, L_0x7f8a0b36cb58;  1 drivers
v0x15877c0_0 .net/2u *"_ivl_44", 15 0, L_0x7f8a0b36cba0;  1 drivers
v0x15878a0_0 .net *"_ivl_46", 15 0, L_0x15b87e0;  1 drivers
v0x1587980_0 .net *"_ivl_6", 15 0, L_0x15b7c30;  1 drivers
v0x1587a60_0 .net *"_ivl_8", 0 0, L_0x15b7b00;  1 drivers
v0x1587b40_0 .net "i_dividend", 15 0, L_0x15b67b0;  alias, 1 drivers
v0x1587c00_0 .net "i_divisor", 15 0, v0x15a0c30_0;  alias, 1 drivers
v0x1587ca0_0 .net "i_quotient", 15 0, L_0x15b7750;  alias, 1 drivers
v0x1587d90_0 .net "i_remainder", 15 0, L_0x15b6f90;  alias, 1 drivers
v0x1587e60_0 .net "next_remainder", 15 0, L_0x15b7dc0;  1 drivers
v0x1587f20_0 .net "o_dividend", 15 0, L_0x15b7f70;  alias, 1 drivers
v0x1588000_0 .net "o_quotient", 15 0, L_0x15b8b00;  alias, 1 drivers
v0x15880e0_0 .net "o_remainder", 15 0, L_0x15b8340;  alias, 1 drivers
L_0x15b78e0 .part L_0x15b6f90, 0, 15;
L_0x15b7a10 .concat [ 1 15 0 0], L_0x7f8a0b36c9f0, L_0x15b78e0;
L_0x15b7b00 .part L_0x15b67b0, 15, 1;
L_0x15b7c30 .concat [ 1 15 0 0], L_0x15b7b00, L_0x7f8a0b36ca38;
L_0x15b7ed0 .part L_0x15b67b0, 0, 15;
L_0x15b7f70 .concat [ 1 15 0 0], L_0x7f8a0b36cac8, L_0x15b7ed0;
L_0x15b80f0 .cmp/gt 16, v0x15a0c30_0, L_0x15b7dc0;
L_0x15b81e0 .arith/sub 16, L_0x15b7dc0, v0x15a0c30_0;
L_0x15b8340 .functor MUXZ 16, L_0x15b81e0, L_0x15b7dc0, L_0x15b80f0, C4<>;
L_0x15b8510 .cmp/gt 16, v0x15a0c30_0, L_0x15b7dc0;
L_0x15b8610 .part L_0x15b7750, 0, 15;
L_0x15b8740 .concat [ 1 15 0 0], L_0x7f8a0b36cb10, L_0x15b8610;
L_0x15b8850 .part L_0x15b7750, 0, 15;
L_0x15b88f0 .concat [ 1 15 0 0], L_0x7f8a0b36cb58, L_0x15b8850;
L_0x15b8b00 .functor MUXZ 16, L_0x15b87e0, L_0x15b8740, L_0x15b8510, C4<>;
S_0x15882e0 .scope generate, "genblk1[6]" "genblk1[6]" 3 21, 3 21 0, S_0x1564dc0;
 .timescale -9 -12;
P_0x1588490 .param/l "i" 0 3 21, +C4<0110>;
S_0x1588570 .scope module, "divider" "lc4_divider_one_iter" 3 22, 3 36 0, S_0x15882e0;
 .timescale -9 -12;
    .port_info 0 /INPUT 16 "i_dividend";
    .port_info 1 /INPUT 16 "i_divisor";
    .port_info 2 /INPUT 16 "i_remainder";
    .port_info 3 /INPUT 16 "i_quotient";
    .port_info 4 /OUTPUT 16 "o_dividend";
    .port_info 5 /OUTPUT 16 "o_remainder";
    .port_info 6 /OUTPUT 16 "o_quotient";
L_0x7f8a0b36cc78 .functor BUFT 1, C4<0000000000000001>, C4<0>, C4<0>, C4<0>;
L_0x15b8280 .functor AND 16, L_0x15b8fe0, L_0x7f8a0b36cc78, C4<1111111111111111>, C4<1111111111111111>;
L_0x15b9170 .functor OR 16, L_0x15b8dc0, L_0x15b8280, C4<0000000000000000>, C4<0000000000000000>;
L_0x7f8a0b36cd98 .functor BUFT 1, C4<0000000000000001>, C4<0>, C4<0>, C4<0>;
L_0x15b9b90 .functor OR 16, L_0x15b9ca0, L_0x7f8a0b36cd98, C4<0000000000000000>, C4<0000000000000000>;
v0x1588800_0 .net *"_ivl_0", 15 0, L_0x15b8dc0;  1 drivers
L_0x7f8a0b36cc30 .functor BUFT 1, C4<000000000000000>, C4<0>, C4<0>, C4<0>;
v0x1588900_0 .net *"_ivl_10", 14 0, L_0x7f8a0b36cc30;  1 drivers
v0x15889e0_0 .net/2u *"_ivl_12", 15 0, L_0x7f8a0b36cc78;  1 drivers
v0x1588ad0_0 .net *"_ivl_14", 15 0, L_0x15b8280;  1 drivers
v0x1588bb0_0 .net *"_ivl_2", 14 0, L_0x15b8c90;  1 drivers
v0x1588ce0_0 .net *"_ivl_20", 14 0, L_0x15b9280;  1 drivers
L_0x7f8a0b36ccc0 .functor BUFT 1, C4<0>, C4<0>, C4<0>, C4<0>;
v0x1588dc0_0 .net *"_ivl_22", 0 0, L_0x7f8a0b36ccc0;  1 drivers
v0x1588ea0_0 .net *"_ivl_24", 0 0, L_0x15b94a0;  1 drivers
v0x1588f60_0 .net *"_ivl_26", 15 0, L_0x15b9590;  1 drivers
v0x1589040_0 .net *"_ivl_30", 0 0, L_0x15b98c0;  1 drivers
v0x1589100_0 .net *"_ivl_32", 15 0, L_0x15b9af0;  1 drivers
v0x15891e0_0 .net *"_ivl_34", 14 0, L_0x15b99c0;  1 drivers
L_0x7f8a0b36cd08 .functor BUFT 1, C4<0>, C4<0>, C4<0>, C4<0>;
v0x15892c0_0 .net *"_ivl_36", 0 0, L_0x7f8a0b36cd08;  1 drivers
v0x15893a0_0 .net *"_ivl_38", 15 0, L_0x15b9ca0;  1 drivers
L_0x7f8a0b36cbe8 .functor BUFT 1, C4<0>, C4<0>, C4<0>, C4<0>;
v0x1589480_0 .net *"_ivl_4", 0 0, L_0x7f8a0b36cbe8;  1 drivers
v0x1589560_0 .net *"_ivl_40", 14 0, L_0x15b9c00;  1 drivers
L_0x7f8a0b36cd50 .functor BUFT 1, C4<0>, C4<0>, C4<0>, C4<0>;
v0x1589640_0 .net *"_ivl_42", 0 0, L_0x7f8a0b36cd50;  1 drivers
v0x1589830_0 .net/2u *"_ivl_44", 15 0, L_0x7f8a0b36cd98;  1 drivers
v0x1589910_0 .net *"_ivl_46", 15 0, L_0x15b9b90;  1 drivers
v0x15899f0_0 .net *"_ivl_6", 15 0, L_0x15b8fe0;  1 drivers
v0x1589ad0_0 .net *"_ivl_8", 0 0, L_0x15b8eb0;  1 drivers
v0x1589bb0_0 .net "i_dividend", 15 0, L_0x15b7f70;  alias, 1 drivers
v0x1589c70_0 .net "i_divisor", 15 0, v0x15a0c30_0;  alias, 1 drivers
v0x1589d10_0 .net "i_quotient", 15 0, L_0x15b8b00;  alias, 1 drivers
v0x1589e00_0 .net "i_remainder", 15 0, L_0x15b8340;  alias, 1 drivers
v0x1589ed0_0 .net "next_remainder", 15 0, L_0x15b9170;  1 drivers
v0x1589f90_0 .net "o_dividend", 15 0, L_0x15b9320;  alias, 1 drivers
v0x158a070_0 .net "o_quotient", 15 0, L_0x15b9eb0;  alias, 1 drivers
v0x158a150_0 .net "o_remainder", 15 0, L_0x15b96f0;  alias, 1 drivers
L_0x15b8c90 .part L_0x15b8340, 0, 15;
L_0x15b8dc0 .concat [ 1 15 0 0], L_0x7f8a0b36cbe8, L_0x15b8c90;
L_0x15b8eb0 .part L_0x15b7f70, 15, 1;
L_0x15b8fe0 .concat [ 1 15 0 0], L_0x15b8eb0, L_0x7f8a0b36cc30;
L_0x15b9280 .part L_0x15b7f70, 0, 15;
L_0x15b9320 .concat [ 1 15 0 0], L_0x7f8a0b36ccc0, L_0x15b9280;
L_0x15b94a0 .cmp/gt 16, v0x15a0c30_0, L_0x15b9170;
L_0x15b9590 .arith/sub 16, L_0x15b9170, v0x15a0c30_0;
L_0x15b96f0 .functor MUXZ 16, L_0x15b9590, L_0x15b9170, L_0x15b94a0, C4<>;
L_0x15b98c0 .cmp/gt 16, v0x15a0c30_0, L_0x15b9170;
L_0x15b99c0 .part L_0x15b8b00, 0, 15;
L_0x15b9af0 .concat [ 1 15 0 0], L_0x7f8a0b36cd08, L_0x15b99c0;
L_0x15b9c00 .part L_0x15b8b00, 0, 15;
L_0x15b9ca0 .concat [ 1 15 0 0], L_0x7f8a0b36cd50, L_0x15b9c00;
L_0x15b9eb0 .functor MUXZ 16, L_0x15b9b90, L_0x15b9af0, L_0x15b98c0, C4<>;
S_0x158a350 .scope generate, "genblk1[7]" "genblk1[7]" 3 21, 3 21 0, S_0x1564dc0;
 .timescale -9 -12;
P_0x158a500 .param/l "i" 0 3 21, +C4<0111>;
S_0x158a5e0 .scope module, "divider" "lc4_divider_one_iter" 3 22, 3 36 0, S_0x158a350;
 .timescale -9 -12;
    .port_info 0 /INPUT 16 "i_dividend";
    .port_info 1 /INPUT 16 "i_divisor";
    .port_info 2 /INPUT 16 "i_remainder";
    .port_info 3 /INPUT 16 "i_quotient";
    .port_info 4 /OUTPUT 16 "o_dividend";
    .port_info 5 /OUTPUT 16 "o_remainder";
    .port_info 6 /OUTPUT 16 "o_quotient";
L_0x7f8a0b36ce70 .functor BUFT 1, C4<0000000000000001>, C4<0>, C4<0>, C4<0>;
L_0x15b9630 .functor AND 16, L_0x15ba390, L_0x7f8a0b36ce70, C4<1111111111111111>, C4<1111111111111111>;
L_0x15ba520 .functor OR 16, L_0x15ba170, L_0x15b9630, C4<0000000000000000>, C4<0000000000000000>;
L_0x7f8a0b36cf90 .functor BUFT 1, C4<0000000000000001>, C4<0>, C4<0>, C4<0>;
L_0x15baf00 .functor OR 16, L_0x15bb010, L_0x7f8a0b36cf90, C4<0000000000000000>, C4<0000000000000000>;
v0x158a870_0 .net *"_ivl_0", 15 0, L_0x15ba170;  1 drivers
L_0x7f8a0b36ce28 .functor BUFT 1, C4<000000000000000>, C4<0>, C4<0>, C4<0>;
v0x158a970_0 .net *"_ivl_10", 14 0, L_0x7f8a0b36ce28;  1 drivers
v0x158aa50_0 .net/2u *"_ivl_12", 15 0, L_0x7f8a0b36ce70;  1 drivers
v0x158ab40_0 .net *"_ivl_14", 15 0, L_0x15b9630;  1 drivers
v0x158ac20_0 .net *"_ivl_2", 14 0, L_0x15ba040;  1 drivers
v0x158ad50_0 .net *"_ivl_20", 14 0, L_0x15ba630;  1 drivers
L_0x7f8a0b36ceb8 .functor BUFT 1, C4<0>, C4<0>, C4<0>, C4<0>;
v0x158ae30_0 .net *"_ivl_22", 0 0, L_0x7f8a0b36ceb8;  1 drivers
v0x158af10_0 .net *"_ivl_24", 0 0, L_0x15ba810;  1 drivers
v0x158afd0_0 .net *"_ivl_26", 15 0, L_0x15ba900;  1 drivers
v0x158b0b0_0 .net *"_ivl_30", 0 0, L_0x15bac30;  1 drivers
v0x158b170_0 .net *"_ivl_32", 15 0, L_0x15bae60;  1 drivers
v0x158b250_0 .net *"_ivl_34", 14 0, L_0x15bad30;  1 drivers
L_0x7f8a0b36cf00 .functor BUFT 1, C4<0>, C4<0>, C4<0>, C4<0>;
v0x158b330_0 .net *"_ivl_36", 0 0, L_0x7f8a0b36cf00;  1 drivers
v0x158b410_0 .net *"_ivl_38", 15 0, L_0x15bb010;  1 drivers
L_0x7f8a0b36cde0 .functor BUFT 1, C4<0>, C4<0>, C4<0>, C4<0>;
v0x158b4f0_0 .net *"_ivl_4", 0 0, L_0x7f8a0b36cde0;  1 drivers
v0x158b5d0_0 .net *"_ivl_40", 14 0, L_0x15baf70;  1 drivers
L_0x7f8a0b36cf48 .functor BUFT 1, C4<0>, C4<0>, C4<0>, C4<0>;
v0x158b6b0_0 .net *"_ivl_42", 0 0, L_0x7f8a0b36cf48;  1 drivers
v0x158b8a0_0 .net/2u *"_ivl_44", 15 0, L_0x7f8a0b36cf90;  1 drivers
v0x158b980_0 .net *"_ivl_46", 15 0, L_0x15baf00;  1 drivers
v0x158ba60_0 .net *"_ivl_6", 15 0, L_0x15ba390;  1 drivers
v0x158bb40_0 .net *"_ivl_8", 0 0, L_0x15ba260;  1 drivers
v0x158bc20_0 .net "i_dividend", 15 0, L_0x15b9320;  alias, 1 drivers
v0x158bce0_0 .net "i_divisor", 15 0, v0x15a0c30_0;  alias, 1 drivers
v0x158bd80_0 .net "i_quotient", 15 0, L_0x15b9eb0;  alias, 1 drivers
v0x158be70_0 .net "i_remainder", 15 0, L_0x15b96f0;  alias, 1 drivers
v0x158bf40_0 .net "next_remainder", 15 0, L_0x15ba520;  1 drivers
v0x158c000_0 .net "o_dividend", 15 0, L_0x15ba6d0;  alias, 1 drivers
v0x158c0e0_0 .net "o_quotient", 15 0, L_0x15bb220;  alias, 1 drivers
v0x158c1c0_0 .net "o_remainder", 15 0, L_0x15baa60;  alias, 1 drivers
L_0x15ba040 .part L_0x15b96f0, 0, 15;
L_0x15ba170 .concat [ 1 15 0 0], L_0x7f8a0b36cde0, L_0x15ba040;
L_0x15ba260 .part L_0x15b9320, 15, 1;
L_0x15ba390 .concat [ 1 15 0 0], L_0x15ba260, L_0x7f8a0b36ce28;
L_0x15ba630 .part L_0x15b9320, 0, 15;
L_0x15ba6d0 .concat [ 1 15 0 0], L_0x7f8a0b36ceb8, L_0x15ba630;
L_0x15ba810 .cmp/gt 16, v0x15a0c30_0, L_0x15ba520;
L_0x15ba900 .arith/sub 16, L_0x15ba520, v0x15a0c30_0;
L_0x15baa60 .functor MUXZ 16, L_0x15ba900, L_0x15ba520, L_0x15ba810, C4<>;
L_0x15bac30 .cmp/gt 16, v0x15a0c30_0, L_0x15ba520;
L_0x15bad30 .part L_0x15b9eb0, 0, 15;
L_0x15bae60 .concat [ 1 15 0 0], L_0x7f8a0b36cf00, L_0x15bad30;
L_0x15baf70 .part L_0x15b9eb0, 0, 15;
L_0x15bb010 .concat [ 1 15 0 0], L_0x7f8a0b36cf48, L_0x15baf70;
L_0x15bb220 .functor MUXZ 16, L_0x15baf00, L_0x15bae60, L_0x15bac30, C4<>;
S_0x158c3c0 .scope generate, "genblk1[8]" "genblk1[8]" 3 21, 3 21 0, S_0x1564dc0;
 .timescale -9 -12;
P_0x1584390 .param/l "i" 0 3 21, +C4<01000>;
S_0x158c600 .scope module, "divider" "lc4_divider_one_iter" 3 22, 3 36 0, S_0x158c3c0;
 .timescale -9 -12;
    .port_info 0 /INPUT 16 "i_dividend";
    .port_info 1 /INPUT 16 "i_divisor";
    .port_info 2 /INPUT 16 "i_remainder";
    .port_info 3 /INPUT 16 "i_quotient";
    .port_info 4 /OUTPUT 16 "o_dividend";
    .port_info 5 /OUTPUT 16 "o_remainder";
    .port_info 6 /OUTPUT 16 "o_quotient";
L_0x7f8a0b36d068 .functor BUFT 1, C4<0000000000000001>, C4<0>, C4<0>, C4<0>;
L_0x15ba9a0 .functor AND 16, L_0x15bb700, L_0x7f8a0b36d068, C4<1111111111111111>, C4<1111111111111111>;
L_0x15bb890 .functor OR 16, L_0x15bb4e0, L_0x15ba9a0, C4<0000000000000000>, C4<0000000000000000>;
L_0x7f8a0b36d188 .functor BUFT 1, C4<0000000000000001>, C4<0>, C4<0>, C4<0>;
L_0x15bc210 .functor OR 16, L_0x15bc320, L_0x7f8a0b36d188, C4<0000000000000000>, C4<0000000000000000>;
v0x158c890_0 .net *"_ivl_0", 15 0, L_0x15bb4e0;  1 drivers
L_0x7f8a0b36d020 .functor BUFT 1, C4<000000000000000>, C4<0>, C4<0>, C4<0>;
v0x158c990_0 .net *"_ivl_10", 14 0, L_0x7f8a0b36d020;  1 drivers
v0x158ca70_0 .net/2u *"_ivl_12", 15 0, L_0x7f8a0b36d068;  1 drivers
v0x158cb60_0 .net *"_ivl_14", 15 0, L_0x15ba9a0;  1 drivers
v0x158cc40_0 .net *"_ivl_2", 14 0, L_0x15bb3b0;  1 drivers
v0x158cd70_0 .net *"_ivl_20", 14 0, L_0x15bb9a0;  1 drivers
L_0x7f8a0b36d0b0 .functor BUFT 1, C4<0>, C4<0>, C4<0>, C4<0>;
v0x158ce50_0 .net *"_ivl_22", 0 0, L_0x7f8a0b36d0b0;  1 drivers
v0x158cf30_0 .net *"_ivl_24", 0 0, L_0x15bbb80;  1 drivers
v0x158cff0_0 .net *"_ivl_26", 15 0, L_0x15bbc70;  1 drivers
v0x158d160_0 .net *"_ivl_30", 0 0, L_0x15bbfa0;  1 drivers
v0x158d220_0 .net *"_ivl_32", 15 0, L_0x15bc170;  1 drivers
v0x158d300_0 .net *"_ivl_34", 14 0, L_0x15bc040;  1 drivers
L_0x7f8a0b36d0f8 .functor BUFT 1, C4<0>, C4<0>, C4<0>, C4<0>;
v0x158d3e0_0 .net *"_ivl_36", 0 0, L_0x7f8a0b36d0f8;  1 drivers
v0x158d4c0_0 .net *"_ivl_38", 15 0, L_0x15bc320;  1 drivers
L_0x7f8a0b36cfd8 .functor BUFT 1, C4<0>, C4<0>, C4<0>, C4<0>;
v0x158d5a0_0 .net *"_ivl_4", 0 0, L_0x7f8a0b36cfd8;  1 drivers
v0x158d680_0 .net *"_ivl_40", 14 0, L_0x15bc280;  1 drivers
L_0x7f8a0b36d140 .functor BUFT 1, C4<0>, C4<0>, C4<0>, C4<0>;
v0x158d760_0 .net *"_ivl_42", 0 0, L_0x7f8a0b36d140;  1 drivers
v0x158d950_0 .net/2u *"_ivl_44", 15 0, L_0x7f8a0b36d188;  1 drivers
v0x158da30_0 .net *"_ivl_46", 15 0, L_0x15bc210;  1 drivers
v0x158db10_0 .net *"_ivl_6", 15 0, L_0x15bb700;  1 drivers
v0x158dbf0_0 .net *"_ivl_8", 0 0, L_0x15bb5d0;  1 drivers
v0x158dcd0_0 .net "i_dividend", 15 0, L_0x15ba6d0;  alias, 1 drivers
v0x158dd90_0 .net "i_divisor", 15 0, v0x15a0c30_0;  alias, 1 drivers
v0x158df40_0 .net "i_quotient", 15 0, L_0x15bb220;  alias, 1 drivers
v0x158e030_0 .net "i_remainder", 15 0, L_0x15baa60;  alias, 1 drivers
v0x158e100_0 .net "next_remainder", 15 0, L_0x15bb890;  1 drivers
v0x158e1c0_0 .net "o_dividend", 15 0, L_0x15bba40;  alias, 1 drivers
v0x158e2a0_0 .net "o_quotient", 15 0, L_0x15bc530;  alias, 1 drivers
v0x158e380_0 .net "o_remainder", 15 0, L_0x15bbdd0;  alias, 1 drivers
L_0x15bb3b0 .part L_0x15baa60, 0, 15;
L_0x15bb4e0 .concat [ 1 15 0 0], L_0x7f8a0b36cfd8, L_0x15bb3b0;
L_0x15bb5d0 .part L_0x15ba6d0, 15, 1;
L_0x15bb700 .concat [ 1 15 0 0], L_0x15bb5d0, L_0x7f8a0b36d020;
L_0x15bb9a0 .part L_0x15ba6d0, 0, 15;
L_0x15bba40 .concat [ 1 15 0 0], L_0x7f8a0b36d0b0, L_0x15bb9a0;
L_0x15bbb80 .cmp/gt 16, v0x15a0c30_0, L_0x15bb890;
L_0x15bbc70 .arith/sub 16, L_0x15bb890, v0x15a0c30_0;
L_0x15bbdd0 .functor MUXZ 16, L_0x15bbc70, L_0x15bb890, L_0x15bbb80, C4<>;
L_0x15bbfa0 .cmp/gt 16, v0x15a0c30_0, L_0x15bb890;
L_0x15bc040 .part L_0x15bb220, 0, 15;
L_0x15bc170 .concat [ 1 15 0 0], L_0x7f8a0b36d0f8, L_0x15bc040;
L_0x15bc280 .part L_0x15bb220, 0, 15;
L_0x15bc320 .concat [ 1 15 0 0], L_0x7f8a0b36d140, L_0x15bc280;
L_0x15bc530 .functor MUXZ 16, L_0x15bc210, L_0x15bc170, L_0x15bbfa0, C4<>;
S_0x158e580 .scope generate, "genblk1[9]" "genblk1[9]" 3 21, 3 21 0, S_0x1564dc0;
 .timescale -9 -12;
P_0x158e730 .param/l "i" 0 3 21, +C4<01001>;
S_0x158e810 .scope module, "divider" "lc4_divider_one_iter" 3 22, 3 36 0, S_0x158e580;
 .timescale -9 -12;
    .port_info 0 /INPUT 16 "i_dividend";
    .port_info 1 /INPUT 16 "i_divisor";
    .port_info 2 /INPUT 16 "i_remainder";
    .port_info 3 /INPUT 16 "i_quotient";
    .port_info 4 /OUTPUT 16 "o_dividend";
    .port_info 5 /OUTPUT 16 "o_remainder";
    .port_info 6 /OUTPUT 16 "o_quotient";
L_0x7f8a0b36d260 .functor BUFT 1, C4<0000000000000001>, C4<0>, C4<0>, C4<0>;
L_0x15bbd10 .functor AND 16, L_0x15bce20, L_0x7f8a0b36d260, C4<1111111111111111>, C4<1111111111111111>;
L_0x15bcec0 .functor OR 16, L_0x15bc7f0, L_0x15bbd10, C4<0000000000000000>, C4<0000000000000000>;
L_0x7f8a0b36d380 .functor BUFT 1, C4<0000000000000001>, C4<0>, C4<0>, C4<0>;
L_0x15bd8a0 .functor OR 16, L_0x15bd9b0, L_0x7f8a0b36d380, C4<0000000000000000>, C4<0000000000000000>;
v0x158eaa0_0 .net *"_ivl_0", 15 0, L_0x15bc7f0;  1 drivers
L_0x7f8a0b36d218 .functor BUFT 1, C4<000000000000000>, C4<0>, C4<0>, C4<0>;
v0x158eba0_0 .net *"_ivl_10", 14 0, L_0x7f8a0b36d218;  1 drivers
v0x158ec80_0 .net/2u *"_ivl_12", 15 0, L_0x7f8a0b36d260;  1 drivers
v0x158ed70_0 .net *"_ivl_14", 15 0, L_0x15bbd10;  1 drivers
v0x158ee50_0 .net *"_ivl_2", 14 0, L_0x15bc6c0;  1 drivers
v0x158ef80_0 .net *"_ivl_20", 14 0, L_0x15bcfd0;  1 drivers
L_0x7f8a0b36d2a8 .functor BUFT 1, C4<0>, C4<0>, C4<0>, C4<0>;
v0x158f060_0 .net *"_ivl_22", 0 0, L_0x7f8a0b36d2a8;  1 drivers
v0x158f140_0 .net *"_ivl_24", 0 0, L_0x15bd1b0;  1 drivers
v0x158f200_0 .net *"_ivl_26", 15 0, L_0x15bd2a0;  1 drivers
v0x158f2e0_0 .net *"_ivl_30", 0 0, L_0x15bd5d0;  1 drivers
v0x158f3a0_0 .net *"_ivl_32", 15 0, L_0x15bd800;  1 drivers
v0x158f480_0 .net *"_ivl_34", 14 0, L_0x15bd6d0;  1 drivers
L_0x7f8a0b36d2f0 .functor BUFT 1, C4<0>, C4<0>, C4<0>, C4<0>;
v0x158f560_0 .net *"_ivl_36", 0 0, L_0x7f8a0b36d2f0;  1 drivers
v0x158f640_0 .net *"_ivl_38", 15 0, L_0x15bd9b0;  1 drivers
L_0x7f8a0b36d1d0 .functor BUFT 1, C4<0>, C4<0>, C4<0>, C4<0>;
v0x158f720_0 .net *"_ivl_4", 0 0, L_0x7f8a0b36d1d0;  1 drivers
v0x158f800_0 .net *"_ivl_40", 14 0, L_0x15bd910;  1 drivers
L_0x7f8a0b36d338 .functor BUFT 1, C4<0>, C4<0>, C4<0>, C4<0>;
v0x158f8e0_0 .net *"_ivl_42", 0 0, L_0x7f8a0b36d338;  1 drivers
v0x158fad0_0 .net/2u *"_ivl_44", 15 0, L_0x7f8a0b36d380;  1 drivers
v0x158fbb0_0 .net *"_ivl_46", 15 0, L_0x15bd8a0;  1 drivers
v0x158fc90_0 .net *"_ivl_6", 15 0, L_0x15bce20;  1 drivers
v0x158fd70_0 .net *"_ivl_8", 0 0, L_0x15bc8e0;  1 drivers
v0x158fe50_0 .net "i_dividend", 15 0, L_0x15bba40;  alias, 1 drivers
v0x158ff10_0 .net "i_divisor", 15 0, v0x15a0c30_0;  alias, 1 drivers
v0x158ffb0_0 .net "i_quotient", 15 0, L_0x15bc530;  alias, 1 drivers
v0x15900a0_0 .net "i_remainder", 15 0, L_0x15bbdd0;  alias, 1 drivers
v0x1590170_0 .net "next_remainder", 15 0, L_0x15bcec0;  1 drivers
v0x1590230_0 .net "o_dividend", 15 0, L_0x15bd070;  alias, 1 drivers
v0x1590310_0 .net "o_quotient", 15 0, L_0x15bdbc0;  alias, 1 drivers
v0x15903f0_0 .net "o_remainder", 15 0, L_0x15bd400;  alias, 1 drivers
L_0x15bc6c0 .part L_0x15bbdd0, 0, 15;
L_0x15bc7f0 .concat [ 1 15 0 0], L_0x7f8a0b36d1d0, L_0x15bc6c0;
L_0x15bc8e0 .part L_0x15bba40, 15, 1;
L_0x15bce20 .concat [ 1 15 0 0], L_0x15bc8e0, L_0x7f8a0b36d218;
L_0x15bcfd0 .part L_0x15bba40, 0, 15;
L_0x15bd070 .concat [ 1 15 0 0], L_0x7f8a0b36d2a8, L_0x15bcfd0;
L_0x15bd1b0 .cmp/gt 16, v0x15a0c30_0, L_0x15bcec0;
L_0x15bd2a0 .arith/sub 16, L_0x15bcec0, v0x15a0c30_0;
L_0x15bd400 .functor MUXZ 16, L_0x15bd2a0, L_0x15bcec0, L_0x15bd1b0, C4<>;
L_0x15bd5d0 .cmp/gt 16, v0x15a0c30_0, L_0x15bcec0;
L_0x15bd6d0 .part L_0x15bc530, 0, 15;
L_0x15bd800 .concat [ 1 15 0 0], L_0x7f8a0b36d2f0, L_0x15bd6d0;
L_0x15bd910 .part L_0x15bc530, 0, 15;
L_0x15bd9b0 .concat [ 1 15 0 0], L_0x7f8a0b36d338, L_0x15bd910;
L_0x15bdbc0 .functor MUXZ 16, L_0x15bd8a0, L_0x15bd800, L_0x15bd5d0, C4<>;
S_0x15905f0 .scope generate, "genblk1[10]" "genblk1[10]" 3 21, 3 21 0, S_0x1564dc0;
 .timescale -9 -12;
P_0x15907a0 .param/l "i" 0 3 21, +C4<01010>;
S_0x1590880 .scope module, "divider" "lc4_divider_one_iter" 3 22, 3 36 0, S_0x15905f0;
 .timescale -9 -12;
    .port_info 0 /INPUT 16 "i_dividend";
    .port_info 1 /INPUT 16 "i_divisor";
    .port_info 2 /INPUT 16 "i_remainder";
    .port_info 3 /INPUT 16 "i_quotient";
    .port_info 4 /OUTPUT 16 "o_dividend";
    .port_info 5 /OUTPUT 16 "o_remainder";
    .port_info 6 /OUTPUT 16 "o_quotient";
L_0x7f8a0b36d458 .functor BUFT 1, C4<0000000000000001>, C4<0>, C4<0>, C4<0>;
L_0x15bd340 .functor AND 16, L_0x15be0a0, L_0x7f8a0b36d458, C4<1111111111111111>, C4<1111111111111111>;
L_0x15be230 .functor OR 16, L_0x15bde80, L_0x15bd340, C4<0000000000000000>, C4<0000000000000000>;
L_0x7f8a0b36d578 .functor BUFT 1, C4<0000000000000001>, C4<0>, C4<0>, C4<0>;
L_0x15bebb0 .functor OR 16, L_0x15becc0, L_0x7f8a0b36d578, C4<0000000000000000>, C4<0000000000000000>;
v0x1590b10_0 .net *"_ivl_0", 15 0, L_0x15bde80;  1 drivers
L_0x7f8a0b36d410 .functor BUFT 1, C4<000000000000000>, C4<0>, C4<0>, C4<0>;
v0x1590c10_0 .net *"_ivl_10", 14 0, L_0x7f8a0b36d410;  1 drivers
v0x1590cf0_0 .net/2u *"_ivl_12", 15 0, L_0x7f8a0b36d458;  1 drivers
v0x1590de0_0 .net *"_ivl_14", 15 0, L_0x15bd340;  1 drivers
v0x1590ec0_0 .net *"_ivl_2", 14 0, L_0x15bdd50;  1 drivers
v0x1590ff0_0 .net *"_ivl_20", 14 0, L_0x15be340;  1 drivers
L_0x7f8a0b36d4a0 .functor BUFT 1, C4<0>, C4<0>, C4<0>, C4<0>;
v0x15910d0_0 .net *"_ivl_22", 0 0, L_0x7f8a0b36d4a0;  1 drivers
v0x15911b0_0 .net *"_ivl_24", 0 0, L_0x15be520;  1 drivers
v0x1591270_0 .net *"_ivl_26", 15 0, L_0x15be610;  1 drivers
v0x1591350_0 .net *"_ivl_30", 0 0, L_0x15be940;  1 drivers
v0x1591410_0 .net *"_ivl_32", 15 0, L_0x15beb10;  1 drivers
v0x15914f0_0 .net *"_ivl_34", 14 0, L_0x15be9e0;  1 drivers
L_0x7f8a0b36d4e8 .functor BUFT 1, C4<0>, C4<0>, C4<0>, C4<0>;
v0x15915d0_0 .net *"_ivl_36", 0 0, L_0x7f8a0b36d4e8;  1 drivers
v0x15916b0_0 .net *"_ivl_38", 15 0, L_0x15becc0;  1 drivers
L_0x7f8a0b36d3c8 .functor BUFT 1, C4<0>, C4<0>, C4<0>, C4<0>;
v0x1591790_0 .net *"_ivl_4", 0 0, L_0x7f8a0b36d3c8;  1 drivers
v0x1591870_0 .net *"_ivl_40", 14 0, L_0x15bec20;  1 drivers
L_0x7f8a0b36d530 .functor BUFT 1, C4<0>, C4<0>, C4<0>, C4<0>;
v0x1591950_0 .net *"_ivl_42", 0 0, L_0x7f8a0b36d530;  1 drivers
v0x1591b40_0 .net/2u *"_ivl_44", 15 0, L_0x7f8a0b36d578;  1 drivers
v0x1591c20_0 .net *"_ivl_46", 15 0, L_0x15bebb0;  1 drivers
v0x1591d00_0 .net *"_ivl_6", 15 0, L_0x15be0a0;  1 drivers
v0x1591de0_0 .net *"_ivl_8", 0 0, L_0x15bdf70;  1 drivers
v0x1591ec0_0 .net "i_dividend", 15 0, L_0x15bd070;  alias, 1 drivers
v0x1591f80_0 .net "i_divisor", 15 0, v0x15a0c30_0;  alias, 1 drivers
v0x1592020_0 .net "i_quotient", 15 0, L_0x15bdbc0;  alias, 1 drivers
v0x1592110_0 .net "i_remainder", 15 0, L_0x15bd400;  alias, 1 drivers
v0x15921e0_0 .net "next_remainder", 15 0, L_0x15be230;  1 drivers
v0x15922a0_0 .net "o_dividend", 15 0, L_0x15be3e0;  alias, 1 drivers
v0x1592380_0 .net "o_quotient", 15 0, L_0x15beed0;  alias, 1 drivers
v0x1592460_0 .net "o_remainder", 15 0, L_0x15be770;  alias, 1 drivers
L_0x15bdd50 .part L_0x15bd400, 0, 15;
L_0x15bde80 .concat [ 1 15 0 0], L_0x7f8a0b36d3c8, L_0x15bdd50;
L_0x15bdf70 .part L_0x15bd070, 15, 1;
L_0x15be0a0 .concat [ 1 15 0 0], L_0x15bdf70, L_0x7f8a0b36d410;
L_0x15be340 .part L_0x15bd070, 0, 15;
L_0x15be3e0 .concat [ 1 15 0 0], L_0x7f8a0b36d4a0, L_0x15be340;
L_0x15be520 .cmp/gt 16, v0x15a0c30_0, L_0x15be230;
L_0x15be610 .arith/sub 16, L_0x15be230, v0x15a0c30_0;
L_0x15be770 .functor MUXZ 16, L_0x15be610, L_0x15be230, L_0x15be520, C4<>;
L_0x15be940 .cmp/gt 16, v0x15a0c30_0, L_0x15be230;
L_0x15be9e0 .part L_0x15bdbc0, 0, 15;
L_0x15beb10 .concat [ 1 15 0 0], L_0x7f8a0b36d4e8, L_0x15be9e0;
L_0x15bec20 .part L_0x15bdbc0, 0, 15;
L_0x15becc0 .concat [ 1 15 0 0], L_0x7f8a0b36d530, L_0x15bec20;
L_0x15beed0 .functor MUXZ 16, L_0x15bebb0, L_0x15beb10, L_0x15be940, C4<>;
S_0x1592660 .scope generate, "genblk1[11]" "genblk1[11]" 3 21, 3 21 0, S_0x1564dc0;
 .timescale -9 -12;
P_0x1592810 .param/l "i" 0 3 21, +C4<01011>;
S_0x15928f0 .scope module, "divider" "lc4_divider_one_iter" 3 22, 3 36 0, S_0x1592660;
 .timescale -9 -12;
    .port_info 0 /INPUT 16 "i_dividend";
    .port_info 1 /INPUT 16 "i_divisor";
    .port_info 2 /INPUT 16 "i_remainder";
    .port_info 3 /INPUT 16 "i_quotient";
    .port_info 4 /OUTPUT 16 "o_dividend";
    .port_info 5 /OUTPUT 16 "o_remainder";
    .port_info 6 /OUTPUT 16 "o_quotient";
L_0x7f8a0b36d650 .functor BUFT 1, C4<0000000000000001>, C4<0>, C4<0>, C4<0>;
L_0x15be6b0 .functor AND 16, L_0x15bf3b0, L_0x7f8a0b36d650, C4<1111111111111111>, C4<1111111111111111>;
L_0x15bf540 .functor OR 16, L_0x15bf190, L_0x15be6b0, C4<0000000000000000>, C4<0000000000000000>;
L_0x7f8a0b36d770 .functor BUFT 1, C4<0000000000000001>, C4<0>, C4<0>, C4<0>;
L_0x15bfec0 .functor OR 16, L_0x15bffd0, L_0x7f8a0b36d770, C4<0000000000000000>, C4<0000000000000000>;
v0x1592b80_0 .net *"_ivl_0", 15 0, L_0x15bf190;  1 drivers
L_0x7f8a0b36d608 .functor BUFT 1, C4<000000000000000>, C4<0>, C4<0>, C4<0>;
v0x1592c80_0 .net *"_ivl_10", 14 0, L_0x7f8a0b36d608;  1 drivers
v0x1592d60_0 .net/2u *"_ivl_12", 15 0, L_0x7f8a0b36d650;  1 drivers
v0x1592e50_0 .net *"_ivl_14", 15 0, L_0x15be6b0;  1 drivers
v0x1592f30_0 .net *"_ivl_2", 14 0, L_0x15bf060;  1 drivers
v0x1593060_0 .net *"_ivl_20", 14 0, L_0x15bf650;  1 drivers
L_0x7f8a0b36d698 .functor BUFT 1, C4<0>, C4<0>, C4<0>, C4<0>;
v0x1593140_0 .net *"_ivl_22", 0 0, L_0x7f8a0b36d698;  1 drivers
v0x1593220_0 .net *"_ivl_24", 0 0, L_0x15bf830;  1 drivers
v0x15932e0_0 .net *"_ivl_26", 15 0, L_0x15bf920;  1 drivers
v0x15933c0_0 .net *"_ivl_30", 0 0, L_0x15bfc50;  1 drivers
v0x1593480_0 .net *"_ivl_32", 15 0, L_0x15bfe20;  1 drivers
v0x1593560_0 .net *"_ivl_34", 14 0, L_0x15bfcf0;  1 drivers
L_0x7f8a0b36d6e0 .functor BUFT 1, C4<0>, C4<0>, C4<0>, C4<0>;
v0x1593640_0 .net *"_ivl_36", 0 0, L_0x7f8a0b36d6e0;  1 drivers
v0x1593720_0 .net *"_ivl_38", 15 0, L_0x15bffd0;  1 drivers
L_0x7f8a0b36d5c0 .functor BUFT 1, C4<0>, C4<0>, C4<0>, C4<0>;
v0x1593800_0 .net *"_ivl_4", 0 0, L_0x7f8a0b36d5c0;  1 drivers
v0x15938e0_0 .net *"_ivl_40", 14 0, L_0x15bff30;  1 drivers
L_0x7f8a0b36d728 .functor BUFT 1, C4<0>, C4<0>, C4<0>, C4<0>;
v0x15939c0_0 .net *"_ivl_42", 0 0, L_0x7f8a0b36d728;  1 drivers
v0x1593bb0_0 .net/2u *"_ivl_44", 15 0, L_0x7f8a0b36d770;  1 drivers
v0x1593c90_0 .net *"_ivl_46", 15 0, L_0x15bfec0;  1 drivers
v0x1593d70_0 .net *"_ivl_6", 15 0, L_0x15bf3b0;  1 drivers
v0x1593e50_0 .net *"_ivl_8", 0 0, L_0x15bf280;  1 drivers
v0x1593f30_0 .net "i_dividend", 15 0, L_0x15be3e0;  alias, 1 drivers
v0x1593ff0_0 .net "i_divisor", 15 0, v0x15a0c30_0;  alias, 1 drivers
v0x1594090_0 .net "i_quotient", 15 0, L_0x15beed0;  alias, 1 drivers
v0x1594180_0 .net "i_remainder", 15 0, L_0x15be770;  alias, 1 drivers
v0x1594250_0 .net "next_remainder", 15 0, L_0x15bf540;  1 drivers
v0x1594310_0 .net "o_dividend", 15 0, L_0x15bf6f0;  alias, 1 drivers
v0x15943f0_0 .net "o_quotient", 15 0, L_0x15c01e0;  alias, 1 drivers
v0x15944d0_0 .net "o_remainder", 15 0, L_0x15bfa80;  alias, 1 drivers
L_0x15bf060 .part L_0x15be770, 0, 15;
L_0x15bf190 .concat [ 1 15 0 0], L_0x7f8a0b36d5c0, L_0x15bf060;
L_0x15bf280 .part L_0x15be3e0, 15, 1;
L_0x15bf3b0 .concat [ 1 15 0 0], L_0x15bf280, L_0x7f8a0b36d608;
L_0x15bf650 .part L_0x15be3e0, 0, 15;
L_0x15bf6f0 .concat [ 1 15 0 0], L_0x7f8a0b36d698, L_0x15bf650;
L_0x15bf830 .cmp/gt 16, v0x15a0c30_0, L_0x15bf540;
L_0x15bf920 .arith/sub 16, L_0x15bf540, v0x15a0c30_0;
L_0x15bfa80 .functor MUXZ 16, L_0x15bf920, L_0x15bf540, L_0x15bf830, C4<>;
L_0x15bfc50 .cmp/gt 16, v0x15a0c30_0, L_0x15bf540;
L_0x15bfcf0 .part L_0x15beed0, 0, 15;
L_0x15bfe20 .concat [ 1 15 0 0], L_0x7f8a0b36d6e0, L_0x15bfcf0;
L_0x15bff30 .part L_0x15beed0, 0, 15;
L_0x15bffd0 .concat [ 1 15 0 0], L_0x7f8a0b36d728, L_0x15bff30;
L_0x15c01e0 .functor MUXZ 16, L_0x15bfec0, L_0x15bfe20, L_0x15bfc50, C4<>;
S_0x15946d0 .scope generate, "genblk1[12]" "genblk1[12]" 3 21, 3 21 0, S_0x1564dc0;
 .timescale -9 -12;
P_0x1594880 .param/l "i" 0 3 21, +C4<01100>;
S_0x1594960 .scope module, "divider" "lc4_divider_one_iter" 3 22, 3 36 0, S_0x15946d0;
 .timescale -9 -12;
    .port_info 0 /INPUT 16 "i_dividend";
    .port_info 1 /INPUT 16 "i_divisor";
    .port_info 2 /INPUT 16 "i_remainder";
    .port_info 3 /INPUT 16 "i_quotient";
    .port_info 4 /OUTPUT 16 "o_dividend";
    .port_info 5 /OUTPUT 16 "o_remainder";
    .port_info 6 /OUTPUT 16 "o_quotient";
L_0x7f8a0b36d848 .functor BUFT 1, C4<0000000000000001>, C4<0>, C4<0>, C4<0>;
L_0x15bf9c0 .functor AND 16, L_0x15c06c0, L_0x7f8a0b36d848, C4<1111111111111111>, C4<1111111111111111>;
L_0x15c0850 .functor OR 16, L_0x15c04a0, L_0x15bf9c0, C4<0000000000000000>, C4<0000000000000000>;
L_0x7f8a0b36d968 .functor BUFT 1, C4<0000000000000001>, C4<0>, C4<0>, C4<0>;
L_0x15c11d0 .functor OR 16, L_0x15c12e0, L_0x7f8a0b36d968, C4<0000000000000000>, C4<0000000000000000>;
v0x1594bf0_0 .net *"_ivl_0", 15 0, L_0x15c04a0;  1 drivers
L_0x7f8a0b36d800 .functor BUFT 1, C4<000000000000000>, C4<0>, C4<0>, C4<0>;
v0x1594cf0_0 .net *"_ivl_10", 14 0, L_0x7f8a0b36d800;  1 drivers
v0x1594dd0_0 .net/2u *"_ivl_12", 15 0, L_0x7f8a0b36d848;  1 drivers
v0x1594ec0_0 .net *"_ivl_14", 15 0, L_0x15bf9c0;  1 drivers
v0x1594fa0_0 .net *"_ivl_2", 14 0, L_0x15c0370;  1 drivers
v0x15950d0_0 .net *"_ivl_20", 14 0, L_0x15c0960;  1 drivers
L_0x7f8a0b36d890 .functor BUFT 1, C4<0>, C4<0>, C4<0>, C4<0>;
v0x15951b0_0 .net *"_ivl_22", 0 0, L_0x7f8a0b36d890;  1 drivers
v0x1595290_0 .net *"_ivl_24", 0 0, L_0x15c0b40;  1 drivers
v0x1595350_0 .net *"_ivl_26", 15 0, L_0x15c0c30;  1 drivers
v0x1595430_0 .net *"_ivl_30", 0 0, L_0x15c0f60;  1 drivers
v0x15954f0_0 .net *"_ivl_32", 15 0, L_0x15c1130;  1 drivers
v0x15955d0_0 .net *"_ivl_34", 14 0, L_0x15c1000;  1 drivers
L_0x7f8a0b36d8d8 .functor BUFT 1, C4<0>, C4<0>, C4<0>, C4<0>;
v0x15956b0_0 .net *"_ivl_36", 0 0, L_0x7f8a0b36d8d8;  1 drivers
v0x1595790_0 .net *"_ivl_38", 15 0, L_0x15c12e0;  1 drivers
L_0x7f8a0b36d7b8 .functor BUFT 1, C4<0>, C4<0>, C4<0>, C4<0>;
v0x1595870_0 .net *"_ivl_4", 0 0, L_0x7f8a0b36d7b8;  1 drivers
v0x1595950_0 .net *"_ivl_40", 14 0, L_0x15c1240;  1 drivers
L_0x7f8a0b36d920 .functor BUFT 1, C4<0>, C4<0>, C4<0>, C4<0>;
v0x1595a30_0 .net *"_ivl_42", 0 0, L_0x7f8a0b36d920;  1 drivers
v0x1595c20_0 .net/2u *"_ivl_44", 15 0, L_0x7f8a0b36d968;  1 drivers
v0x1595d00_0 .net *"_ivl_46", 15 0, L_0x15c11d0;  1 drivers
v0x1595de0_0 .net *"_ivl_6", 15 0, L_0x15c06c0;  1 drivers
v0x1595ec0_0 .net *"_ivl_8", 0 0, L_0x15c0590;  1 drivers
v0x1595fa0_0 .net "i_dividend", 15 0, L_0x15bf6f0;  alias, 1 drivers
v0x1596060_0 .net "i_divisor", 15 0, v0x15a0c30_0;  alias, 1 drivers
v0x1596100_0 .net "i_quotient", 15 0, L_0x15c01e0;  alias, 1 drivers
v0x15961f0_0 .net "i_remainder", 15 0, L_0x15bfa80;  alias, 1 drivers
v0x15962c0_0 .net "next_remainder", 15 0, L_0x15c0850;  1 drivers
v0x1596380_0 .net "o_dividend", 15 0, L_0x15c0a00;  alias, 1 drivers
v0x1596460_0 .net "o_quotient", 15 0, L_0x15c14f0;  alias, 1 drivers
v0x1596540_0 .net "o_remainder", 15 0, L_0x15c0d90;  alias, 1 drivers
L_0x15c0370 .part L_0x15bfa80, 0, 15;
L_0x15c04a0 .concat [ 1 15 0 0], L_0x7f8a0b36d7b8, L_0x15c0370;
L_0x15c0590 .part L_0x15bf6f0, 15, 1;
L_0x15c06c0 .concat [ 1 15 0 0], L_0x15c0590, L_0x7f8a0b36d800;
L_0x15c0960 .part L_0x15bf6f0, 0, 15;
L_0x15c0a00 .concat [ 1 15 0 0], L_0x7f8a0b36d890, L_0x15c0960;
L_0x15c0b40 .cmp/gt 16, v0x15a0c30_0, L_0x15c0850;
L_0x15c0c30 .arith/sub 16, L_0x15c0850, v0x15a0c30_0;
L_0x15c0d90 .functor MUXZ 16, L_0x15c0c30, L_0x15c0850, L_0x15c0b40, C4<>;
L_0x15c0f60 .cmp/gt 16, v0x15a0c30_0, L_0x15c0850;
L_0x15c1000 .part L_0x15c01e0, 0, 15;
L_0x15c1130 .concat [ 1 15 0 0], L_0x7f8a0b36d8d8, L_0x15c1000;
L_0x15c1240 .part L_0x15c01e0, 0, 15;
L_0x15c12e0 .concat [ 1 15 0 0], L_0x7f8a0b36d920, L_0x15c1240;
L_0x15c14f0 .functor MUXZ 16, L_0x15c11d0, L_0x15c1130, L_0x15c0f60, C4<>;
S_0x1596740 .scope generate, "genblk1[13]" "genblk1[13]" 3 21, 3 21 0, S_0x1564dc0;
 .timescale -9 -12;
P_0x15968f0 .param/l "i" 0 3 21, +C4<01101>;
S_0x15969d0 .scope module, "divider" "lc4_divider_one_iter" 3 22, 3 36 0, S_0x1596740;
 .timescale -9 -12;
    .port_info 0 /INPUT 16 "i_dividend";
    .port_info 1 /INPUT 16 "i_divisor";
    .port_info 2 /INPUT 16 "i_remainder";
    .port_info 3 /INPUT 16 "i_quotient";
    .port_info 4 /OUTPUT 16 "o_dividend";
    .port_info 5 /OUTPUT 16 "o_remainder";
    .port_info 6 /OUTPUT 16 "o_quotient";
L_0x7f8a0b36da40 .functor BUFT 1, C4<0000000000000001>, C4<0>, C4<0>, C4<0>;
L_0x15c0cd0 .functor AND 16, L_0x15c19d0, L_0x7f8a0b36da40, C4<1111111111111111>, C4<1111111111111111>;
L_0x15c1b60 .functor OR 16, L_0x15c17b0, L_0x15c0cd0, C4<0000000000000000>, C4<0000000000000000>;
L_0x7f8a0b36db60 .functor BUFT 1, C4<0000000000000001>, C4<0>, C4<0>, C4<0>;
L_0x15c24e0 .functor OR 16, L_0x15c25f0, L_0x7f8a0b36db60, C4<0000000000000000>, C4<0000000000000000>;
v0x1596c60_0 .net *"_ivl_0", 15 0, L_0x15c17b0;  1 drivers
L_0x7f8a0b36d9f8 .functor BUFT 1, C4<000000000000000>, C4<0>, C4<0>, C4<0>;
v0x1596d60_0 .net *"_ivl_10", 14 0, L_0x7f8a0b36d9f8;  1 drivers
v0x1596e40_0 .net/2u *"_ivl_12", 15 0, L_0x7f8a0b36da40;  1 drivers
v0x1596f30_0 .net *"_ivl_14", 15 0, L_0x15c0cd0;  1 drivers
v0x1597010_0 .net *"_ivl_2", 14 0, L_0x15c1680;  1 drivers
v0x1597140_0 .net *"_ivl_20", 14 0, L_0x15c1c70;  1 drivers
L_0x7f8a0b36da88 .functor BUFT 1, C4<0>, C4<0>, C4<0>, C4<0>;
v0x1597220_0 .net *"_ivl_22", 0 0, L_0x7f8a0b36da88;  1 drivers
v0x1597300_0 .net *"_ivl_24", 0 0, L_0x15c1e50;  1 drivers
v0x15973c0_0 .net *"_ivl_26", 15 0, L_0x15c1f40;  1 drivers
v0x15974a0_0 .net *"_ivl_30", 0 0, L_0x15c2270;  1 drivers
v0x1597560_0 .net *"_ivl_32", 15 0, L_0x15c2440;  1 drivers
v0x1597640_0 .net *"_ivl_34", 14 0, L_0x15c2310;  1 drivers
L_0x7f8a0b36dad0 .functor BUFT 1, C4<0>, C4<0>, C4<0>, C4<0>;
v0x1597720_0 .net *"_ivl_36", 0 0, L_0x7f8a0b36dad0;  1 drivers
v0x1597800_0 .net *"_ivl_38", 15 0, L_0x15c25f0;  1 drivers
L_0x7f8a0b36d9b0 .functor BUFT 1, C4<0>, C4<0>, C4<0>, C4<0>;
v0x15978e0_0 .net *"_ivl_4", 0 0, L_0x7f8a0b36d9b0;  1 drivers
v0x15979c0_0 .net *"_ivl_40", 14 0, L_0x15c2550;  1 drivers
L_0x7f8a0b36db18 .functor BUFT 1, C4<0>, C4<0>, C4<0>, C4<0>;
v0x1597aa0_0 .net *"_ivl_42", 0 0, L_0x7f8a0b36db18;  1 drivers
v0x1597c90_0 .net/2u *"_ivl_44", 15 0, L_0x7f8a0b36db60;  1 drivers
v0x1597d70_0 .net *"_ivl_46", 15 0, L_0x15c24e0;  1 drivers
v0x1597e50_0 .net *"_ivl_6", 15 0, L_0x15c19d0;  1 drivers
v0x1597f30_0 .net *"_ivl_8", 0 0, L_0x15c18a0;  1 drivers
v0x1598010_0 .net "i_dividend", 15 0, L_0x15c0a00;  alias, 1 drivers
v0x15980d0_0 .net "i_divisor", 15 0, v0x15a0c30_0;  alias, 1 drivers
v0x1598170_0 .net "i_quotient", 15 0, L_0x15c14f0;  alias, 1 drivers
v0x1598260_0 .net "i_remainder", 15 0, L_0x15c0d90;  alias, 1 drivers
v0x1598330_0 .net "next_remainder", 15 0, L_0x15c1b60;  1 drivers
v0x15983f0_0 .net "o_dividend", 15 0, L_0x15c1d10;  alias, 1 drivers
v0x15984d0_0 .net "o_quotient", 15 0, L_0x15c2800;  alias, 1 drivers
v0x15985b0_0 .net "o_remainder", 15 0, L_0x15c20a0;  alias, 1 drivers
L_0x15c1680 .part L_0x15c0d90, 0, 15;
L_0x15c17b0 .concat [ 1 15 0 0], L_0x7f8a0b36d9b0, L_0x15c1680;
L_0x15c18a0 .part L_0x15c0a00, 15, 1;
L_0x15c19d0 .concat [ 1 15 0 0], L_0x15c18a0, L_0x7f8a0b36d9f8;
L_0x15c1c70 .part L_0x15c0a00, 0, 15;
L_0x15c1d10 .concat [ 1 15 0 0], L_0x7f8a0b36da88, L_0x15c1c70;
L_0x15c1e50 .cmp/gt 16, v0x15a0c30_0, L_0x15c1b60;
L_0x15c1f40 .arith/sub 16, L_0x15c1b60, v0x15a0c30_0;
L_0x15c20a0 .functor MUXZ 16, L_0x15c1f40, L_0x15c1b60, L_0x15c1e50, C4<>;
L_0x15c2270 .cmp/gt 16, v0x15a0c30_0, L_0x15c1b60;
L_0x15c2310 .part L_0x15c14f0, 0, 15;
L_0x15c2440 .concat [ 1 15 0 0], L_0x7f8a0b36dad0, L_0x15c2310;
L_0x15c2550 .part L_0x15c14f0, 0, 15;
L_0x15c25f0 .concat [ 1 15 0 0], L_0x7f8a0b36db18, L_0x15c2550;
L_0x15c2800 .functor MUXZ 16, L_0x15c24e0, L_0x15c2440, L_0x15c2270, C4<>;
S_0x15987b0 .scope generate, "genblk1[14]" "genblk1[14]" 3 21, 3 21 0, S_0x1564dc0;
 .timescale -9 -12;
P_0x1598960 .param/l "i" 0 3 21, +C4<01110>;
S_0x1598a40 .scope module, "divider" "lc4_divider_one_iter" 3 22, 3 36 0, S_0x15987b0;
 .timescale -9 -12;
    .port_info 0 /INPUT 16 "i_dividend";
    .port_info 1 /INPUT 16 "i_divisor";
    .port_info 2 /INPUT 16 "i_remainder";
    .port_info 3 /INPUT 16 "i_quotient";
    .port_info 4 /OUTPUT 16 "o_dividend";
    .port_info 5 /OUTPUT 16 "o_remainder";
    .port_info 6 /OUTPUT 16 "o_quotient";
L_0x7f8a0b36dc38 .functor BUFT 1, C4<0000000000000001>, C4<0>, C4<0>, C4<0>;
L_0x15c1fe0 .functor AND 16, L_0x15c2ce0, L_0x7f8a0b36dc38, C4<1111111111111111>, C4<1111111111111111>;
L_0x15c2e70 .functor OR 16, L_0x15c2ac0, L_0x15c1fe0, C4<0000000000000000>, C4<0000000000000000>;
L_0x7f8a0b36dd58 .functor BUFT 1, C4<0000000000000001>, C4<0>, C4<0>, C4<0>;
L_0x15c37f0 .functor OR 16, L_0x15c3900, L_0x7f8a0b36dd58, C4<0000000000000000>, C4<0000000000000000>;
v0x1598cd0_0 .net *"_ivl_0", 15 0, L_0x15c2ac0;  1 drivers
L_0x7f8a0b36dbf0 .functor BUFT 1, C4<000000000000000>, C4<0>, C4<0>, C4<0>;
v0x1598dd0_0 .net *"_ivl_10", 14 0, L_0x7f8a0b36dbf0;  1 drivers
v0x1598eb0_0 .net/2u *"_ivl_12", 15 0, L_0x7f8a0b36dc38;  1 drivers
v0x1598fa0_0 .net *"_ivl_14", 15 0, L_0x15c1fe0;  1 drivers
v0x1599080_0 .net *"_ivl_2", 14 0, L_0x15c2990;  1 drivers
v0x15991b0_0 .net *"_ivl_20", 14 0, L_0x15c2f80;  1 drivers
L_0x7f8a0b36dc80 .functor BUFT 1, C4<0>, C4<0>, C4<0>, C4<0>;
v0x1599290_0 .net *"_ivl_22", 0 0, L_0x7f8a0b36dc80;  1 drivers
v0x1599370_0 .net *"_ivl_24", 0 0, L_0x15c3160;  1 drivers
v0x1599430_0 .net *"_ivl_26", 15 0, L_0x15c3250;  1 drivers
v0x1599510_0 .net *"_ivl_30", 0 0, L_0x15c3580;  1 drivers
v0x15995d0_0 .net *"_ivl_32", 15 0, L_0x15c3750;  1 drivers
v0x15996b0_0 .net *"_ivl_34", 14 0, L_0x15c3620;  1 drivers
L_0x7f8a0b36dcc8 .functor BUFT 1, C4<0>, C4<0>, C4<0>, C4<0>;
v0x1599790_0 .net *"_ivl_36", 0 0, L_0x7f8a0b36dcc8;  1 drivers
v0x1599870_0 .net *"_ivl_38", 15 0, L_0x15c3900;  1 drivers
L_0x7f8a0b36dba8 .functor BUFT 1, C4<0>, C4<0>, C4<0>, C4<0>;
v0x1599950_0 .net *"_ivl_4", 0 0, L_0x7f8a0b36dba8;  1 drivers
v0x1599a30_0 .net *"_ivl_40", 14 0, L_0x15c3860;  1 drivers
L_0x7f8a0b36dd10 .functor BUFT 1, C4<0>, C4<0>, C4<0>, C4<0>;
v0x1599b10_0 .net *"_ivl_42", 0 0, L_0x7f8a0b36dd10;  1 drivers
v0x1599d00_0 .net/2u *"_ivl_44", 15 0, L_0x7f8a0b36dd58;  1 drivers
v0x1599de0_0 .net *"_ivl_46", 15 0, L_0x15c37f0;  1 drivers
v0x1599ec0_0 .net *"_ivl_6", 15 0, L_0x15c2ce0;  1 drivers
v0x1599fa0_0 .net *"_ivl_8", 0 0, L_0x15c2bb0;  1 drivers
v0x159a080_0 .net "i_dividend", 15 0, L_0x15c1d10;  alias, 1 drivers
v0x159a140_0 .net "i_divisor", 15 0, v0x15a0c30_0;  alias, 1 drivers
v0x159a1e0_0 .net "i_quotient", 15 0, L_0x15c2800;  alias, 1 drivers
v0x159a2d0_0 .net "i_remainder", 15 0, L_0x15c20a0;  alias, 1 drivers
v0x159a3a0_0 .net "next_remainder", 15 0, L_0x15c2e70;  1 drivers
v0x159a460_0 .net "o_dividend", 15 0, L_0x15c3020;  alias, 1 drivers
v0x159a540_0 .net "o_quotient", 15 0, L_0x15c3b10;  alias, 1 drivers
v0x159a620_0 .net "o_remainder", 15 0, L_0x15c33b0;  alias, 1 drivers
L_0x15c2990 .part L_0x15c20a0, 0, 15;
L_0x15c2ac0 .concat [ 1 15 0 0], L_0x7f8a0b36dba8, L_0x15c2990;
L_0x15c2bb0 .part L_0x15c1d10, 15, 1;
L_0x15c2ce0 .concat [ 1 15 0 0], L_0x15c2bb0, L_0x7f8a0b36dbf0;
L_0x15c2f80 .part L_0x15c1d10, 0, 15;
L_0x15c3020 .concat [ 1 15 0 0], L_0x7f8a0b36dc80, L_0x15c2f80;
L_0x15c3160 .cmp/gt 16, v0x15a0c30_0, L_0x15c2e70;
L_0x15c3250 .arith/sub 16, L_0x15c2e70, v0x15a0c30_0;
L_0x15c33b0 .functor MUXZ 16, L_0x15c3250, L_0x15c2e70, L_0x15c3160, C4<>;
L_0x15c3580 .cmp/gt 16, v0x15a0c30_0, L_0x15c2e70;
L_0x15c3620 .part L_0x15c2800, 0, 15;
L_0x15c3750 .concat [ 1 15 0 0], L_0x7f8a0b36dcc8, L_0x15c3620;
L_0x15c3860 .part L_0x15c2800, 0, 15;
L_0x15c3900 .concat [ 1 15 0 0], L_0x7f8a0b36dd10, L_0x15c3860;
L_0x15c3b10 .functor MUXZ 16, L_0x15c37f0, L_0x15c3750, L_0x15c3580, C4<>;
S_0x159a820 .scope generate, "genblk1[15]" "genblk1[15]" 3 21, 3 21 0, S_0x1564dc0;
 .timescale -9 -12;
P_0x159a9d0 .param/l "i" 0 3 21, +C4<01111>;
S_0x159aab0 .scope module, "divider" "lc4_divider_one_iter" 3 22, 3 36 0, S_0x159a820;
 .timescale -9 -12;
    .port_info 0 /INPUT 16 "i_dividend";
    .port_info 1 /INPUT 16 "i_divisor";
    .port_info 2 /INPUT 16 "i_remainder";
    .port_info 3 /INPUT 16 "i_quotient";
    .port_info 4 /OUTPUT 16 "o_dividend";
    .port_info 5 /OUTPUT 16 "o_remainder";
    .port_info 6 /OUTPUT 16 "o_quotient";
L_0x7f8a0b36de30 .functor BUFT 1, C4<0000000000000001>, C4<0>, C4<0>, C4<0>;
L_0x15c32f0 .functor AND 16, L_0x15c3ff0, L_0x7f8a0b36de30, C4<1111111111111111>, C4<1111111111111111>;
L_0x15c4180 .functor OR 16, L_0x15c3dd0, L_0x15c32f0, C4<0000000000000000>, C4<0000000000000000>;
L_0x7f8a0b36df50 .functor BUFT 1, C4<0000000000000001>, C4<0>, C4<0>, C4<0>;
L_0x15c5220 .functor OR 16, L_0x15c5330, L_0x7f8a0b36df50, C4<0000000000000000>, C4<0000000000000000>;
v0x159ad40_0 .net *"_ivl_0", 15 0, L_0x15c3dd0;  1 drivers
L_0x7f8a0b36dde8 .functor BUFT 1, C4<000000000000000>, C4<0>, C4<0>, C4<0>;
v0x159ae40_0 .net *"_ivl_10", 14 0, L_0x7f8a0b36dde8;  1 drivers
v0x159af20_0 .net/2u *"_ivl_12", 15 0, L_0x7f8a0b36de30;  1 drivers
v0x159b010_0 .net *"_ivl_14", 15 0, L_0x15c32f0;  1 drivers
v0x159b0f0_0 .net *"_ivl_2", 14 0, L_0x15c3ca0;  1 drivers
v0x159b220_0 .net *"_ivl_20", 14 0, L_0x15c4290;  1 drivers
L_0x7f8a0b36de78 .functor BUFT 1, C4<0>, C4<0>, C4<0>, C4<0>;
v0x159b300_0 .net *"_ivl_22", 0 0, L_0x7f8a0b36de78;  1 drivers
v0x159b3e0_0 .net *"_ivl_24", 0 0, L_0x15c44c0;  1 drivers
v0x159b4a0_0 .net *"_ivl_26", 15 0, L_0x15c4d70;  1 drivers
v0x159b580_0 .net *"_ivl_30", 0 0, L_0x15c4fb0;  1 drivers
v0x159b640_0 .net *"_ivl_32", 15 0, L_0x15c5180;  1 drivers
v0x159b720_0 .net *"_ivl_34", 14 0, L_0x15c5050;  1 drivers
L_0x7f8a0b36dec0 .functor BUFT 1, C4<0>, C4<0>, C4<0>, C4<0>;
v0x159b800_0 .net *"_ivl_36", 0 0, L_0x7f8a0b36dec0;  1 drivers
v0x159b8e0_0 .net *"_ivl_38", 15 0, L_0x15c5330;  1 drivers
L_0x7f8a0b36dda0 .functor BUFT 1, C4<0>, C4<0>, C4<0>, C4<0>;
v0x159b9c0_0 .net *"_ivl_4", 0 0, L_0x7f8a0b36dda0;  1 drivers
v0x159baa0_0 .net *"_ivl_40", 14 0, L_0x15c5290;  1 drivers
L_0x7f8a0b36df08 .functor BUFT 1, C4<0>, C4<0>, C4<0>, C4<0>;
v0x159bb80_0 .net *"_ivl_42", 0 0, L_0x7f8a0b36df08;  1 drivers
v0x159bd70_0 .net/2u *"_ivl_44", 15 0, L_0x7f8a0b36df50;  1 drivers
v0x159be50_0 .net *"_ivl_46", 15 0, L_0x15c5220;  1 drivers
v0x159bf30_0 .net *"_ivl_6", 15 0, L_0x15c3ff0;  1 drivers
v0x159c010_0 .net *"_ivl_8", 0 0, L_0x15c3ec0;  1 drivers
v0x159c0f0_0 .net "i_dividend", 15 0, L_0x15c3020;  alias, 1 drivers
v0x159c1b0_0 .net "i_divisor", 15 0, v0x15a0c30_0;  alias, 1 drivers
v0x159c250_0 .net "i_quotient", 15 0, L_0x15c3b10;  alias, 1 drivers
v0x159c340_0 .net "i_remainder", 15 0, L_0x15c33b0;  alias, 1 drivers
v0x159c410_0 .net "next_remainder", 15 0, L_0x15c4180;  1 drivers
v0x159c4d0_0 .net "o_dividend", 15 0, L_0x15c4330;  alias, 1 drivers
v0x159c5b0_0 .net "o_quotient", 15 0, L_0x15c54a0;  alias, 1 drivers
v0x159c690_0 .net "o_remainder", 15 0, L_0x15c4e80;  alias, 1 drivers
L_0x15c3ca0 .part L_0x15c33b0, 0, 15;
L_0x15c3dd0 .concat [ 1 15 0 0], L_0x7f8a0b36dda0, L_0x15c3ca0;
L_0x15c3ec0 .part L_0x15c3020, 15, 1;
L_0x15c3ff0 .concat [ 1 15 0 0], L_0x15c3ec0, L_0x7f8a0b36dde8;
L_0x15c4290 .part L_0x15c3020, 0, 15;
L_0x15c4330 .concat [ 1 15 0 0], L_0x7f8a0b36de78, L_0x15c4290;
L_0x15c44c0 .cmp/gt 16, v0x15a0c30_0, L_0x15c4180;
L_0x15c4d70 .arith/sub 16, L_0x15c4180, v0x15a0c30_0;
L_0x15c4e80 .functor MUXZ 16, L_0x15c4d70, L_0x15c4180, L_0x15c44c0, C4<>;
L_0x15c4fb0 .cmp/gt 16, v0x15a0c30_0, L_0x15c4180;
L_0x15c5050 .part L_0x15c3b10, 0, 15;
L_0x15c5180 .concat [ 1 15 0 0], L_0x7f8a0b36dec0, L_0x15c5050;
L_0x15c5290 .part L_0x15c3b10, 0, 15;
L_0x15c5330 .concat [ 1 15 0 0], L_0x7f8a0b36df08, L_0x15c5290;
L_0x15c54a0 .functor MUXZ 16, L_0x15c5220, L_0x15c5180, L_0x15c4fb0, C4<>;
S_0x159e410 .scope module, "divider_iter" "lc4_divider_one_iter" 2 65, 3 36 0, S_0x1564c30;
 .timescale -9 -12;
    .port_info 0 /INPUT 16 "i_dividend";
    .port_info 1 /INPUT 16 "i_divisor";
    .port_info 2 /INPUT 16 "i_remainder";
    .port_info 3 /INPUT 16 "i_quotient";
    .port_info 4 /OUTPUT 16 "o_dividend";
    .port_info 5 /OUTPUT 16 "o_remainder";
    .port_info 6 /OUTPUT 16 "o_quotient";
L_0x7f8a0b36e1d8 .functor BUFT 1, C4<0000000000000001>, C4<0>, C4<0>, C4<0>;
L_0x15c6050 .functor AND 16, L_0x15c5f60, L_0x7f8a0b36e1d8, C4<1111111111111111>, C4<1111111111111111>;
L_0x15c6160 .functor OR 16, L_0x15c5cf0, L_0x15c6050, C4<0000000000000000>, C4<0000000000000000>;
L_0x7f8a0b36e2f8 .functor BUFT 1, C4<0000000000000001>, C4<0>, C4<0>, C4<0>;
L_0x15c6b40 .functor OR 16, L_0x15c6c50, L_0x7f8a0b36e2f8, C4<0000000000000000>, C4<0000000000000000>;
v0x159e6c0_0 .net *"_ivl_0", 15 0, L_0x15c5cf0;  1 drivers
L_0x7f8a0b36e190 .functor BUFT 1, C4<000000000000000>, C4<0>, C4<0>, C4<0>;
v0x159e7a0_0 .net *"_ivl_10", 14 0, L_0x7f8a0b36e190;  1 drivers
v0x159e880_0 .net/2u *"_ivl_12", 15 0, L_0x7f8a0b36e1d8;  1 drivers
v0x159e940_0 .net *"_ivl_14", 15 0, L_0x15c6050;  1 drivers
v0x159ea20_0 .net *"_ivl_2", 14 0, L_0x15c5c00;  1 drivers
v0x159eb50_0 .net *"_ivl_20", 14 0, L_0x15c6270;  1 drivers
L_0x7f8a0b36e220 .functor BUFT 1, C4<0>, C4<0>, C4<0>, C4<0>;
v0x159ec30_0 .net *"_ivl_22", 0 0, L_0x7f8a0b36e220;  1 drivers
v0x159ed10_0 .net *"_ivl_24", 0 0, L_0x15c64a0;  1 drivers
v0x159edd0_0 .net *"_ivl_26", 15 0, L_0x15c6590;  1 drivers
v0x159ef40_0 .net *"_ivl_30", 0 0, L_0x15c6910;  1 drivers
v0x159f000_0 .net *"_ivl_32", 15 0, L_0x15c6a50;  1 drivers
v0x159f0e0_0 .net *"_ivl_34", 14 0, L_0x15c69b0;  1 drivers
L_0x7f8a0b36e268 .functor BUFT 1, C4<0>, C4<0>, C4<0>, C4<0>;
v0x159f1c0_0 .net *"_ivl_36", 0 0, L_0x7f8a0b36e268;  1 drivers
v0x159f2a0_0 .net *"_ivl_38", 15 0, L_0x15c6c50;  1 drivers
L_0x7f8a0b36e148 .functor BUFT 1, C4<0>, C4<0>, C4<0>, C4<0>;
v0x159f380_0 .net *"_ivl_4", 0 0, L_0x7f8a0b36e148;  1 drivers
v0x159f460_0 .net *"_ivl_40", 14 0, L_0x15c6bb0;  1 drivers
L_0x7f8a0b36e2b0 .functor BUFT 1, C4<0>, C4<0>, C4<0>, C4<0>;
v0x159f540_0 .net *"_ivl_42", 0 0, L_0x7f8a0b36e2b0;  1 drivers
v0x159f620_0 .net/2u *"_ivl_44", 15 0, L_0x7f8a0b36e2f8;  1 drivers
v0x159f700_0 .net *"_ivl_46", 15 0, L_0x15c6b40;  1 drivers
v0x159f7e0_0 .net *"_ivl_6", 15 0, L_0x15c5f60;  1 drivers
v0x159f8c0_0 .net *"_ivl_8", 0 0, L_0x15c5e30;  1 drivers
v0x159f9a0_0 .net "i_dividend", 15 0, v0x15a0b20_0;  alias, 1 drivers
v0x159fa60_0 .net "i_divisor", 15 0, v0x15a0c30_0;  alias, 1 drivers
v0x159fb00_0 .net "i_quotient", 15 0, v0x15a0cf0_0;  1 drivers
v0x159fbe0_0 .net "i_remainder", 15 0, v0x15a0db0_0;  1 drivers
v0x159fcc0_0 .net "next_remainder", 15 0, L_0x15c6160;  1 drivers
v0x159fda0_0 .net "o_dividend", 15 0, L_0x15c6310;  alias, 1 drivers
v0x159fe80_0 .net "o_quotient", 15 0, L_0x15c6eb0;  alias, 1 drivers
v0x159ff60_0 .net "o_remainder", 15 0, L_0x15c66f0;  alias, 1 drivers
L_0x15c5c00 .part v0x15a0db0_0, 0, 15;
L_0x15c5cf0 .concat [ 1 15 0 0], L_0x7f8a0b36e148, L_0x15c5c00;
L_0x15c5e30 .part v0x15a0b20_0, 15, 1;
L_0x15c5f60 .concat [ 1 15 0 0], L_0x15c5e30, L_0x7f8a0b36e190;
L_0x15c6270 .part v0x15a0b20_0, 0, 15;
L_0x15c6310 .concat [ 1 15 0 0], L_0x7f8a0b36e220, L_0x15c6270;
L_0x15c64a0 .cmp/gt 16, v0x15a0c30_0, L_0x15c6160;
L_0x15c6590 .arith/sub 16, L_0x15c6160, v0x15a0c30_0;
L_0x15c66f0 .functor MUXZ 16, L_0x15c6590, L_0x15c6160, L_0x15c64a0, C4<>;
L_0x15c6910 .cmp/gt 16, v0x15a0c30_0, L_0x15c6160;
L_0x15c69b0 .part v0x15a0cf0_0, 0, 15;
L_0x15c6a50 .concat [ 1 15 0 0], L_0x7f8a0b36e268, L_0x15c69b0;
L_0x15c6bb0 .part v0x15a0cf0_0, 0, 15;
L_0x15c6c50 .concat [ 1 15 0 0], L_0x7f8a0b36e2b0, L_0x15c6bb0;
L_0x15c6eb0 .functor MUXZ 16, L_0x15c6b40, L_0x15c6a50, L_0x15c6910, C4<>;
S_0x15a0160 .scope task, "printPoints" "printPoints" 4 1, 4 1 0, S_0x1564c30;
 .timescale -9 -12;
v0x15a02f0_0 .var "actual", 31 0;
v0x15a03d0_0 .var "possible", 31 0;
TD_test_divider.printPoints ;
    %vpi_call 4 4 "$display", "<scorePossible>%d</scorePossible>", v0x15a03d0_0 {0 0 0};
    %vpi_call 4 5 "$display", "<scoreActual>%d</scoreActual>", v0x15a02f0_0 {0 0 0};
    %end;
    .scope S_0x1564c30;
T_1 ;
    %vpi_call 2 74 "$dumpfile", "divider.vcd" {0 0 0};
    %vpi_call 2 75 "$dumpvars" {0 0 0};
    %pushi/vec4 42, 0, 32;
    %store/vec4 v0x15a1360_0, 0, 32;
    %vpi_func 2 81 "$random" 32, v0x15a1360_0 {0 0 0};
    %store/vec4 v0x15a1360_0, 0, 32;
    %pushi/vec4 0, 0, 16;
    %store/vec4 v0x15a0b20_0, 0, 16;
    %pushi/vec4 0, 0, 16;
    %store/vec4 v0x15a0c30_0, 0, 16;
    %pushi/vec4 0, 0, 16;
    %store/vec4 v0x15a0db0_0, 0, 16;
    %pushi/vec4 0, 0, 16;
    %store/vec4 v0x15a0cf0_0, 0, 16;
    %pushi/vec4 0, 0, 32;
    %store/vec4 v0x15a0750_0, 0, 32;
    %pushi/vec4 0, 0, 32;
    %store/vec4 v0x15a05b0_0, 0, 32;
    %vpi_func 2 96 "$fopen" 32, "test_lc4_divider_one_iter.input", "r" {0 0 0};
    %store/vec4 v0x15a0e50_0, 0, 32;
    %load/vec4 v0x15a0e50_0;
    %cmpi/e 0, 0, 32;
    %jmp/0xz  T_1.0, 4;
    %vpi_call 2 98 "$display", "Error opening file: ", "test_lc4_divider_one_iter.input" {0 0 0};
    %vpi_call 2 99 "$finish" {0 0 0};
T_1.0 ;
    %delay 100000, 0;
    %delay 2000, 0;
T_1.2 ;
    %vpi_func 2 108 "$fscanf" 32, v0x15a0e50_0, "%d:%b %b %b %b %b %b %b", v0x15a04b0_0, v0x15a0b20_0, v0x15a0c30_0, v0x15a0db0_0, v0x15a0cf0_0, v0x15a0830_0, v0x15a0a40_0, v0x15a0960_0 {0 0 0};
    %cmpi/e 8, 0, 32;
    %jmp/0xz T_1.3, 4;
    %delay 8000, 0;
    %load/vec4 v0x15a05b0_0;
    %addi 1, 0, 32;
    %store/vec4 v0x15a05b0_0, 0, 32;
    %load/vec4 v0x15a0f10_0;
    %load/vec4 v0x15a0830_0;
    %cmp/ne;
    %flag_mov 8, 6;
    %load/vec4 v0x15a1070_0;
    %load/vec4 v0x15a0a40_0;
    %cmp/ne;
    %flag_or 6, 8;
    %flag_mov 8, 6;
    %load/vec4 v0x15a0fd0_0;
    %load/vec4 v0x15a0960_0;
    %cmp/ne;
    %flag_or 6, 8;
    %jmp/0xz  T_1.4, 6;
    %load/vec4 v0x15a0750_0;
    %addi 1, 0, 32;
    %store/vec4 v0x15a0750_0, 0, 32;
    %load/vec4 v0x15a0750_0;
    %cmpi/s 15, 0, 32;
    %jmp/0xz  T_1.6, 5;
    %vpi_call 2 119 "$display", "[lc4_divider_one_iter] Error at test %04d: i_dividend = %b %b %b %b (0x%H), i_divisor = %b %b %b %b (0x%H), i_remainder = %b %b %b %b (0x%H), i_quotient = %b %b %b %b (0x%H)", v0x15a05b0_0, &PV<v0x15a0b20_0, 12, 4>, &PV<v0x15a0b20_0, 8, 4>, &PV<v0x15a0b20_0, 4, 4>, &PV<v0x15a0b20_0, 0, 4>, v0x15a0b20_0, &PV<v0x15a0c30_0, 12, 4>, &PV<v0x15a0c30_0, 8, 4>, &PV<v0x15a0c30_0, 4, 4>, &PV<v0x15a0c30_0, 0, 4>, v0x15a0c30_0, &PV<v0x15a0db0_0, 12, 4>, &PV<v0x15a0db0_0, 8, 4>, &PV<v0x15a0db0_0, 4, 4>, &PV<v0x15a0db0_0, 0, 4>, v0x15a0db0_0, &PV<v0x15a0cf0_0, 12, 4>, &PV<v0x15a0cf0_0, 8, 4>, &PV<v0x15a0cf0_0, 4, 4>, &PV<v0x15a0cf0_0, 0, 4>, v0x15a0cf0_0 {0 0 0};
    %load/vec4 v0x15a0f10_0;
    %load/vec4 v0x15a0830_0;
    %cmp/ne;
    %jmp/0xz  T_1.8, 6;
    %vpi_call 2 126 "$display", "   o_dividend should have been %b %b %b %b (0x%H), but was %b %b %b %b (0x%H) instead", &PV<v0x15a0830_0, 12, 4>, &PV<v0x15a0830_0, 8, 4>, &PV<v0x15a0830_0, 4, 4>, &PV<v0x15a0830_0, 0, 4>, v0x15a0830_0, &PV<v0x15a0f10_0, 12, 4>, &PV<v0x15a0f10_0, 8, 4>, &PV<v0x15a0f10_0, 4, 4>, &PV<v0x15a0f10_0, 0, 4>, v0x15a0f10_0 {0 0 0};
T_1.8 ;
    %load/vec4 v0x15a1070_0;
    %load/vec4 v0x15a0a40_0;
    %cmp/ne;
    %jmp/0xz  T_1.10, 6;
    %vpi_call 2 131 "$display", "   o_remainder should have been %b %b %b %b (0x%H), but was %b %b %b %b (0x%H) instead", &PV<v0x15a0a40_0, 12, 4>, &PV<v0x15a0a40_0, 8, 4>, &PV<v0x15a0a40_0, 4, 4>, &PV<v0x15a0a40_0, 0, 4>, v0x15a0a40_0, &PV<v0x15a1070_0, 12, 4>, &PV<v0x15a1070_0, 8, 4>, &PV<v0x15a1070_0, 4, 4>, &PV<v0x15a1070_0, 0, 4>, v0x15a1070_0 {0 0 0};
T_1.10 ;
    %load/vec4 v0x15a0fd0_0;
    %load/vec4 v0x15a0960_0;
    %cmp/ne;
    %jmp/0xz  T_1.12, 6;
    %vpi_call 2 136 "$display", "   o_quotient should have been %b %b %b %b (0x%H), but was %b %b %b %b (0x%H) instead", &PV<v0x15a0960_0, 12, 4>, &PV<v0x15a0960_0, 8, 4>, &PV<v0x15a0960_0, 4, 4>, &PV<v0x15a0960_0, 0, 4>, v0x15a0960_0, &PV<v0x15a0fd0_0, 12, 4>, &PV<v0x15a0fd0_0, 8, 4>, &PV<v0x15a0fd0_0, 4, 4>, &PV<v0x15a0fd0_0, 0, 4>, v0x15a0fd0_0 {0 0 0};
T_1.12 ;
T_1.6 ;
T_1.4 ;
    %delay 2000, 0;
    %jmp T_1.2;
T_1.3 ;
    %load/vec4 v0x15a0e50_0;
    %cmpi/ne 0, 0, 32;
    %jmp/0xz  T_1.14, 4;
    %vpi_call 2 153 "$fclose", v0x15a0e50_0 {0 0 0};
T_1.14 ;
    %vpi_func 2 158 "$random" 32 {0 0 0};
    %pad/s 16;
    %store/vec4 v0x15a0b20_0, 0, 16;
    %pushi/vec4 0, 0, 16;
    %store/vec4 v0x15a0c30_0, 0, 16;
    %delay 8000, 0;
    %load/vec4 v0x15a1110_0;
    %pad/u 32;
    %cmpi/ne 0, 0, 32;
    %flag_mov 8, 6;
    %load/vec4 v0x15a11b0_0;
    %pad/u 32;
    %cmpi/ne 0, 0, 32;
    %flag_or 6, 8;
    %jmp/0xz  T_1.16, 6;
    %load/vec4 v0x15a0750_0;
    %cmpi/s 15, 0, 32;
    %jmp/0xz  T_1.18, 5;
    %vpi_call 2 163 "$display", "[lc4_divider] Error at test %d: i_dividend = 0x%H, i_divisor = 0x%H, o_quotient and o_remainder should both be 0, but o_quotient was %b %b %b %b (0x%H) and o_remainder was %b %b %b %b (0x%H) instead", v0x15a0690_0, v0x15a0b20_0, v0x15a0c30_0, &PV<v0x15a1110_0, 12, 4>, &PV<v0x15a1110_0, 8, 4>, &PV<v0x15a1110_0, 4, 4>, &PV<v0x15a1110_0, 0, 4>, v0x15a1110_0, &PV<v0x15a11b0_0, 12, 4>, &PV<v0x15a11b0_0, 8, 4>, &PV<v0x15a11b0_0, 4, 4>, &PV<v0x15a11b0_0, 0, 4>, v0x15a11b0_0 {0 0 0};
T_1.18 ;
    %load/vec4 v0x15a0750_0;
    %addi 1, 0, 32;
    %store/vec4 v0x15a0750_0, 0, 32;
T_1.16 ;
    %load/vec4 v0x15a0690_0;
    %addi 1, 0, 32;
    %store/vec4 v0x15a0690_0, 0, 32;
    %load/vec4 v0x15a05b0_0;
    %addi 1, 0, 32;
    %store/vec4 v0x15a05b0_0, 0, 32;
    %pushi/vec4 0, 0, 32;
    %store/vec4 v0x15a0690_0, 0, 32;
T_1.20 ;
    %load/vec4 v0x15a0690_0;
    %cmpi/s 4000, 0, 32;
    %jmp/0xz T_1.21, 5;
    %vpi_func 2 184 "$random" 32 {0 0 0};
    %pad/s 16;
    %store/vec4 v0x15a0b20_0, 0, 16;
    %vpi_func 2 185 "$random" 32 {0 0 0};
    %pad/s 16;
    %store/vec4 v0x15a0c30_0, 0, 16;
    %delay 8000, 0;
    %pushi/vec4 0, 0, 16;
    %store/vec4 v0x15a0960_0, 0, 16;
    %pushi/vec4 0, 0, 16;
    %store/vec4 v0x15a0a40_0, 0, 16;
    %load/vec4 v0x15a0c30_0;
    %cmpi/ne 0, 0, 16;
    %jmp/0xz  T_1.22, 6;
    %load/vec4 v0x15a0b20_0;
    %load/vec4 v0x15a0c30_0;
    %div;
    %store/vec4 v0x15a0960_0, 0, 16;
    %load/vec4 v0x15a0b20_0;
    %load/vec4 v0x15a0c30_0;
    %mod;
    %store/vec4 v0x15a0a40_0, 0, 16;
T_1.22 ;
    %load/vec4 v0x15a0960_0;
    %load/vec4 v0x15a1110_0;
    %cmp/ne;
    %jmp/0xz  T_1.24, 6;
    %load/vec4 v0x15a0750_0;
    %cmpi/s 15, 0, 32;
    %jmp/0xz  T_1.26, 5;
    %vpi_call 2 205 "$display", "[lc4_divider] Error at test %d: i_dividend = %b %b %b %b (0x%H), i_divisor = %b %b %b %b (0x%H), o_quotient should have been %b %b %b %b (0x%H), but was %b %b %b %b (0x%H) instead", v0x15a0690_0, &PV<v0x15a0b20_0, 12, 4>, &PV<v0x15a0b20_0, 8, 4>, &PV<v0x15a0b20_0, 4, 4>, &PV<v0x15a0b20_0, 0, 4>, v0x15a0b20_0, &PV<v0x15a0c30_0, 12, 4>, &PV<v0x15a0c30_0, 8, 4>, &PV<v0x15a0c30_0, 4, 4>, &PV<v0x15a0c30_0, 0, 4>, v0x15a0c30_0, &PV<v0x15a0960_0, 12, 4>, &PV<v0x15a0960_0, 8, 4>, &PV<v0x15a0960_0, 4, 4>, &PV<v0x15a0960_0, 0, 4>, v0x15a0960_0, &PV<v0x15a1110_0, 12, 4>, &PV<v0x15a1110_0, 8, 4>, &PV<v0x15a1110_0, 4, 4>, &PV<v0x15a1110_0, 0, 4>, v0x15a1110_0 {0 0 0};
T_1.26 ;
    %load/vec4 v0x15a0750_0;
    %addi 1, 0, 32;
    %store/vec4 v0x15a0750_0, 0, 32;
T_1.24 ;
    %load/vec4 v0x15a0690_0;
    %addi 1, 0, 32;
    %store/vec4 v0x15a0690_0, 0, 32;
    %load/vec4 v0x15a05b0_0;
    %addi 1, 0, 32;
    %store/vec4 v0x15a05b0_0, 0, 32;
    %load/vec4 v0x15a0a40_0;
    %load/vec4 v0x15a11b0_0;
    %cmp/ne;
    %jmp/0xz  T_1.28, 6;
    %load/vec4 v0x15a0750_0;
    %cmpi/s 15, 0, 32;
    %jmp/0xz  T_1.30, 5;
    %vpi_call 2 224 "$display", "[lc4_divider] Error at test %d: i_dividend = %b %b %b %b (0x%H), i_divisor = %b %b %b %b (0x%H), o_remainder should have been %b %b %b %b (0x%H), but was %b %b %b %b (0x%H) instead", v0x15a0690_0, &PV<v0x15a0b20_0, 12, 4>, &PV<v0x15a0b20_0, 8, 4>, &PV<v0x15a0b20_0, 4, 4>, &PV<v0x15a0b20_0, 0, 4>, v0x15a0b20_0, &PV<v0x15a0c30_0, 12, 4>, &PV<v0x15a0c30_0, 8, 4>, &PV<v0x15a0c30_0, 4, 4>, &PV<v0x15a0c30_0, 0, 4>, v0x15a0c30_0, &PV<v0x15a0a40_0, 12, 4>, &PV<v0x15a0a40_0, 8, 4>, &PV<v0x15a0a40_0, 4, 4>, &PV<v0x15a0a40_0, 0, 4>, v0x15a0a40_0, &PV<v0x15a11b0_0, 12, 4>, &PV<v0x15a11b0_0, 8, 4>, &PV<v0x15a11b0_0, 4, 4>, &PV<v0x15a11b0_0, 0, 4>, v0x15a11b0_0 {0 0 0};
T_1.30 ;
    %load/vec4 v0x15a0750_0;
    %addi 1, 0, 32;
    %store/vec4 v0x15a0750_0, 0, 32;
T_1.28 ;
    %load/vec4 v0x15a0690_0;
    %addi 1, 0, 32;
    %store/vec4 v0x15a0690_0, 0, 32;
    %load/vec4 v0x15a05b0_0;
    %addi 1, 0, 32;
    %store/vec4 v0x15a05b0_0, 0, 32;
    %delay 2000, 0;
    %load/vec4 v0x15a04b0_0;
    %addi 1, 0, 32;
    %store/vec4 v0x15a04b0_0, 0, 32;
    %jmp T_1.20;
T_1.21 ;
    %load/vec4 v0x15a0750_0;
    %cmpi/s 15, 0, 32;
    %flag_or 5, 4; GT is !LE
    %flag_inv 5;
    %jmp/0xz  T_1.32, 5;
    %load/vec4 v0x15a0750_0;
    %subi 15, 0, 32;
    %vpi_call 2 244 "$display", "Additional %d errors NOT printed.", S<0,vec4,s32> {1 0 0};
T_1.32 ;
    %vpi_call 2 246 "$display", "Simulation finished: %d test cases %d errors", v0x15a05b0_0, v0x15a0750_0 {0 0 0};
    %load/vec4 v0x15a05b0_0;
    %store/vec4 v0x15a03d0_0, 0, 32;
    %load/vec4 v0x15a05b0_0;
    %load/vec4 v0x15a0750_0;
    %sub;
    %store/vec4 v0x15a02f0_0, 0, 32;
    %fork TD_test_divider.printPoints, S_0x15a0160;
    %join;
    %vpi_call 2 248 "$finish" {0 0 0};
    %end;
    .thread T_1;
# The file index is used to find the file name in the following table.
:file_names 5;
    "N/A";
    "<interactive>";
    "testbench_lc4_divider.v";
    "lc4_divider.v";
    "./print_points.v";
