#! /home1/c/cis5710/tools/bin/vvp
:ivl_version "11.0 (stable)" "(v11_0)";
:ivl_delay_selection "TYPICAL";
:vpi_time_precision - 12;
:vpi_module "/home1/c/cis5710/tools/lib/ivl/system.vpi";
:vpi_module "/home1/c/cis5710/tools/lib/ivl/vhdl_sys.vpi";
:vpi_module "/home1/c/cis5710/tools/lib/ivl/vhdl_textio.vpi";
:vpi_module "/home1/c/cis5710/tools/lib/ivl/v2005_math.vpi";
:vpi_module "/home1/c/cis5710/tools/lib/ivl/va_math.vpi";
S_0x1c357e0 .scope module, "test_adders" "test_adders" 2 14;
 .timescale -9 -12;
L_0x7f44ed844060 .functor BUFT 1, C4<0>, C4<0>, C4<0>, C4<0>;
v0x1c6b030_0 .net *"_ivl_10", 0 0, L_0x7f44ed844060;  1 drivers
v0x1c6b110_0 .net *"_ivl_11", 1 0, L_0x1c6dc70;  1 drivers
v0x1c6b1f0_0 .net *"_ivl_13", 1 0, L_0x1c6de20;  1 drivers
L_0x7f44ed8440a8 .functor BUFT 1, C4<0>, C4<0>, C4<0>, C4<0>;
v0x1c6b2e0_0 .net *"_ivl_16", 0 0, L_0x7f44ed8440a8;  1 drivers
v0x1c6b3c0_0 .net *"_ivl_17", 1 0, L_0x1c6df50;  1 drivers
v0x1c6b4f0_0 .net *"_ivl_22", 2 0, L_0x1c6eee0;  1 drivers
L_0x7f44ed8440f0 .functor BUFT 1, C4<0>, C4<0>, C4<0>, C4<0>;
v0x1c6b5d0_0 .net *"_ivl_25", 0 0, L_0x7f44ed8440f0;  1 drivers
v0x1c6b6b0_0 .net *"_ivl_26", 2 0, L_0x1c6f070;  1 drivers
L_0x7f44ed844138 .functor BUFT 1, C4<0>, C4<0>, C4<0>, C4<0>;
v0x1c6b790_0 .net *"_ivl_29", 0 0, L_0x7f44ed844138;  1 drivers
v0x1c6b900_0 .net *"_ivl_3", 1 0, L_0x1c6da60;  1 drivers
v0x1c6b9e0_0 .net *"_ivl_30", 2 0, L_0x1c6f1a0;  1 drivers
v0x1c6bac0_0 .net *"_ivl_32", 2 0, L_0x1c6f3c0;  1 drivers
L_0x7f44ed844180 .functor BUFT 1, C4<00>, C4<0>, C4<0>, C4<0>;
v0x1c6bba0_0 .net *"_ivl_35", 1 0, L_0x7f44ed844180;  1 drivers
v0x1c6bc80_0 .net *"_ivl_36", 2 0, L_0x1c6f4b0;  1 drivers
v0x1c6bd60_0 .net *"_ivl_42", 3 0, L_0x1c71a20;  1 drivers
L_0x7f44ed844018 .functor BUFT 1, C4<0>, C4<0>, C4<0>, C4<0>;
v0x1c6be40_0 .net *"_ivl_6", 0 0, L_0x7f44ed844018;  1 drivers
v0x1c6bf20_0 .net *"_ivl_7", 1 0, L_0x1c6db50;  1 drivers
v0x1c6c000_0 .var "a", 0 0;
v0x1c6c0a0_0 .var "a2", 1 0;
v0x1c6c160_0 .var "a4", 3 0;
v0x1c6c220_0 .net "actual_fa2_cout", 0 0, L_0x1c6e9a0;  1 drivers
v0x1c6c2c0_0 .net "actual_fa2_sum", 1 0, L_0x1c6ecb0;  1 drivers
v0x1c6c380_0 .net "actual_fa_cout", 0 0, L_0x1c6d7d0;  1 drivers
v0x1c6c450_0 .net "actual_fa_sum", 0 0, L_0x1c6d600;  1 drivers
v0x1c6c540_0 .net "actual_ha_cout", 0 0, L_0x1c6d430;  1 drivers
v0x1c6c5e0_0 .net "actual_ha_sum", 0 0, L_0x1c6d2a0;  1 drivers
v0x1c6c6b0_0 .net "actual_rca4_sum", 7 0, L_0x1c716c0;  1 drivers
v0x1c6c780_0 .var "b", 0 0;
v0x1c6c820_0 .var "b2", 1 0;
v0x1c6c8f0_0 .var "b4", 3 0;
v0x1c6c990_0 .var "cin", 0 0;
v0x1c6ca30_0 .var/i "errors", 31 0;
v0x1c6cad0_0 .net "exp_fa2_cout", 0 0, L_0x1c6ed50;  1 drivers
v0x1c6cda0_0 .net "exp_fa2_sum", 1 0, L_0x1c6ee40;  1 drivers
v0x1c6ce80_0 .net "exp_fa_cout", 0 0, L_0x1c6d8d0;  1 drivers
v0x1c6cf40_0 .net "exp_fa_sum", 0 0, L_0x1c6d970;  1 drivers
v0x1c6d000_0 .net "exp_rca4_sum", 3 0, L_0x1c718f0;  1 drivers
v0x1c6d0e0_0 .var/i "i", 31 0;
v0x1c6d1c0_0 .var/i "tests", 31 0;
L_0x1c6d8d0 .part L_0x1c6df50, 1, 1;
L_0x1c6d970 .part L_0x1c6df50, 0, 1;
L_0x1c6da60 .concat [ 1 1 0 0], v0x1c6c000_0, L_0x7f44ed844018;
L_0x1c6db50 .concat [ 1 1 0 0], v0x1c6c780_0, L_0x7f44ed844060;
L_0x1c6dc70 .arith/sum 2, L_0x1c6da60, L_0x1c6db50;
L_0x1c6de20 .concat [ 1 1 0 0], v0x1c6c990_0, L_0x7f44ed8440a8;
L_0x1c6df50 .arith/sum 2, L_0x1c6dc70, L_0x1c6de20;
L_0x1c6ed50 .part L_0x1c6f4b0, 2, 1;
L_0x1c6ee40 .part L_0x1c6f4b0, 0, 2;
L_0x1c6eee0 .concat [ 2 1 0 0], v0x1c6c0a0_0, L_0x7f44ed8440f0;
L_0x1c6f070 .concat [ 2 1 0 0], v0x1c6c820_0, L_0x7f44ed844138;
L_0x1c6f1a0 .arith/sum 3, L_0x1c6eee0, L_0x1c6f070;
L_0x1c6f3c0 .concat [ 1 2 0 0], v0x1c6c990_0, L_0x7f44ed844180;
L_0x1c6f4b0 .arith/sum 3, L_0x1c6f1a0, L_0x1c6f3c0;
L_0x1c71850 .concat [ 4 4 0 0], v0x1c6c160_0, v0x1c6c8f0_0;
L_0x1c718f0 .part L_0x1c71a20, 0, 4;
L_0x1c71a20 .arith/sum 4, v0x1c6c160_0, v0x1c6c8f0_0;
S_0x1c30590 .scope module, "fa" "fulladder" 2 31, 3 20 0, S_0x1c357e0;
 .timescale -9 -12;
    .port_info 0 /INPUT 1 "cin";
    .port_info 1 /INPUT 1 "a";
    .port_info 2 /INPUT 1 "b";
    .port_info 3 /OUTPUT 1 "s";
    .port_info 4 /OUTPUT 1 "cout";
L_0x1c6d7d0 .functor OR 1, L_0x1c6d570, L_0x1c6d740, C4<0>, C4<0>;
v0x1c60290_0 .net "a", 0 0, v0x1c6c000_0;  1 drivers
v0x1c60350_0 .net "b", 0 0, v0x1c6c780_0;  1 drivers
v0x1c60420_0 .net "cin", 0 0, v0x1c6c990_0;  1 drivers
v0x1c60520_0 .net "cout", 0 0, L_0x1c6d7d0;  alias, 1 drivers
v0x1c605c0_0 .net "cout_tmp1", 0 0, L_0x1c6d570;  1 drivers
v0x1c606b0_0 .net "cout_tmp2", 0 0, L_0x1c6d740;  1 drivers
v0x1c60780_0 .net "s", 0 0, L_0x1c6d600;  alias, 1 drivers
v0x1c60850_0 .net "s_tmp", 0 0, L_0x1c6d4c0;  1 drivers
S_0x1c361c0 .scope module, "h0" "halfadder" 3 27, 3 10 0, S_0x1c30590;
 .timescale -9 -12;
    .port_info 0 /INPUT 1 "a";
    .port_info 1 /INPUT 1 "b";
    .port_info 2 /OUTPUT 1 "s";
    .port_info 3 /OUTPUT 1 "cout";
L_0x1c6d4c0 .functor XOR 1, v0x1c6c000_0, v0x1c6c780_0, C4<0>, C4<0>;
L_0x1c6d570 .functor AND 1, v0x1c6c000_0, v0x1c6c780_0, C4<1>, C4<1>;
v0x1c315b0_0 .net "a", 0 0, v0x1c6c000_0;  alias, 1 drivers
v0x1c5fa70_0 .net "b", 0 0, v0x1c6c780_0;  alias, 1 drivers
v0x1c5fb30_0 .net "cout", 0 0, L_0x1c6d570;  alias, 1 drivers
v0x1c5fbd0_0 .net "s", 0 0, L_0x1c6d4c0;  alias, 1 drivers
S_0x1c5fd10 .scope module, "h1" "halfadder" 3 28, 3 10 0, S_0x1c30590;
 .timescale -9 -12;
    .port_info 0 /INPUT 1 "a";
    .port_info 1 /INPUT 1 "b";
    .port_info 2 /OUTPUT 1 "s";
    .port_info 3 /OUTPUT 1 "cout";
L_0x1c6d600 .functor XOR 1, L_0x1c6d4c0, v0x1c6c990_0, C4<0>, C4<0>;
L_0x1c6d740 .functor AND 1, L_0x1c6d4c0, v0x1c6c990_0, C4<1>, C4<1>;
v0x1c5ff10_0 .net "a", 0 0, L_0x1c6d4c0;  alias, 1 drivers
v0x1c5ffb0_0 .net "b", 0 0, v0x1c6c990_0;  alias, 1 drivers
v0x1c60050_0 .net "cout", 0 0, L_0x1c6d740;  alias, 1 drivers
v0x1c60120_0 .net "s", 0 0, L_0x1c6d600;  alias, 1 drivers
S_0x1c60940 .scope module, "fa2" "fulladder2" 2 39, 3 33 0, S_0x1c357e0;
 .timescale -9 -12;
    .port_info 0 /INPUT 1 "cin";
    .port_info 1 /INPUT 2 "a";
    .port_info 2 /INPUT 2 "b";
    .port_info 3 /OUTPUT 2 "s";
    .port_info 4 /OUTPUT 1 "cout";
v0x1c634a0_0 .net "a", 1 0, v0x1c6c0a0_0;  1 drivers
v0x1c635a0_0 .net "b", 1 0, v0x1c6c820_0;  1 drivers
v0x1c63680_0 .net "cin", 0 0, v0x1c6c990_0;  alias, 1 drivers
v0x1c63720_0 .net "cout", 0 0, L_0x1c6e9a0;  alias, 1 drivers
v0x1c637f0_0 .net "cout_tmp", 0 0, L_0x1c6e320;  1 drivers
v0x1c63890_0 .net "s", 1 0, L_0x1c6ecb0;  alias, 1 drivers
L_0x1c6e3b0 .part v0x1c6c0a0_0, 0, 1;
L_0x1c6e470 .part v0x1c6c820_0, 0, 1;
L_0x1c6ea50 .part v0x1c6c0a0_0, 1, 1;
L_0x1c6eb80 .part v0x1c6c820_0, 1, 1;
L_0x1c6ecb0 .concat8 [ 1 1 0 0], L_0x1c6e1f0, L_0x1c6e780;
S_0x1c60b20 .scope module, "a0" "fulladder" 3 40, 3 20 0, S_0x1c60940;
 .timescale -9 -12;
    .port_info 0 /INPUT 1 "cin";
    .port_info 1 /INPUT 1 "a";
    .port_info 2 /INPUT 1 "b";
    .port_info 3 /OUTPUT 1 "s";
    .port_info 4 /OUTPUT 1 "cout";
L_0x1c6e320 .functor OR 1, L_0x1c6e130, L_0x1c6e2b0, C4<0>, C4<0>;
v0x1c61970_0 .net "a", 0 0, L_0x1c6e3b0;  1 drivers
v0x1c61a30_0 .net "b", 0 0, L_0x1c6e470;  1 drivers
v0x1c61b00_0 .net "cin", 0 0, v0x1c6c990_0;  alias, 1 drivers
v0x1c61bd0_0 .net "cout", 0 0, L_0x1c6e320;  alias, 1 drivers
v0x1c61c70_0 .net "cout_tmp1", 0 0, L_0x1c6e130;  1 drivers
v0x1c61d60_0 .net "cout_tmp2", 0 0, L_0x1c6e2b0;  1 drivers
v0x1c61e30_0 .net "s", 0 0, L_0x1c6e1f0;  1 drivers
v0x1c61f00_0 .net "s_tmp", 0 0, L_0x1c6dd10;  1 drivers
S_0x1c60db0 .scope module, "h0" "halfadder" 3 27, 3 10 0, S_0x1c60b20;
 .timescale -9 -12;
    .port_info 0 /INPUT 1 "a";
    .port_info 1 /INPUT 1 "b";
    .port_info 2 /OUTPUT 1 "s";
    .port_info 3 /OUTPUT 1 "cout";
L_0x1c6dd10 .functor XOR 1, L_0x1c6e3b0, L_0x1c6e470, C4<0>, C4<0>;
L_0x1c6e130 .functor AND 1, L_0x1c6e3b0, L_0x1c6e470, C4<1>, C4<1>;
v0x1c60fe0_0 .net "a", 0 0, L_0x1c6e3b0;  alias, 1 drivers
v0x1c610c0_0 .net "b", 0 0, L_0x1c6e470;  alias, 1 drivers
v0x1c61180_0 .net "cout", 0 0, L_0x1c6e130;  alias, 1 drivers
v0x1c61250_0 .net "s", 0 0, L_0x1c6dd10;  alias, 1 drivers
S_0x1c613c0 .scope module, "h1" "halfadder" 3 28, 3 10 0, S_0x1c60b20;
 .timescale -9 -12;
    .port_info 0 /INPUT 1 "a";
    .port_info 1 /INPUT 1 "b";
    .port_info 2 /OUTPUT 1 "s";
    .port_info 3 /OUTPUT 1 "cout";
L_0x1c6e1f0 .functor XOR 1, L_0x1c6dd10, v0x1c6c990_0, C4<0>, C4<0>;
L_0x1c6e2b0 .functor AND 1, L_0x1c6dd10, v0x1c6c990_0, C4<1>, C4<1>;
v0x1c615c0_0 .net "a", 0 0, L_0x1c6dd10;  alias, 1 drivers
v0x1c61690_0 .net "b", 0 0, v0x1c6c990_0;  alias, 1 drivers
v0x1c61780_0 .net "cout", 0 0, L_0x1c6e2b0;  alias, 1 drivers
v0x1c61820_0 .net "s", 0 0, L_0x1c6e1f0;  alias, 1 drivers
S_0x1c61ff0 .scope module, "a1" "fulladder" 3 41, 3 20 0, S_0x1c60940;
 .timescale -9 -12;
    .port_info 0 /INPUT 1 "cin";
    .port_info 1 /INPUT 1 "a";
    .port_info 2 /INPUT 1 "b";
    .port_info 3 /OUTPUT 1 "s";
    .port_info 4 /OUTPUT 1 "cout";
L_0x1c6e9a0 .functor OR 1, L_0x1c6e6a0, L_0x1c6e910, C4<0>, C4<0>;
v0x1c62e00_0 .net "a", 0 0, L_0x1c6ea50;  1 drivers
v0x1c62ec0_0 .net "b", 0 0, L_0x1c6eb80;  1 drivers
v0x1c62f90_0 .net "cin", 0 0, L_0x1c6e320;  alias, 1 drivers
v0x1c630b0_0 .net "cout", 0 0, L_0x1c6e9a0;  alias, 1 drivers
v0x1c63150_0 .net "cout_tmp1", 0 0, L_0x1c6e6a0;  1 drivers
v0x1c63240_0 .net "cout_tmp2", 0 0, L_0x1c6e910;  1 drivers
v0x1c632e0_0 .net "s", 0 0, L_0x1c6e780;  1 drivers
v0x1c633b0_0 .net "s_tmp", 0 0, L_0x1c6e5a0;  1 drivers
S_0x1c62270 .scope module, "h0" "halfadder" 3 27, 3 10 0, S_0x1c61ff0;
 .timescale -9 -12;
    .port_info 0 /INPUT 1 "a";
    .port_info 1 /INPUT 1 "b";
    .port_info 2 /OUTPUT 1 "s";
    .port_info 3 /OUTPUT 1 "cout";
L_0x1c6e5a0 .functor XOR 1, L_0x1c6ea50, L_0x1c6eb80, C4<0>, C4<0>;
L_0x1c6e6a0 .functor AND 1, L_0x1c6ea50, L_0x1c6eb80, C4<1>, C4<1>;
v0x1c62480_0 .net "a", 0 0, L_0x1c6ea50;  alias, 1 drivers
v0x1c62560_0 .net "b", 0 0, L_0x1c6eb80;  alias, 1 drivers
v0x1c62620_0 .net "cout", 0 0, L_0x1c6e6a0;  alias, 1 drivers
v0x1c626f0_0 .net "s", 0 0, L_0x1c6e5a0;  alias, 1 drivers
S_0x1c62860 .scope module, "h1" "halfadder" 3 28, 3 10 0, S_0x1c61ff0;
 .timescale -9 -12;
    .port_info 0 /INPUT 1 "a";
    .port_info 1 /INPUT 1 "b";
    .port_info 2 /OUTPUT 1 "s";
    .port_info 3 /OUTPUT 1 "cout";
L_0x1c6e780 .functor XOR 1, L_0x1c6e5a0, L_0x1c6e320, C4<0>, C4<0>;
L_0x1c6e910 .functor AND 1, L_0x1c6e5a0, L_0x1c6e320, C4<1>, C4<1>;
v0x1c62a60_0 .net "a", 0 0, L_0x1c6e5a0;  alias, 1 drivers
v0x1c62b30_0 .net "b", 0 0, L_0x1c6e320;  alias, 1 drivers
v0x1c62c00_0 .net "cout", 0 0, L_0x1c6e910;  alias, 1 drivers
v0x1c62cd0_0 .net "s", 0 0, L_0x1c6e780;  alias, 1 drivers
S_0x1c639d0 .scope module, "ha" "halfadder" 2 26, 3 10 0, S_0x1c357e0;
 .timescale -9 -12;
    .port_info 0 /INPUT 1 "a";
    .port_info 1 /INPUT 1 "b";
    .port_info 2 /OUTPUT 1 "s";
    .port_info 3 /OUTPUT 1 "cout";
L_0x1c6d2a0 .functor XOR 1, v0x1c6c000_0, v0x1c6c780_0, C4<0>, C4<0>;
L_0x1c6d430 .functor AND 1, v0x1c6c000_0, v0x1c6c780_0, C4<1>, C4<1>;
v0x1c63be0_0 .net "a", 0 0, v0x1c6c000_0;  alias, 1 drivers
v0x1c63cd0_0 .net "b", 0 0, v0x1c6c780_0;  alias, 1 drivers
v0x1c63de0_0 .net "cout", 0 0, L_0x1c6d430;  alias, 1 drivers
v0x1c63e80_0 .net "s", 0 0, L_0x1c6d2a0;  alias, 1 drivers
S_0x1c63fa0 .scope task, "printPoints" "printPoints" 4 1, 4 1 0, S_0x1c357e0;
 .timescale -9 -12;
v0x1c64180_0 .var "actual", 31 0;
v0x1c64280_0 .var "possible", 31 0;
TD_test_adders.printPoints ;
    %vpi_call 4 4 "$display", "<scorePossible>%d</scorePossible>", v0x1c64280_0 {0 0 0};
    %vpi_call 4 5 "$display", "<scoreActual>%d</scoreActual>", v0x1c64180_0 {0 0 0};
    %end;
S_0x1c64360 .scope module, "r0" "rca4" 2 45, 3 47 0, S_0x1c357e0;
 .timescale -9 -12;
    .port_info 0 /INPUT 8 "SWITCH";
    .port_info 1 /OUTPUT 8 "LED";
v0x1c6ac90_0 .net "LED", 7 0, L_0x1c716c0;  alias, 1 drivers
v0x1c6ad90_0 .net "SWITCH", 7 0, L_0x1c71850;  1 drivers
L_0x7f44ed844210 .functor BUFT 1, C4<0000>, C4<0>, C4<0>, C4<0>;
v0x1c6ae70_0 .net/2u *"_ivl_17", 3 0, L_0x7f44ed844210;  1 drivers
v0x1c6af30_0 .net "cout0", 0 0, L_0x1c70020;  1 drivers
L_0x1c703d0 .part L_0x1c71850, 0, 2;
L_0x1c70470 .part L_0x1c71850, 4, 2;
L_0x1c714f0 .part L_0x1c71850, 2, 2;
L_0x1c71590 .part L_0x1c71850, 6, 2;
L_0x1c716c0 .concat8 [ 2 2 4 0], L_0x1c70330, L_0x1c71450, L_0x7f44ed844210;
S_0x1c645b0 .scope module, "a0" "fulladder2" 3 50, 3 33 0, S_0x1c64360;
 .timescale -9 -12;
    .port_info 0 /INPUT 1 "cin";
    .port_info 1 /INPUT 2 "a";
    .port_info 2 /INPUT 2 "b";
    .port_info 3 /OUTPUT 2 "s";
    .port_info 4 /OUTPUT 1 "cout";
v0x1c67370_0 .net "a", 1 0, L_0x1c703d0;  1 drivers
v0x1c67470_0 .net "b", 1 0, L_0x1c70470;  1 drivers
L_0x7f44ed8441c8 .functor BUFT 1, C4<0>, C4<0>, C4<0>, C4<0>;
v0x1c67550_0 .net "cin", 0 0, L_0x7f44ed8441c8;  1 drivers
v0x1c67640_0 .net "cout", 0 0, L_0x1c70020;  alias, 1 drivers
v0x1c676e0_0 .net "cout_tmp", 0 0, L_0x1c6f9b0;  1 drivers
v0x1c677d0_0 .net "s", 1 0, L_0x1c70330;  1 drivers
L_0x1c6fad0 .part L_0x1c703d0, 0, 1;
L_0x1c6fc00 .part L_0x1c70470, 0, 1;
L_0x1c700d0 .part L_0x1c703d0, 1, 1;
L_0x1c70200 .part L_0x1c70470, 1, 1;
L_0x1c70330 .concat8 [ 1 1 0 0], L_0x1c6f760, L_0x1c6fe50;
S_0x1c64830 .scope module, "a0" "fulladder" 3 40, 3 20 0, S_0x1c645b0;
 .timescale -9 -12;
    .port_info 0 /INPUT 1 "cin";
    .port_info 1 /INPUT 1 "a";
    .port_info 2 /INPUT 1 "b";
    .port_info 3 /OUTPUT 1 "s";
    .port_info 4 /OUTPUT 1 "cout";
L_0x1c6f9b0 .functor OR 1, L_0x1c6f240, L_0x1c6f8b0, C4<0>, C4<0>;
v0x1c65750_0 .net "a", 0 0, L_0x1c6fad0;  1 drivers
v0x1c65810_0 .net "b", 0 0, L_0x1c6fc00;  1 drivers
v0x1c658e0_0 .net "cin", 0 0, L_0x7f44ed8441c8;  alias, 1 drivers
v0x1c659e0_0 .net "cout", 0 0, L_0x1c6f9b0;  alias, 1 drivers
v0x1c65a80_0 .net "cout_tmp1", 0 0, L_0x1c6f240;  1 drivers
v0x1c65b70_0 .net "cout_tmp2", 0 0, L_0x1c6f8b0;  1 drivers
v0x1c65c40_0 .net "s", 0 0, L_0x1c6f760;  1 drivers
v0x1c65d10_0 .net "s_tmp", 0 0, L_0x1c6f350;  1 drivers
S_0x1c64ab0 .scope module, "h0" "halfadder" 3 27, 3 10 0, S_0x1c64830;
 .timescale -9 -12;
    .port_info 0 /INPUT 1 "a";
    .port_info 1 /INPUT 1 "b";
    .port_info 2 /OUTPUT 1 "s";
    .port_info 3 /OUTPUT 1 "cout";
L_0x1c6f350 .functor XOR 1, L_0x1c6fad0, L_0x1c6fc00, C4<0>, C4<0>;
L_0x1c6f240 .functor AND 1, L_0x1c6fad0, L_0x1c6fc00, C4<1>, C4<1>;
v0x1c64d50_0 .net "a", 0 0, L_0x1c6fad0;  alias, 1 drivers
v0x1c64e30_0 .net "b", 0 0, L_0x1c6fc00;  alias, 1 drivers
v0x1c64ef0_0 .net "cout", 0 0, L_0x1c6f240;  alias, 1 drivers
v0x1c64fc0_0 .net "s", 0 0, L_0x1c6f350;  alias, 1 drivers
S_0x1c65130 .scope module, "h1" "halfadder" 3 28, 3 10 0, S_0x1c64830;
 .timescale -9 -12;
    .port_info 0 /INPUT 1 "a";
    .port_info 1 /INPUT 1 "b";
    .port_info 2 /OUTPUT 1 "s";
    .port_info 3 /OUTPUT 1 "cout";
L_0x1c6f760 .functor XOR 1, L_0x1c6f350, L_0x7f44ed8441c8, C4<0>, C4<0>;
L_0x1c6f8b0 .functor AND 1, L_0x1c6f350, L_0x7f44ed8441c8, C4<1>, C4<1>;
v0x1c653a0_0 .net "a", 0 0, L_0x1c6f350;  alias, 1 drivers
v0x1c65470_0 .net "b", 0 0, L_0x7f44ed8441c8;  alias, 1 drivers
v0x1c65510_0 .net "cout", 0 0, L_0x1c6f8b0;  alias, 1 drivers
v0x1c655e0_0 .net "s", 0 0, L_0x1c6f760;  alias, 1 drivers
S_0x1c65e00 .scope module, "a1" "fulladder" 3 41, 3 20 0, S_0x1c645b0;
 .timescale -9 -12;
    .port_info 0 /INPUT 1 "cin";
    .port_info 1 /INPUT 1 "a";
    .port_info 2 /INPUT 1 "b";
    .port_info 3 /OUTPUT 1 "s";
    .port_info 4 /OUTPUT 1 "cout";
L_0x1c70020 .functor OR 1, L_0x1c6fdc0, L_0x1c6ff90, C4<0>, C4<0>;
v0x1c66cd0_0 .net "a", 0 0, L_0x1c700d0;  1 drivers
v0x1c66d90_0 .net "b", 0 0, L_0x1c70200;  1 drivers
v0x1c66e60_0 .net "cin", 0 0, L_0x1c6f9b0;  alias, 1 drivers
v0x1c66f80_0 .net "cout", 0 0, L_0x1c70020;  alias, 1 drivers
v0x1c67020_0 .net "cout_tmp1", 0 0, L_0x1c6fdc0;  1 drivers
v0x1c67110_0 .net "cout_tmp2", 0 0, L_0x1c6ff90;  1 drivers
v0x1c671b0_0 .net "s", 0 0, L_0x1c6fe50;  1 drivers
v0x1c67280_0 .net "s_tmp", 0 0, L_0x1c6fd30;  1 drivers
S_0x1c66060 .scope module, "h0" "halfadder" 3 27, 3 10 0, S_0x1c65e00;
 .timescale -9 -12;
    .port_info 0 /INPUT 1 "a";
    .port_info 1 /INPUT 1 "b";
    .port_info 2 /OUTPUT 1 "s";
    .port_info 3 /OUTPUT 1 "cout";
L_0x1c6fd30 .functor XOR 1, L_0x1c700d0, L_0x1c70200, C4<0>, C4<0>;
L_0x1c6fdc0 .functor AND 1, L_0x1c700d0, L_0x1c70200, C4<1>, C4<1>;
v0x1c662e0_0 .net "a", 0 0, L_0x1c700d0;  alias, 1 drivers
v0x1c663c0_0 .net "b", 0 0, L_0x1c70200;  alias, 1 drivers
v0x1c66480_0 .net "cout", 0 0, L_0x1c6fdc0;  alias, 1 drivers
v0x1c66550_0 .net "s", 0 0, L_0x1c6fd30;  alias, 1 drivers
S_0x1c666c0 .scope module, "h1" "halfadder" 3 28, 3 10 0, S_0x1c65e00;
 .timescale -9 -12;
    .port_info 0 /INPUT 1 "a";
    .port_info 1 /INPUT 1 "b";
    .port_info 2 /OUTPUT 1 "s";
    .port_info 3 /OUTPUT 1 "cout";
L_0x1c6fe50 .functor XOR 1, L_0x1c6fd30, L_0x1c6f9b0, C4<0>, C4<0>;
L_0x1c6ff90 .functor AND 1, L_0x1c6fd30, L_0x1c6f9b0, C4<1>, C4<1>;
v0x1c66930_0 .net "a", 0 0, L_0x1c6fd30;  alias, 1 drivers
v0x1c66a00_0 .net "b", 0 0, L_0x1c6f9b0;  alias, 1 drivers
v0x1c66ad0_0 .net "cout", 0 0, L_0x1c6ff90;  alias, 1 drivers
v0x1c66ba0_0 .net "s", 0 0, L_0x1c6fe50;  alias, 1 drivers
S_0x1c67910 .scope module, "a3" "fulladder2" 3 51, 3 33 0, S_0x1c64360;
 .timescale -9 -12;
    .port_info 0 /INPUT 1 "cin";
    .port_info 1 /INPUT 2 "a";
    .port_info 2 /INPUT 2 "b";
    .port_info 3 /OUTPUT 2 "s";
    .port_info 4 /OUTPUT 1 "cout";
v0x1c6a6d0_0 .net "a", 1 0, L_0x1c714f0;  1 drivers
v0x1c6a7d0_0 .net "b", 1 0, L_0x1c71590;  1 drivers
v0x1c6a8b0_0 .net "cin", 0 0, L_0x1c70020;  alias, 1 drivers
v0x1c6a9e0_0 .net "cout", 0 0, L_0x1c710f0;  1 drivers
v0x1c6aab0_0 .net "cout_tmp", 0 0, L_0x1c70aa0;  1 drivers
v0x1c6ab50_0 .net "s", 1 0, L_0x1c71450;  1 drivers
L_0x1c70b50 .part L_0x1c714f0, 0, 1;
L_0x1c70c80 .part L_0x1c71590, 0, 1;
L_0x1c711f0 .part L_0x1c714f0, 1, 1;
L_0x1c71320 .part L_0x1c71590, 1, 1;
L_0x1c71450 .concat8 [ 1 1 0 0], L_0x1c70770, L_0x1c70ed0;
S_0x1c67b90 .scope module, "a0" "fulladder" 3 40, 3 20 0, S_0x1c67910;
 .timescale -9 -12;
    .port_info 0 /INPUT 1 "cin";
    .port_info 1 /INPUT 1 "a";
    .port_info 2 /INPUT 1 "b";
    .port_info 3 /OUTPUT 1 "s";
    .port_info 4 /OUTPUT 1 "cout";
L_0x1c70aa0 .functor OR 1, L_0x1c70690, L_0x1c70900, C4<0>, C4<0>;
v0x1c68ac0_0 .net "a", 0 0, L_0x1c70b50;  1 drivers
v0x1c68b80_0 .net "b", 0 0, L_0x1c70c80;  1 drivers
v0x1c68c50_0 .net "cin", 0 0, L_0x1c70020;  alias, 1 drivers
v0x1c68d20_0 .net "cout", 0 0, L_0x1c70aa0;  alias, 1 drivers
v0x1c68dc0_0 .net "cout_tmp1", 0 0, L_0x1c70690;  1 drivers
v0x1c68eb0_0 .net "cout_tmp2", 0 0, L_0x1c70900;  1 drivers
v0x1c68f80_0 .net "s", 0 0, L_0x1c70770;  1 drivers
v0x1c69050_0 .net "s_tmp", 0 0, L_0x1c70560;  1 drivers
S_0x1c67e20 .scope module, "h0" "halfadder" 3 27, 3 10 0, S_0x1c67b90;
 .timescale -9 -12;
    .port_info 0 /INPUT 1 "a";
    .port_info 1 /INPUT 1 "b";
    .port_info 2 /OUTPUT 1 "s";
    .port_info 3 /OUTPUT 1 "cout";
L_0x1c70560 .functor XOR 1, L_0x1c70b50, L_0x1c70c80, C4<0>, C4<0>;
L_0x1c70690 .functor AND 1, L_0x1c70b50, L_0x1c70c80, C4<1>, C4<1>;
v0x1c680c0_0 .net "a", 0 0, L_0x1c70b50;  alias, 1 drivers
v0x1c681a0_0 .net "b", 0 0, L_0x1c70c80;  alias, 1 drivers
v0x1c68260_0 .net "cout", 0 0, L_0x1c70690;  alias, 1 drivers
v0x1c68330_0 .net "s", 0 0, L_0x1c70560;  alias, 1 drivers
S_0x1c684a0 .scope module, "h1" "halfadder" 3 28, 3 10 0, S_0x1c67b90;
 .timescale -9 -12;
    .port_info 0 /INPUT 1 "a";
    .port_info 1 /INPUT 1 "b";
    .port_info 2 /OUTPUT 1 "s";
    .port_info 3 /OUTPUT 1 "cout";
L_0x1c70770 .functor XOR 1, L_0x1c70560, L_0x1c70020, C4<0>, C4<0>;
L_0x1c70900 .functor AND 1, L_0x1c70560, L_0x1c70020, C4<1>, C4<1>;
v0x1c68710_0 .net "a", 0 0, L_0x1c70560;  alias, 1 drivers
v0x1c687e0_0 .net "b", 0 0, L_0x1c70020;  alias, 1 drivers
v0x1c688d0_0 .net "cout", 0 0, L_0x1c70900;  alias, 1 drivers
v0x1c68970_0 .net "s", 0 0, L_0x1c70770;  alias, 1 drivers
S_0x1c69140 .scope module, "a1" "fulladder" 3 41, 3 20 0, S_0x1c67910;
 .timescale -9 -12;
    .port_info 0 /INPUT 1 "cin";
    .port_info 1 /INPUT 1 "a";
    .port_info 2 /INPUT 1 "b";
    .port_info 3 /OUTPUT 1 "s";
    .port_info 4 /OUTPUT 1 "cout";
L_0x1c710f0 .functor OR 1, L_0x1c70e40, L_0x1c71060, C4<0>, C4<0>;
v0x1c6a030_0 .net "a", 0 0, L_0x1c711f0;  1 drivers
v0x1c6a0f0_0 .net "b", 0 0, L_0x1c71320;  1 drivers
v0x1c6a1c0_0 .net "cin", 0 0, L_0x1c70aa0;  alias, 1 drivers
v0x1c6a2e0_0 .net "cout", 0 0, L_0x1c710f0;  alias, 1 drivers
v0x1c6a380_0 .net "cout_tmp1", 0 0, L_0x1c70e40;  1 drivers
v0x1c6a470_0 .net "cout_tmp2", 0 0, L_0x1c71060;  1 drivers
v0x1c6a510_0 .net "s", 0 0, L_0x1c70ed0;  1 drivers
v0x1c6a5e0_0 .net "s_tmp", 0 0, L_0x1c70db0;  1 drivers
S_0x1c693c0 .scope module, "h0" "halfadder" 3 27, 3 10 0, S_0x1c69140;
 .timescale -9 -12;
    .port_info 0 /INPUT 1 "a";
    .port_info 1 /INPUT 1 "b";
    .port_info 2 /OUTPUT 1 "s";
    .port_info 3 /OUTPUT 1 "cout";
L_0x1c70db0 .functor XOR 1, L_0x1c711f0, L_0x1c71320, C4<0>, C4<0>;
L_0x1c70e40 .functor AND 1, L_0x1c711f0, L_0x1c71320, C4<1>, C4<1>;
v0x1c69640_0 .net "a", 0 0, L_0x1c711f0;  alias, 1 drivers
v0x1c69720_0 .net "b", 0 0, L_0x1c71320;  alias, 1 drivers
v0x1c697e0_0 .net "cout", 0 0, L_0x1c70e40;  alias, 1 drivers
v0x1c698b0_0 .net "s", 0 0, L_0x1c70db0;  alias, 1 drivers
S_0x1c69a20 .scope module, "h1" "halfadder" 3 28, 3 10 0, S_0x1c69140;
 .timescale -9 -12;
    .port_info 0 /INPUT 1 "a";
    .port_info 1 /INPUT 1 "b";
    .port_info 2 /OUTPUT 1 "s";
    .port_info 3 /OUTPUT 1 "cout";
L_0x1c70ed0 .functor XOR 1, L_0x1c70db0, L_0x1c70aa0, C4<0>, C4<0>;
L_0x1c71060 .functor AND 1, L_0x1c70db0, L_0x1c70aa0, C4<1>, C4<1>;
v0x1c69c90_0 .net "a", 0 0, L_0x1c70db0;  alias, 1 drivers
v0x1c69d60_0 .net "b", 0 0, L_0x1c70aa0;  alias, 1 drivers
v0x1c69e30_0 .net "cout", 0 0, L_0x1c71060;  alias, 1 drivers
v0x1c69f00_0 .net "s", 0 0, L_0x1c70ed0;  alias, 1 drivers
    .scope S_0x1c357e0;
T_1 ;
    %vpi_call 2 52 "$dumpfile", "rca.vcd" {0 0 0};
    %vpi_call 2 53 "$dumpvars" {0 0 0};
    %pushi/vec4 0, 0, 1;
    %store/vec4 v0x1c6c000_0, 0, 1;
    %pushi/vec4 0, 0, 1;
    %store/vec4 v0x1c6c780_0, 0, 1;
    %pushi/vec4 0, 0, 32;
    %store/vec4 v0x1c6ca30_0, 0, 32;
    %pushi/vec4 0, 0, 32;
    %store/vec4 v0x1c6d1c0_0, 0, 32;
    %delay 100000, 0;
    %pushi/vec4 0, 0, 32;
    %store/vec4 v0x1c6d0e0_0, 0, 32;
T_1.0 ;
    %load/vec4 v0x1c6d0e0_0;
    %cmpi/s 3, 0, 32;
    %flag_or 5, 4;
    %jmp/0xz T_1.1, 5;
    %load/vec4 v0x1c6d0e0_0;
    %parti/s 1, 0, 2;
    %store/vec4 v0x1c6c000_0, 0, 1;
    %load/vec4 v0x1c6d0e0_0;
    %parti/s 1, 1, 2;
    %store/vec4 v0x1c6c780_0, 0, 1;
    %delay 6000, 0;
    %load/vec4 v0x1c6d1c0_0;
    %addi 2, 0, 32;
    %store/vec4 v0x1c6d1c0_0, 0, 32;
    %load/vec4 v0x1c6d0e0_0;
    %dup/vec4;
    %pushi/vec4 0, 0, 32;
    %cmp/u;
    %jmp/1 T_1.2, 6;
    %dup/vec4;
    %pushi/vec4 3, 0, 32;
    %cmp/u;
    %jmp/1 T_1.3, 6;
    %dup/vec4;
    %pushi/vec4 1, 0, 32;
    %cmp/u;
    %jmp/1 T_1.4, 6;
    %dup/vec4;
    %pushi/vec4 2, 0, 32;
    %cmp/u;
    %jmp/1 T_1.5, 6;
    %jmp T_1.6;
T_1.2 ;
    %load/vec4 v0x1c6c5e0_0;
    %pad/u 32;
    %cmpi/ne 0, 0, 32;
    %jmp/0xz  T_1.7, 6;
    %load/vec4 v0x1c6ca30_0;
    %cmpi/s 15, 0, 32;
    %jmp/0xz  T_1.9, 5;
    %vpi_call 2 78 "$display", "[halfadder] ERROR: %b + %b should produce sum=0 but was %b instead", v0x1c6c000_0, v0x1c6c780_0, v0x1c6c5e0_0 {0 0 0};
T_1.9 ;
    %load/vec4 v0x1c6ca30_0;
    %addi 1, 0, 32;
    %store/vec4 v0x1c6ca30_0, 0, 32;
T_1.7 ;
    %jmp T_1.6;
T_1.3 ;
    %load/vec4 v0x1c6c5e0_0;
    %pad/u 32;
    %cmpi/ne 0, 0, 32;
    %jmp/0xz  T_1.11, 6;
    %load/vec4 v0x1c6ca30_0;
    %cmpi/s 15, 0, 32;
    %jmp/0xz  T_1.13, 5;
    %vpi_call 2 78 "$display", "[halfadder] ERROR: %b + %b should produce sum=0 but was %b instead", v0x1c6c000_0, v0x1c6c780_0, v0x1c6c5e0_0 {0 0 0};
T_1.13 ;
    %load/vec4 v0x1c6ca30_0;
    %addi 1, 0, 32;
    %store/vec4 v0x1c6ca30_0, 0, 32;
T_1.11 ;
    %jmp T_1.6;
T_1.4 ;
    %load/vec4 v0x1c6c5e0_0;
    %pad/u 32;
    %cmpi/ne 1, 0, 32;
    %jmp/0xz  T_1.15, 6;
    %load/vec4 v0x1c6ca30_0;
    %cmpi/s 15, 0, 32;
    %jmp/0xz  T_1.17, 5;
    %vpi_call 2 85 "$display", "[halfadder] ERROR: %b + %b should produce sum=1 but was %b instead", v0x1c6c000_0, v0x1c6c780_0, v0x1c6c5e0_0 {0 0 0};
T_1.17 ;
    %load/vec4 v0x1c6ca30_0;
    %addi 1, 0, 32;
    %store/vec4 v0x1c6ca30_0, 0, 32;
T_1.15 ;
    %jmp T_1.6;
T_1.5 ;
    %load/vec4 v0x1c6c5e0_0;
    %pad/u 32;
    %cmpi/ne 1, 0, 32;
    %jmp/0xz  T_1.19, 6;
    %load/vec4 v0x1c6ca30_0;
    %cmpi/s 15, 0, 32;
    %jmp/0xz  T_1.21, 5;
    %vpi_call 2 85 "$display", "[halfadder] ERROR: %b + %b should produce sum=1 but was %b instead", v0x1c6c000_0, v0x1c6c780_0, v0x1c6c5e0_0 {0 0 0};
T_1.21 ;
    %load/vec4 v0x1c6ca30_0;
    %addi 1, 0, 32;
    %store/vec4 v0x1c6ca30_0, 0, 32;
T_1.19 ;
    %jmp T_1.6;
T_1.6 ;
    %pop/vec4 1;
    %load/vec4 v0x1c6d0e0_0;
    %cmpi/s 3, 0, 32;
    %flag_get/vec4 5;
    %pushi/vec4 0, 0, 32;
    %load/vec4 v0x1c6c540_0;
    %pad/u 32;
    %cmp/ne;
    %flag_get/vec4 6;
    %and;
    %flag_set/vec4 8;
    %jmp/0xz  T_1.23, 8;
    %load/vec4 v0x1c6ca30_0;
    %cmpi/s 15, 0, 32;
    %jmp/0xz  T_1.25, 5;
    %vpi_call 2 94 "$display", "[halfadder] ERROR: %b + %b should produce cout=0 but was %b instead", v0x1c6c000_0, v0x1c6c780_0, v0x1c6c540_0 {0 0 0};
T_1.25 ;
    %load/vec4 v0x1c6ca30_0;
    %addi 1, 0, 32;
    %store/vec4 v0x1c6ca30_0, 0, 32;
T_1.23 ;
    %load/vec4 v0x1c6d0e0_0;
    %pushi/vec4 3, 0, 32;
    %cmp/e;
    %flag_get/vec4 4;
    %pushi/vec4 1, 0, 32;
    %load/vec4 v0x1c6c540_0;
    %pad/u 32;
    %cmp/ne;
    %flag_get/vec4 6;
    %and;
    %flag_set/vec4 8;
    %jmp/0xz  T_1.27, 8;
    %load/vec4 v0x1c6ca30_0;
    %cmpi/s 15, 0, 32;
    %jmp/0xz  T_1.29, 5;
    %vpi_call 2 100 "$display", "[halfadder] ERROR: %b + %b should produce cout=1 but was %b instead", v0x1c6c000_0, v0x1c6c780_0, v0x1c6c540_0 {0 0 0};
T_1.29 ;
    %load/vec4 v0x1c6ca30_0;
    %addi 1, 0, 32;
    %store/vec4 v0x1c6ca30_0, 0, 32;
T_1.27 ;
    %load/vec4 v0x1c6d0e0_0;
    %addi 1, 0, 32;
    %store/vec4 v0x1c6d0e0_0, 0, 32;
    %jmp T_1.0;
T_1.1 ;
    %pushi/vec4 0, 0, 32;
    %store/vec4 v0x1c6d0e0_0, 0, 32;
T_1.31 ;
    %load/vec4 v0x1c6d0e0_0;
    %cmpi/s 7, 0, 32;
    %flag_or 5, 4;
    %jmp/0xz T_1.32, 5;
    %load/vec4 v0x1c6d0e0_0;
    %parti/s 1, 0, 2;
    %store/vec4 v0x1c6c000_0, 0, 1;
    %load/vec4 v0x1c6d0e0_0;
    %parti/s 1, 1, 2;
    %store/vec4 v0x1c6c780_0, 0, 1;
    %load/vec4 v0x1c6d0e0_0;
    %parti/s 1, 2, 3;
    %store/vec4 v0x1c6c990_0, 0, 1;
    %delay 6000, 0;
    %load/vec4 v0x1c6d1c0_0;
    %addi 2, 0, 32;
    %store/vec4 v0x1c6d1c0_0, 0, 32;
    %load/vec4 v0x1c6ce80_0;
    %load/vec4 v0x1c6c380_0;
    %cmp/ne;
    %jmp/0xz  T_1.33, 6;
    %load/vec4 v0x1c6ca30_0;
    %cmpi/s 15, 0, 32;
    %jmp/0xz  T_1.35, 5;
    %vpi_call 2 120 "$display", "[fulladder] ERROR: %b + %b should produce cout=%b but was %b instead", v0x1c6c000_0, v0x1c6c780_0, v0x1c6ce80_0, v0x1c6c380_0 {0 0 0};
T_1.35 ;
    %load/vec4 v0x1c6ca30_0;
    %addi 1, 0, 32;
    %store/vec4 v0x1c6ca30_0, 0, 32;
T_1.33 ;
    %load/vec4 v0x1c6cf40_0;
    %load/vec4 v0x1c6c450_0;
    %cmp/ne;
    %jmp/0xz  T_1.37, 6;
    %load/vec4 v0x1c6ca30_0;
    %cmpi/s 15, 0, 32;
    %jmp/0xz  T_1.39, 5;
    %vpi_call 2 126 "$display", "[fulladder] ERROR: %b + %b should produce sum=%b but was %b instead", v0x1c6c000_0, v0x1c6c780_0, v0x1c6cf40_0, v0x1c6c450_0 {0 0 0};
T_1.39 ;
    %load/vec4 v0x1c6ca30_0;
    %addi 1, 0, 32;
    %store/vec4 v0x1c6ca30_0, 0, 32;
T_1.37 ;
    %load/vec4 v0x1c6d0e0_0;
    %addi 1, 0, 32;
    %store/vec4 v0x1c6d0e0_0, 0, 32;
    %jmp T_1.31;
T_1.32 ;
    %pushi/vec4 0, 0, 32;
    %store/vec4 v0x1c6d0e0_0, 0, 32;
T_1.41 ;
    %load/vec4 v0x1c6d0e0_0;
    %cmpi/s 31, 0, 32;
    %flag_or 5, 4;
    %jmp/0xz T_1.42, 5;
    %load/vec4 v0x1c6d0e0_0;
    %parti/s 2, 0, 2;
    %store/vec4 v0x1c6c0a0_0, 0, 2;
    %load/vec4 v0x1c6d0e0_0;
    %parti/s 2, 2, 3;
    %store/vec4 v0x1c6c820_0, 0, 2;
    %load/vec4 v0x1c6d0e0_0;
    %parti/s 1, 4, 4;
    %store/vec4 v0x1c6c990_0, 0, 1;
    %delay 6000, 0;
    %load/vec4 v0x1c6d1c0_0;
    %addi 2, 0, 32;
    %store/vec4 v0x1c6d1c0_0, 0, 32;
    %load/vec4 v0x1c6cad0_0;
    %load/vec4 v0x1c6c220_0;
    %cmp/ne;
    %jmp/0xz  T_1.43, 6;
    %load/vec4 v0x1c6ca30_0;
    %cmpi/s 15, 0, 32;
    %jmp/0xz  T_1.45, 5;
    %vpi_call 2 145 "$display", "[fulladder2] ERROR: %b + %b should produce cout=%b but was %b instead", v0x1c6c0a0_0, v0x1c6c820_0, v0x1c6cad0_0, v0x1c6c220_0 {0 0 0};
T_1.45 ;
    %load/vec4 v0x1c6ca30_0;
    %addi 1, 0, 32;
    %store/vec4 v0x1c6ca30_0, 0, 32;
T_1.43 ;
    %load/vec4 v0x1c6cda0_0;
    %load/vec4 v0x1c6c2c0_0;
    %cmp/ne;
    %jmp/0xz  T_1.47, 6;
    %load/vec4 v0x1c6ca30_0;
    %cmpi/s 15, 0, 32;
    %jmp/0xz  T_1.49, 5;
    %vpi_call 2 151 "$display", "[fulladder2] ERROR: %b + %b should produce sum=%b but was %b instead", v0x1c6c0a0_0, v0x1c6c820_0, v0x1c6cda0_0, v0x1c6c2c0_0 {0 0 0};
T_1.49 ;
    %load/vec4 v0x1c6ca30_0;
    %addi 1, 0, 32;
    %store/vec4 v0x1c6ca30_0, 0, 32;
T_1.47 ;
    %load/vec4 v0x1c6d0e0_0;
    %addi 1, 0, 32;
    %store/vec4 v0x1c6d0e0_0, 0, 32;
    %jmp T_1.41;
T_1.42 ;
    %pushi/vec4 0, 0, 32;
    %store/vec4 v0x1c6d0e0_0, 0, 32;
T_1.51 ;
    %load/vec4 v0x1c6d0e0_0;
    %cmpi/s 255, 0, 32;
    %flag_or 5, 4;
    %jmp/0xz T_1.52, 5;
    %load/vec4 v0x1c6d0e0_0;
    %parti/s 4, 0, 2;
    %store/vec4 v0x1c6c160_0, 0, 4;
    %load/vec4 v0x1c6d0e0_0;
    %parti/s 4, 4, 4;
    %store/vec4 v0x1c6c8f0_0, 0, 4;
    %delay 6000, 0;
    %load/vec4 v0x1c6d1c0_0;
    %addi 1, 0, 32;
    %store/vec4 v0x1c6d1c0_0, 0, 32;
    %load/vec4 v0x1c6d000_0;
    %pad/u 8;
    %load/vec4 v0x1c6c6b0_0;
    %cmp/ne;
    %jmp/0xz  T_1.53, 6;
    %load/vec4 v0x1c6ca30_0;
    %cmpi/s 15, 0, 32;
    %jmp/0xz  T_1.55, 5;
    %vpi_call 2 170 "$display", "[rca4] ERROR: %b + %b should produce sum=%b but was %b instead", v0x1c6c160_0, v0x1c6c8f0_0, v0x1c6d000_0, v0x1c6c6b0_0 {0 0 0};
T_1.55 ;
    %load/vec4 v0x1c6ca30_0;
    %addi 1, 0, 32;
    %store/vec4 v0x1c6ca30_0, 0, 32;
T_1.53 ;
    %load/vec4 v0x1c6d0e0_0;
    %addi 1, 0, 32;
    %store/vec4 v0x1c6d0e0_0, 0, 32;
    %jmp T_1.51;
T_1.52 ;
    %load/vec4 v0x1c6ca30_0;
    %cmpi/s 15, 0, 32;
    %flag_or 5, 4; GT is !LE
    %flag_inv 5;
    %jmp/0xz  T_1.57, 5;
    %load/vec4 v0x1c6ca30_0;
    %subi 15, 0, 32;
    %vpi_call 2 177 "$display", "Additional %d errors NOT printed.", S<0,vec4,s32> {1 0 0};
T_1.57 ;
    %vpi_call 2 179 "$display", "Simulation finished: %d test cases %d errors", v0x1c6d1c0_0, v0x1c6ca30_0 {0 0 0};
    %load/vec4 v0x1c6d1c0_0;
    %store/vec4 v0x1c64280_0, 0, 32;
    %load/vec4 v0x1c6d1c0_0;
    %load/vec4 v0x1c6ca30_0;
    %sub;
    %store/vec4 v0x1c64180_0, 0, 32;
    %fork TD_test_adders.printPoints, S_0x1c63fa0;
    %join;
    %vpi_call 2 181 "$finish" {0 0 0};
    %end;
    .thread T_1;
# The file index is used to find the file name in the following table.
:file_names 5;
    "N/A";
    "<interactive>";
    "rca_testbench.v";
    "rca.v";
    "./print_points.v";
